[15:04:13] [main/INFO]: Loading Minecraft 1.21.1 with Fabric Loader 0.16.10
[15:04:13] [ForkJoinPool-1-worker-5/WARN]: Mod spellbound_weapons_mr uses the version 4.1.0c which isn't compatible with Loader's extended semantic version format (Could not parse version number component '0c'!), SemVer is recommended for reliably evaluating dependencies and prioritizing newer version
[15:04:13] [main/WARN]: Warnings were found!
 - Mod 'Dynamic Lights' (dynamiclights) 1.8.5+mod recommends any version of modmenu, which is missing!
	 - You should install any version of modmenu for the optimal experience.
 - Mod 'Dynamic Lights' (dynamiclights) 1.8.5+mod recommends any version of modmenu-badges-lib, which is missing!
	 - You should install any version of modmenu-badges-lib for the optimal experience.
 - Mod 'Dynamic Lights' (dynamiclights) 1.8.5+mod recommends any version of midnightlib, which is missing!
	 - You should install any version of midnightlib for the optimal experience.
 - Mod 'Forge Config API Port' (forgeconfigapiport) 21.1.3 recommends any version of modmenu, which is missing!
	 - You should install any version of modmenu for the optimal experience.
[15:04:13] [main/INFO]: Loading 88 mods:
	- architectury 13.0.8
	- bettercombat 2.1.3+1.21.1
	- carryon 2.2.2
	- cloth-config 15.0.140
	   \-- cloth-basic-math 0.6.1
	- clumps 19.0.0.1
	- collective 7.93
	- coroutil 1.21.1-1.3.8
	- craftabletotemofundying 1.21.1-1.6.8
	- dynamiclights 1.8.5+mod
	- entity_model_features 2.4.1
	- entity_texture_features 6.2.9
	   \-- org_apache_httpcomponents_httpmime 4.5.10
	- fabric-api 0.115.1+1.21.1
	   |-- fabric-api-base 0.4.42+6573ed8c19
	   |-- fabric-api-lookup-api-v1 1.6.70+b559734419
	   |-- fabric-biome-api-v1 13.0.31+d527f9fd19
	   |-- fabric-block-api-v1 1.0.22+0af3f5a719
	   |-- fabric-block-view-api-v2 1.0.10+6573ed8c19
	   |-- fabric-blockrenderlayer-v1 1.1.52+0af3f5a719
	   |-- fabric-client-tags-api-v1 1.1.15+6573ed8c19
	   |-- fabric-command-api-v1 1.2.49+f71b366f19
	   |-- fabric-command-api-v2 2.2.28+6ced4dd919
	   |-- fabric-commands-v0 0.2.66+df3654b319
	   |-- fabric-content-registries-v0 8.0.18+b559734419
	   |-- fabric-convention-tags-v1 2.1.3+7f945d5b19
	   |-- fabric-convention-tags-v2 2.10.0+9465b64419
	   |-- fabric-crash-report-info-v1 0.2.29+0af3f5a719
	   |-- fabric-data-attachment-api-v1 1.4.1+9ed317f519
	   |-- fabric-data-generation-api-v1 20.2.26+16c4ae2519
	   |-- fabric-dimensions-v1 4.0.0+6fc22b9919
	   |-- fabric-entity-events-v1 1.7.0+2122d82819
	   |-- fabric-events-interaction-v0 0.7.13+ba9dae0619
	   |-- fabric-game-rule-api-v1 1.0.53+6ced4dd919
	   |-- fabric-item-api-v1 11.1.1+d5debaed19
	   |-- fabric-item-group-api-v1 4.1.6+6823f7cd19
	   |-- fabric-key-binding-api-v1 1.0.47+0af3f5a719
	   |-- fabric-keybindings-v0 0.2.45+df3654b319
	   |-- fabric-lifecycle-events-v1 2.5.0+01d9a51c19
	   |-- fabric-loot-api-v2 3.0.15+3f89f5a519
	   |-- fabric-loot-api-v3 1.0.3+3f89f5a519
	   |-- fabric-message-api-v1 6.0.13+6573ed8c19
	   |-- fabric-model-loading-api-v1 2.0.0+fe474d6b19
	   |-- fabric-networking-api-v1 4.3.0+c7469b2119
	   |-- fabric-object-builder-api-v1 15.2.1+40875a9319
	   |-- fabric-particles-v1 4.0.2+6573ed8c19
	   |-- fabric-recipe-api-v1 5.0.14+248df81c19
	   |-- fabric-registry-sync-v0 5.2.0+34f5d91419
	   |-- fabric-renderer-api-v1 3.4.0+c705a49c19
	   |-- fabric-renderer-indigo 1.7.0+c705a49c19
	   |-- fabric-renderer-registries-v1 3.2.68+df3654b319
	   |-- fabric-rendering-data-attachment-v1 0.3.48+73761d2e19
	   |-- fabric-rendering-fluids-v1 3.1.6+1daea21519
	   |-- fabric-rendering-v0 1.1.71+df3654b319
	   |-- fabric-rendering-v1 5.0.5+df16efd019
	   |-- fabric-resource-conditions-api-v1 4.3.0+8dc279b119
	   |-- fabric-resource-loader-v0 1.3.1+5b5275af19
	   |-- fabric-screen-api-v1 2.0.25+8b68f1c719
	   |-- fabric-screen-handler-api-v1 1.3.88+b559734419
	   |-- fabric-sound-api-v1 1.0.23+6573ed8c19
	   |-- fabric-transfer-api-v1 5.4.2+c24bd99419
	   \-- fabric-transitive-access-wideners-v1 6.2.0+45b9699719
	- fabricloader 0.16.10
	   \-- mixinextras 0.4.1
	- fallingtree 1.21.1.6
	- firstperson 2.4.8
	- forgeconfigapiport 21.1.3
	   |-- com_electronwill_night-config_core 3.8.0
	   \-- com_electronwill_night-config_toml 3.8.0
	- immersive_aircraft 1.1.6+1.21.1
	   \-- org_mariuszgromada_math_mathparser_org-mxparser 5.2.1
	- java 21
	- jei 19.21.0.247
	- journeymap 1.21.1-6.0.0-beta.39
	   |-- ar_com_hjg_pngj 2.1.0
	   |-- commonnetworking 1.0.18-1.21.1
	   \-- journeymap-api-fabric 2.0.0-1.21.1-SNAPSHOT
	- jrftl 1.8.0
	- magistuarmory 9.22
	- mcwdoors 1.1.2
	- minecraft 1.21.1
	- no-xp-anvils 1.1.0-fabric-1.21
	- oreharvester 1.5
	- playeranimator 2.0.1+1.21.1
	- shouldersurfing 4.10.2
	- sodium 0.6.9+mc1.21.1
	- spellbound_weapons_mr 4.1.0c
	- zombieawareness 1.21.0-1.13.2
[15:04:13] [main/INFO]: SpongePowered MIXIN Subsystem Version=0.8.7 Source=file:/C:/Users/Admin/AppData/Roaming/.minecraft/libraries/net/fabricmc/sponge-mixin/0.15.4+mixin.0.8.7/sponge-mixin-0.15.4+mixin.0.8.7.jar Service=Knot/Fabric Env=CLIENT
[15:04:13] [main/INFO]: Compatibility level set to JAVA_16
[15:04:13] [main/INFO]: Compatibility level set to JAVA_17
[15:04:13] [main/INFO]: Compatibility level set to JAVA_21
[15:04:13] [main/WARN]: Reference map 'coroutil.refmap.json' for coroutil_fabric.mixins.json could not be read. If this is a development environment you can ignore this message
[15:04:13] [main/WARN]: Reference map 'forgeconfigapiport.common.refmap.json' for forgeconfigapiport.common.mixins.json could not be read. If this is a development environment you can ignore this message
[15:04:13] [main/WARN]: Reference map 'journeymap-refmap.json' for journeymap.mixins.json could not be read. If this is a development environment you can ignore this message
[15:04:13] [main/WARN]: Reference map 'journeymap-refmap.json' for journeymap.fabric.mixins.json could not be read. If this is a development environment you can ignore this message
[15:04:14] [main/INFO]: Loaded configuration file for Sodium: 43 options available, 0 override(s) found
[15:04:14] [main/WARN]: Error loading class: net/raphimc/immediatelyfast/feature/core/BatchableBufferSource (java.lang.ClassNotFoundException: net/raphimc/immediatelyfast/feature/core/BatchableBufferSource)
[15:04:14] [main/WARN]: Error loading class: net/irisshaders/batchedentityrendering/impl/FullyBufferedMultiBufferSource (java.lang.ClassNotFoundException: net/irisshaders/batchedentityrendering/impl/FullyBufferedMultiBufferSource)
[15:04:14] [main/WARN]: Error loading class: net/irisshaders/iris/layer/InnerWrappedRenderType (java.lang.ClassNotFoundException: net/irisshaders/iris/layer/InnerWrappedRenderType)
[15:04:14] [main/WARN]: Error loading class: net/irisshaders/iris/layer/OuterWrappedRenderType (java.lang.ClassNotFoundException: net/irisshaders/iris/layer/OuterWrappedRenderType)
[15:04:14] [main/WARN]: Error loading class: dev/tr7zw/skinlayers/render/CustomizableModelPart (java.lang.ClassNotFoundException: dev/tr7zw/skinlayers/render/CustomizableModelPart)
[15:04:14] [main/WARN]: Error loading class: me/jellysquid/mods/sodium/client/render/immediate/model/EntityRenderer (java.lang.ClassNotFoundException: me/jellysquid/mods/sodium/client/render/immediate/model/EntityRenderer)
[15:04:14] [main/WARN]: Error loading class: com/mrcrayfish/guns/client/handler/RecoilHandler (java.lang.ClassNotFoundException: com/mrcrayfish/guns/client/handler/RecoilHandler)
[15:04:14] [main/WARN]: Error loading class: com/cobblemon/mod/common/util/PlayerExtensionsKt (java.lang.ClassNotFoundException: com/cobblemon/mod/common/util/PlayerExtensionsKt)
[15:04:14] [main/WARN]: Error loading class: com/cobblemon/mod/common/client/render/pokemon/PokemonRenderer (java.lang.ClassNotFoundException: com/cobblemon/mod/common/client/render/pokemon/PokemonRenderer)
[15:04:14] [main/WARN]: Error loading class: yesman/epicfight/client/events/engine/RenderEngine (java.lang.ClassNotFoundException: yesman/epicfight/client/events/engine/RenderEngine)
[15:04:14] [main/WARN]: Error loading class: dev/tr7zw/skinlayers/render/CustomizableModelPart (java.lang.ClassNotFoundException: dev/tr7zw/skinlayers/render/CustomizableModelPart)
[15:04:14] [main/WARN]: Error loading class: mcjty/theoneprobe/rendering/OverlayRenderer (java.lang.ClassNotFoundException: mcjty/theoneprobe/rendering/OverlayRenderer)
[15:04:14] [main/WARN]: Error loading class: net/tslat/tes/core/hud/TESHud (java.lang.ClassNotFoundException: net/tslat/tes/core/hud/TESHud)
[15:04:14] [main/INFO]: Searching for graphics cards...
[15:04:14] [main/INFO]: Found graphics adapter: AdapterInfo{vendor=NVIDIA, description='NVIDIA GeForce GT 730', adapterType=0x0000030B, openglIcdFilePath='C:\Windows\System32\DriverStore\FileRepository\nv_dispi.inf_amd64_a6c37e2046e140e7\nvoglv64.dll', openglIcdVersion=30.0.14.7514}
[15:04:14] [main/WARN]: Sodium has applied one or more workarounds to prevent crashes or other issues on your system: [NVIDIA_THREADED_OPTIMIZATIONS_BROKEN]
[15:04:14] [main/WARN]: This is not necessarily an issue, but it may result in certain features or optimizations being disabled. You can sometimes fix these issues by upgrading your graphics driver.
[15:04:15] [main/INFO]: Initializing MixinExtras via com.llamalad7.mixinextras.service.MixinExtrasServiceImpl(version=0.4.1).
[15:04:16] [Datafixer Bootstrap/INFO]: 226 Datafixer optimizations took 426 milliseconds
[15:04:17] [main/WARN]: Method overwrite conflict for getInventory in bettercombat.mixins.json:player.PlayerEntityAccessor from mod bettercombat, previously written by dev.tr7zw.firstperson.mixins.PlayerMixin. Skipping method.
[15:04:21] [Render thread/INFO]: Environment: Environment[sessionHost=https://sessionserver.mojang.com, servicesHost=https://api.minecraftservices.com, name=PROD]
[15:04:21] [Render thread/INFO]: Setting user: HieuBeta
[15:04:21] [Render thread/INFO]: Loading Collective version 7.93.
[15:04:21] [Render thread/INFO]: fabric loader environment detected
[15:04:21] [Render thread/INFO]: [Dynamic Lights] Loaded Dynamic Lights by Tschipcraft successfully!
[15:04:22] [Render thread/ERROR]: No data fixer registered for immersive_aircraft:gyrodyne
[15:04:22] [Render thread/ERROR]: No data fixer registered for immersive_aircraft:biplane
[15:04:22] [Render thread/ERROR]: No data fixer registered for immersive_aircraft:airship
[15:04:22] [Render thread/ERROR]: No data fixer registered for immersive_aircraft:cargo_airship
[15:04:22] [Render thread/ERROR]: No data fixer registered for immersive_aircraft:warship
[15:04:22] [Render thread/ERROR]: No data fixer registered for immersive_aircraft:quadrocopter
[15:04:22] [Render thread/ERROR]: No data fixer registered for immersive_aircraft:bullet
[15:04:22] [Render thread/ERROR]: No data fixer registered for immersive_aircraft:tiny_tnt
[15:04:22] [Render thread/INFO]: Initializing ServerSide Packet Registries
[15:04:22] [Render thread/INFO]: Registering C2S receiver with id magistuarmory:packet_lance_collision
[15:04:22] [Render thread/INFO]: Starting No XP Anvils!
[15:04:22] [Render thread/ERROR]: No data fixer registered for zombieawareness:scent
[15:04:22] [Render thread/INFO]: Registering S2C receiver with id architectury:spawn_entity_packet
[15:04:22] [Render thread/INFO]: Loading Entity Model Features, we get there when we get there.
[15:04:23] [Render thread/INFO]: [ETF]: 6 new ETF Random Properties registered by entity_model_features.
[15:04:23] [Render thread/INFO]: Loading Entity Texture Features, also known as ETF!
[15:04:23] [Render thread/INFO]: [Indigo] Different rendering plugin detected; not applying Indigo.
[15:04:23] [Render thread/INFO]: Loading FirstPerson Mod
[15:04:23] [Render thread/INFO]: Sending ConfigManager...
[15:04:23] [Render thread/INFO]: Sending ConfigManager took 1.181 ms
[15:04:23] [Render thread/INFO]: Loaded null for service interface journeymap.api.services.WebMapService
[15:04:23] [Render thread/INFO]: Loaded journeymap.common.helpers.FabricClientHooks@3533ed89 for service interface journeymap.api.services.ClientPlatformService
[15:04:23] [Render thread/INFO]: Loaded journeymap.common.helpers.FabricHooks@5dca93b9 for service interface journeymap.api.services.CommonPlatformService
[15:04:23] [Render thread/INFO]: Registering plugin for Shoulder Surfing Reloaded (shouldersurfing)
[15:04:23] [Render thread/INFO]: Backend library: LWJGL version 3.3.3-snapshot
[15:04:23] [Render thread/INFO]: Modifying process environment to apply workarounds for the NVIDIA graphics driver...
[15:04:24] [Render thread/INFO]: OpenGL Vendor: NVIDIA Corporation
[15:04:24] [Render thread/INFO]: OpenGL Renderer: NVIDIA GeForce GT 730/PCIe/SSE2
[15:04:24] [Render thread/INFO]: OpenGL Version: 3.2.0 NVIDIA 475.14
[15:04:24] [Render thread/INFO]: Modifying OpenGL context to apply workarounds for the NVIDIA graphics driver...
[15:04:24] [Render thread/INFO]: Enabling GL_DEBUG_OUTPUT_SYNCHRONOUS to force the NVIDIA driver to disable threadedcommand submission
[15:04:24] [Render thread/INFO]: Reloading ResourceManager: vanilla, fabric, bettercombat, carryon, cloth-config, dynamiclights, entity_model_features, entity_texture_features, fabric-api, fabric-api-base, fabric-api-lookup-api-v1, fabric-biome-api-v1, fabric-block-api-v1, fabric-block-view-api-v2, fabric-blockrenderlayer-v1, fabric-client-tags-api-v1, fabric-command-api-v1, fabric-command-api-v2, fabric-commands-v0, fabric-content-registries-v0, fabric-convention-tags-v1, fabric-convention-tags-v2, fabric-crash-report-info-v1, fabric-data-attachment-api-v1, fabric-data-generation-api-v1, fabric-dimensions-v1, fabric-entity-events-v1, fabric-events-interaction-v0, fabric-game-rule-api-v1, fabric-item-api-v1, fabric-item-group-api-v1, fabric-key-binding-api-v1, fabric-keybindings-v0, fabric-lifecycle-events-v1, fabric-loot-api-v2, fabric-loot-api-v3, fabric-message-api-v1, fabric-model-loading-api-v1, fabric-networking-api-v1, fabric-object-builder-api-v1, fabric-particles-v1, fabric-recipe-api-v1, fabric-registry-sync-v0, fabric-renderer-api-v1, fabric-renderer-indigo, fabric-renderer-registries-v1, fabric-rendering-data-attachment-v1, fabric-rendering-fluids-v1, fabric-rendering-v0, fabric-rendering-v1, fabric-resource-conditions-api-v1, fabric-resource-loader-v0, fabric-screen-api-v1, fabric-screen-handler-api-v1, fabric-sound-api-v1, fabric-transfer-api-v1, fabric-transitive-access-wideners-v1, fabricloader, fallingtree, firstperson, forgeconfigapiport, immersive_aircraft, jei, journeymap, jrftl, magistuarmory, mcwdoors, no-xp-anvils, playeranimator, shouldersurfing, sodium, spellbound_weapons_mr, zombieawareness
[15:04:24] [Worker-Main-5/INFO]: Found unifont_all_no_pua-15.1.05.hex, loading
[15:04:25] [Render thread/INFO]: Found @JourneyMapPlugin: journeymap.api.plugins.LoadedChunkOverlayPlugin
[15:04:25] [Worker-Main-8/WARN]: Missing sprite: watut:textures/particles/inventory_0.png
[15:04:25] [Worker-Main-8/WARN]: Missing sprite: watut:textures/particles/inventory_1.png
[15:04:25] [Worker-Main-8/WARN]: Missing sprite: watut:textures/particles/inventory_2.png
[15:04:25] [Worker-Main-8/WARN]: Missing sprite: watut:textures/particles/chest_0.png
[15:04:25] [Worker-Main-8/WARN]: Missing sprite: watut:textures/particles/chest_1.png
[15:04:25] [Worker-Main-8/WARN]: Missing sprite: watut:textures/particles/chest_2.png
[15:04:25] [Worker-Main-8/WARN]: Missing sprite: watut:textures/particles/crafting_0.png
[15:04:25] [Worker-Main-8/WARN]: Missing sprite: watut:textures/particles/crafting_1.png
[15:04:25] [Worker-Main-8/WARN]: Missing sprite: watut:textures/particles/crafting_2.png
[15:04:25] [Worker-Main-8/WARN]: Missing sprite: watut:textures/particles/escape_menu_0.png
[15:04:25] [Worker-Main-8/WARN]: Missing sprite: watut:textures/particles/escape_menu_1.png
[15:04:25] [Worker-Main-8/WARN]: Missing sprite: watut:textures/particles/escape_menu_2.png
[15:04:25] [Worker-Main-8/WARN]: Missing sprite: watut:textures/particles/chat_idle_0.png
[15:04:25] [Worker-Main-8/WARN]: Missing sprite: watut:textures/particles/chat_idle_1.png
[15:04:25] [Worker-Main-8/WARN]: Missing sprite: watut:textures/particles/chat_typing_0.png
[15:04:25] [Worker-Main-8/WARN]: Missing sprite: watut:textures/particles/chat_typing_1.png
[15:04:25] [Worker-Main-8/WARN]: Missing sprite: watut:textures/particles/chat_typing_2.png
[15:04:25] [Worker-Main-8/WARN]: Missing sprite: watut:textures/particles/chat_typing_3.png
[15:04:25] [Worker-Main-8/WARN]: Missing sprite: watut:textures/particles/chat_typing_4.png
[15:04:25] [Worker-Main-8/WARN]: Missing sprite: watut:textures/particles/chat_typing_5.png
[15:04:25] [Worker-Main-8/WARN]: Missing sprite: watut:textures/particles/idle.png
[15:04:25] [Worker-Main-8/WARN]: Missing sprite: watut:textures/particles/sign.png
[15:04:25] [Worker-Main-8/WARN]: Missing sprite: watut:textures/particles/book.png
[15:04:25] [Worker-Main-8/WARN]: Missing sprite: watut:textures/particles/enchanting_table.png
[15:04:25] [Worker-Main-8/WARN]: Missing sprite: watut:textures/particles/anvil.png
[15:04:25] [Worker-Main-8/WARN]: Missing sprite: watut:textures/particles/beacon.png
[15:04:25] [Worker-Main-8/WARN]: Missing sprite: watut:textures/particles/brewing_stand.png
[15:04:25] [Worker-Main-8/WARN]: Missing sprite: watut:textures/particles/dispenser.png
[15:04:25] [Worker-Main-8/WARN]: Missing sprite: watut:textures/particles/furnace.png
[15:04:25] [Worker-Main-8/WARN]: Missing sprite: watut:textures/particles/grindstone.png
[15:04:25] [Worker-Main-8/WARN]: Missing sprite: watut:textures/particles/hopper.png
[15:04:25] [Worker-Main-8/WARN]: Missing sprite: watut:textures/particles/horse.png
[15:04:25] [Worker-Main-8/WARN]: Missing sprite: watut:textures/particles/loom.png
[15:04:25] [Worker-Main-8/WARN]: Missing sprite: watut:textures/particles/villager.png
[15:04:25] [Worker-Main-8/WARN]: Missing sprite: watut:textures/particles/command_block.png
[15:04:25] [Worker-Main-4/WARN]: Missing sprite: antiquelegacy:textures/entity/bronze_republic_scutum_pattern.png
[15:04:25] [Worker-Main-4/WARN]: Missing sprite: antiquelegacy:textures/entity/bronze_republic_scutum_nopattern.png
[15:04:25] [Worker-Main-10/WARN]: Invalid frame index on sprite 1_splatus:item/endlight_resting frame 21: 7
[15:04:25] [Worker-Main-10/WARN]: Invalid frame index on sprite 1_splatus:item/endlight_resting frame 22: 8
[15:04:25] [Worker-Main-10/WARN]: Invalid frame index on sprite 1_splatus:item/endlight_resting frame 23: 9
[15:04:25] [Worker-Main-10/WARN]: Invalid frame index on sprite 1_splatus:item/endlight_resting frame 24: 10
[15:04:25] [Worker-Main-10/WARN]: Invalid frame index on sprite 1_splatus:item/endlight_resting frame 25: 11
[15:04:25] [Worker-Main-10/WARN]: Invalid frame index on sprite 1_splatus:item/endlight_resting frame 26: 12
[15:04:25] [Worker-Main-10/WARN]: Invalid frame index on sprite 1_splatus:item/endlight_resting frame 27: 13
[15:04:25] [Worker-Main-10/WARN]: Invalid frame index on sprite 1_splatus:item/endlight_resting frame 28: 14
[15:04:25] [Worker-Main-10/WARN]: Invalid frame index on sprite 1_splatus:item/endlight_resting frame 29: 15
[15:04:25] [Worker-Main-10/WARN]: Invalid frame index on sprite 1_splatus:item/hammer frame 21: 7
[15:04:25] [Worker-Main-10/WARN]: Invalid frame index on sprite 1_splatus:item/hammer frame 22: 8
[15:04:25] [Worker-Main-10/WARN]: Invalid frame index on sprite 1_splatus:item/hammer frame 23: 9
[15:04:25] [Worker-Main-10/WARN]: Invalid frame index on sprite 1_splatus:item/hammer frame 24: 10
[15:04:25] [Worker-Main-10/WARN]: Invalid frame index on sprite 1_splatus:item/hammer frame 25: 11
[15:04:25] [Worker-Main-10/WARN]: Invalid frame index on sprite 1_splatus:item/hammer frame 26: 12
[15:04:25] [Worker-Main-10/WARN]: Invalid frame index on sprite 1_splatus:item/hammer frame 27: 13
[15:04:25] [Worker-Main-10/WARN]: Invalid frame index on sprite 1_splatus:item/hammer frame 28: 14
[15:04:25] [Worker-Main-10/WARN]: Invalid frame index on sprite 1_splatus:item/hammer frame 29: 15
[15:04:25] [Worker-Main-3/INFO]: Found unifont_jp_patch-15.1.05.hex, loading
[15:04:25] [Worker-Main-8/WARN]: Invalid frame index on sprite 1_splatus:item/end_excalibur frame 21: 7
[15:04:25] [Worker-Main-8/WARN]: Invalid frame index on sprite 1_splatus:item/end_excalibur frame 22: 8
[15:04:25] [Worker-Main-8/WARN]: Invalid frame index on sprite 1_splatus:item/end_excalibur frame 23: 9
[15:04:25] [Worker-Main-8/WARN]: Invalid frame index on sprite 1_splatus:item/end_excalibur frame 24: 10
[15:04:25] [Worker-Main-8/WARN]: Invalid frame index on sprite 1_splatus:item/end_excalibur frame 25: 11
[15:04:25] [Worker-Main-8/WARN]: Invalid frame index on sprite 1_splatus:item/end_excalibur frame 26: 12
[15:04:25] [Worker-Main-8/WARN]: Invalid frame index on sprite 1_splatus:item/end_excalibur frame 27: 13
[15:04:25] [Worker-Main-8/WARN]: Invalid frame index on sprite 1_splatus:item/end_excalibur frame 28: 14
[15:04:25] [Worker-Main-8/WARN]: Invalid frame index on sprite 1_splatus:item/end_excalibur frame 29: 15
[15:04:25] [Worker-Main-1/WARN]: Exception loading blockstate definition: 'magistuarmory:blockstates/wood_pavise.json' missing model for variant: 'magistuarmory:wood_pavise#rotation=1'
[15:04:25] [Worker-Main-1/WARN]: Exception loading blockstate definition: 'magistuarmory:blockstates/wood_pavise.json' missing model for variant: 'magistuarmory:wood_pavise#rotation=2'
[15:04:25] [Worker-Main-1/WARN]: Exception loading blockstate definition: 'magistuarmory:blockstates/wood_pavise.json' missing model for variant: 'magistuarmory:wood_pavise#rotation=0'
[15:04:25] [Worker-Main-1/WARN]: Exception loading blockstate definition: 'magistuarmory:blockstates/wood_pavise.json' missing model for variant: 'magistuarmory:wood_pavise#rotation=5'
[15:04:25] [Worker-Main-1/WARN]: Exception loading blockstate definition: 'magistuarmory:blockstates/wood_pavise.json' missing model for variant: 'magistuarmory:wood_pavise#rotation=6'
[15:04:25] [Worker-Main-1/WARN]: Exception loading blockstate definition: 'magistuarmory:blockstates/wood_pavise.json' missing model for variant: 'magistuarmory:wood_pavise#rotation=3'
[15:04:25] [Worker-Main-1/WARN]: Exception loading blockstate definition: 'magistuarmory:blockstates/wood_pavise.json' missing model for variant: 'magistuarmory:wood_pavise#rotation=4'
[15:04:25] [Worker-Main-1/WARN]: Exception loading blockstate definition: 'magistuarmory:blockstates/wood_pavise.json' missing model for variant: 'magistuarmory:wood_pavise#rotation=9'
[15:04:25] [Worker-Main-1/WARN]: Exception loading blockstate definition: 'magistuarmory:blockstates/wood_pavise.json' missing model for variant: 'magistuarmory:wood_pavise#rotation=7'
[15:04:25] [Worker-Main-1/WARN]: Exception loading blockstate definition: 'magistuarmory:blockstates/wood_pavise.json' missing model for variant: 'magistuarmory:wood_pavise#rotation=8'
[15:04:25] [Worker-Main-1/WARN]: Exception loading blockstate definition: 'magistuarmory:blockstates/wood_pavise.json' missing model for variant: 'magistuarmory:wood_pavise#rotation=10'
[15:04:25] [Worker-Main-1/WARN]: Exception loading blockstate definition: 'magistuarmory:blockstates/wood_pavise.json' missing model for variant: 'magistuarmory:wood_pavise#rotation=11'
[15:04:25] [Worker-Main-1/WARN]: Exception loading blockstate definition: 'magistuarmory:blockstates/wood_pavise.json' missing model for variant: 'magistuarmory:wood_pavise#rotation=14'
[15:04:25] [Worker-Main-1/WARN]: Exception loading blockstate definition: 'magistuarmory:blockstates/wood_pavise.json' missing model for variant: 'magistuarmory:wood_pavise#rotation=15'
[15:04:25] [Worker-Main-1/WARN]: Exception loading blockstate definition: 'magistuarmory:blockstates/wood_pavise.json' missing model for variant: 'magistuarmory:wood_pavise#rotation=12'
[15:04:25] [Worker-Main-1/WARN]: Exception loading blockstate definition: 'magistuarmory:blockstates/wood_pavise.json' missing model for variant: 'magistuarmory:wood_pavise#rotation=13'
[15:04:25] [Worker-Main-1/WARN]: Exception loading blockstate definition: 'magistuarmory:blockstates/gold_pavise.json' missing model for variant: 'magistuarmory:gold_pavise#rotation=12'
[15:04:25] [Worker-Main-1/WARN]: Exception loading blockstate definition: 'magistuarmory:blockstates/gold_pavise.json' missing model for variant: 'magistuarmory:gold_pavise#rotation=11'
[15:04:25] [Worker-Main-1/WARN]: Exception loading blockstate definition: 'magistuarmory:blockstates/gold_pavise.json' missing model for variant: 'magistuarmory:gold_pavise#rotation=10'
[15:04:25] [Worker-Main-1/WARN]: Exception loading blockstate definition: 'magistuarmory:blockstates/gold_pavise.json' missing model for variant: 'magistuarmory:gold_pavise#rotation=15'
[15:04:25] [Worker-Main-1/WARN]: Exception loading blockstate definition: 'magistuarmory:blockstates/gold_pavise.json' missing model for variant: 'magistuarmory:gold_pavise#rotation=14'
[15:04:25] [Worker-Main-1/WARN]: Exception loading blockstate definition: 'magistuarmory:blockstates/gold_pavise.json' missing model for variant: 'magistuarmory:gold_pavise#rotation=13'
[15:04:25] [Worker-Main-1/WARN]: Exception loading blockstate definition: 'magistuarmory:blockstates/gold_pavise.json' missing model for variant: 'magistuarmory:gold_pavise#rotation=8'
[15:04:25] [Worker-Main-1/WARN]: Exception loading blockstate definition: 'magistuarmory:blockstates/gold_pavise.json' missing model for variant: 'magistuarmory:gold_pavise#rotation=9'
[15:04:25] [Worker-Main-1/WARN]: Exception loading blockstate definition: 'magistuarmory:blockstates/gold_pavise.json' missing model for variant: 'magistuarmory:gold_pavise#rotation=4'
[15:04:25] [Worker-Main-1/WARN]: Exception loading blockstate definition: 'magistuarmory:blockstates/gold_pavise.json' missing model for variant: 'magistuarmory:gold_pavise#rotation=5'
[15:04:25] [Worker-Main-1/WARN]: Exception loading blockstate definition: 'magistuarmory:blockstates/gold_pavise.json' missing model for variant: 'magistuarmory:gold_pavise#rotation=6'
[15:04:25] [Worker-Main-1/WARN]: Exception loading blockstate definition: 'magistuarmory:blockstates/gold_pavise.json' missing model for variant: 'magistuarmory:gold_pavise#rotation=7'
[15:04:25] [Worker-Main-1/WARN]: Exception loading blockstate definition: 'magistuarmory:blockstates/gold_pavise.json' missing model for variant: 'magistuarmory:gold_pavise#rotation=0'
[15:04:25] [Worker-Main-1/WARN]: Exception loading blockstate definition: 'magistuarmory:blockstates/gold_pavise.json' missing model for variant: 'magistuarmory:gold_pavise#rotation=1'
[15:04:25] [Worker-Main-1/WARN]: Exception loading blockstate definition: 'magistuarmory:blockstates/gold_pavise.json' missing model for variant: 'magistuarmory:gold_pavise#rotation=2'
[15:04:25] [Worker-Main-1/WARN]: Exception loading blockstate definition: 'magistuarmory:blockstates/gold_pavise.json' missing model for variant: 'magistuarmory:gold_pavise#rotation=3'
[15:04:25] [Worker-Main-1/WARN]: Exception loading blockstate definition: 'magistuarmory:blockstates/stone_pavise.json' missing model for variant: 'magistuarmory:stone_pavise#rotation=10'
[15:04:25] [Worker-Main-1/WARN]: Exception loading blockstate definition: 'magistuarmory:blockstates/stone_pavise.json' missing model for variant: 'magistuarmory:stone_pavise#rotation=11'
[15:04:25] [Worker-Main-1/WARN]: Exception loading blockstate definition: 'magistuarmory:blockstates/stone_pavise.json' missing model for variant: 'magistuarmory:stone_pavise#rotation=7'
[15:04:25] [Worker-Main-1/WARN]: Exception loading blockstate definition: 'magistuarmory:blockstates/stone_pavise.json' missing model for variant: 'magistuarmory:stone_pavise#rotation=8'
[15:04:25] [Worker-Main-1/WARN]: Exception loading blockstate definition: 'magistuarmory:blockstates/stone_pavise.json' missing model for variant: 'magistuarmory:stone_pavise#rotation=9'
[15:04:25] [Worker-Main-1/WARN]: Exception loading blockstate definition: 'magistuarmory:blockstates/stone_pavise.json' missing model for variant: 'magistuarmory:stone_pavise#rotation=12'
[15:04:25] [Worker-Main-1/WARN]: Exception loading blockstate definition: 'magistuarmory:blockstates/stone_pavise.json' missing model for variant: 'magistuarmory:stone_pavise#rotation=13'
[15:04:25] [Worker-Main-1/WARN]: Exception loading blockstate definition: 'magistuarmory:blockstates/stone_pavise.json' missing model for variant: 'magistuarmory:stone_pavise#rotation=14'
[15:04:25] [Worker-Main-1/WARN]: Exception loading blockstate definition: 'magistuarmory:blockstates/stone_pavise.json' missing model for variant: 'magistuarmory:stone_pavise#rotation=15'
[15:04:25] [Worker-Main-1/WARN]: Exception loading blockstate definition: 'magistuarmory:blockstates/stone_pavise.json' missing model for variant: 'magistuarmory:stone_pavise#rotation=3'
[15:04:25] [Worker-Main-1/WARN]: Exception loading blockstate definition: 'magistuarmory:blockstates/stone_pavise.json' missing model for variant: 'magistuarmory:stone_pavise#rotation=4'
[15:04:25] [Worker-Main-1/WARN]: Exception loading blockstate definition: 'magistuarmory:blockstates/stone_pavise.json' missing model for variant: 'magistuarmory:stone_pavise#rotation=5'
[15:04:25] [Worker-Main-1/WARN]: Exception loading blockstate definition: 'magistuarmory:blockstates/stone_pavise.json' missing model for variant: 'magistuarmory:stone_pavise#rotation=6'
[15:04:25] [Worker-Main-1/WARN]: Exception loading blockstate definition: 'magistuarmory:blockstates/stone_pavise.json' missing model for variant: 'magistuarmory:stone_pavise#rotation=0'
[15:04:25] [Worker-Main-1/WARN]: Exception loading blockstate definition: 'magistuarmory:blockstates/stone_pavise.json' missing model for variant: 'magistuarmory:stone_pavise#rotation=1'
[15:04:25] [Worker-Main-1/WARN]: Exception loading blockstate definition: 'magistuarmory:blockstates/stone_pavise.json' missing model for variant: 'magistuarmory:stone_pavise#rotation=2'
[15:04:25] [Worker-Main-1/WARN]: Exception loading blockstate definition: 'magistuarmory:blockstates/iron_pavise.json' missing model for variant: 'magistuarmory:iron_pavise#rotation=8'
[15:04:25] [Worker-Main-1/WARN]: Exception loading blockstate definition: 'magistuarmory:blockstates/iron_pavise.json' missing model for variant: 'magistuarmory:iron_pavise#rotation=9'
[15:04:25] [Worker-Main-1/WARN]: Exception loading blockstate definition: 'magistuarmory:blockstates/iron_pavise.json' missing model for variant: 'magistuarmory:iron_pavise#rotation=6'
[15:04:25] [Worker-Main-1/WARN]: Exception loading blockstate definition: 'magistuarmory:blockstates/iron_pavise.json' missing model for variant: 'magistuarmory:iron_pavise#rotation=7'
[15:04:25] [Worker-Main-1/WARN]: Exception loading blockstate definition: 'magistuarmory:blockstates/iron_pavise.json' missing model for variant: 'magistuarmory:iron_pavise#rotation=4'
[15:04:25] [Worker-Main-1/WARN]: Exception loading blockstate definition: 'magistuarmory:blockstates/iron_pavise.json' missing model for variant: 'magistuarmory:iron_pavise#rotation=5'
[15:04:25] [Worker-Main-1/WARN]: Exception loading blockstate definition: 'magistuarmory:blockstates/iron_pavise.json' missing model for variant: 'magistuarmory:iron_pavise#rotation=14'
[15:04:25] [Worker-Main-1/WARN]: Exception loading blockstate definition: 'magistuarmory:blockstates/iron_pavise.json' missing model for variant: 'magistuarmory:iron_pavise#rotation=13'
[15:04:25] [Worker-Main-1/WARN]: Exception loading blockstate definition: 'magistuarmory:blockstates/iron_pavise.json' missing model for variant: 'magistuarmory:iron_pavise#rotation=15'
[15:04:25] [Worker-Main-1/WARN]: Exception loading blockstate definition: 'magistuarmory:blockstates/iron_pavise.json' missing model for variant: 'magistuarmory:iron_pavise#rotation=10'
[15:04:25] [Worker-Main-1/WARN]: Exception loading blockstate definition: 'magistuarmory:blockstates/iron_pavise.json' missing model for variant: 'magistuarmory:iron_pavise#rotation=12'
[15:04:25] [Worker-Main-1/WARN]: Exception loading blockstate definition: 'magistuarmory:blockstates/iron_pavise.json' missing model for variant: 'magistuarmory:iron_pavise#rotation=11'
[15:04:25] [Worker-Main-1/WARN]: Exception loading blockstate definition: 'magistuarmory:blockstates/iron_pavise.json' missing model for variant: 'magistuarmory:iron_pavise#rotation=2'
[15:04:25] [Worker-Main-1/WARN]: Exception loading blockstate definition: 'magistuarmory:blockstates/iron_pavise.json' missing model for variant: 'magistuarmory:iron_pavise#rotation=3'
[15:04:25] [Worker-Main-1/WARN]: Exception loading blockstate definition: 'magistuarmory:blockstates/iron_pavise.json' missing model for variant: 'magistuarmory:iron_pavise#rotation=0'
[15:04:25] [Worker-Main-1/WARN]: Exception loading blockstate definition: 'magistuarmory:blockstates/iron_pavise.json' missing model for variant: 'magistuarmory:iron_pavise#rotation=1'
[15:04:25] [Worker-Main-1/WARN]: Exception loading blockstate definition: 'magistuarmory:blockstates/diamond_pavise.json' missing model for variant: 'magistuarmory:diamond_pavise#rotation=15'
[15:04:25] [Worker-Main-1/WARN]: Exception loading blockstate definition: 'magistuarmory:blockstates/diamond_pavise.json' missing model for variant: 'magistuarmory:diamond_pavise#rotation=14'
[15:04:25] [Worker-Main-1/WARN]: Exception loading blockstate definition: 'magistuarmory:blockstates/diamond_pavise.json' missing model for variant: 'magistuarmory:diamond_pavise#rotation=13'
[15:04:25] [Worker-Main-1/WARN]: Exception loading blockstate definition: 'magistuarmory:blockstates/diamond_pavise.json' missing model for variant: 'magistuarmory:diamond_pavise#rotation=9'
[15:04:25] [Worker-Main-1/WARN]: Exception loading blockstate definition: 'magistuarmory:blockstates/diamond_pavise.json' missing model for variant: 'magistuarmory:diamond_pavise#rotation=8'
[15:04:25] [Worker-Main-1/WARN]: Exception loading blockstate definition: 'magistuarmory:blockstates/diamond_pavise.json' missing model for variant: 'magistuarmory:diamond_pavise#rotation=12'
[15:04:25] [Worker-Main-1/WARN]: Exception loading blockstate definition: 'magistuarmory:blockstates/diamond_pavise.json' missing model for variant: 'magistuarmory:diamond_pavise#rotation=11'
[15:04:25] [Worker-Main-1/WARN]: Exception loading blockstate definition: 'magistuarmory:blockstates/diamond_pavise.json' missing model for variant: 'magistuarmory:diamond_pavise#rotation=10'
[15:04:25] [Worker-Main-1/WARN]: Exception loading blockstate definition: 'magistuarmory:blockstates/diamond_pavise.json' missing model for variant: 'magistuarmory:diamond_pavise#rotation=3'
[15:04:25] [Worker-Main-1/WARN]: Exception loading blockstate definition: 'magistuarmory:blockstates/diamond_pavise.json' missing model for variant: 'magistuarmory:diamond_pavise#rotation=2'
[15:04:25] [Worker-Main-1/WARN]: Exception loading blockstate definition: 'magistuarmory:blockstates/diamond_pavise.json' missing model for variant: 'magistuarmory:diamond_pavise#rotation=1'
[15:04:25] [Worker-Main-1/WARN]: Exception loading blockstate definition: 'magistuarmory:blockstates/diamond_pavise.json' missing model for variant: 'magistuarmory:diamond_pavise#rotation=0'
[15:04:25] [Worker-Main-1/WARN]: Exception loading blockstate definition: 'magistuarmory:blockstates/diamond_pavise.json' missing model for variant: 'magistuarmory:diamond_pavise#rotation=7'
[15:04:25] [Worker-Main-1/WARN]: Exception loading blockstate definition: 'magistuarmory:blockstates/diamond_pavise.json' missing model for variant: 'magistuarmory:diamond_pavise#rotation=6'
[15:04:25] [Worker-Main-1/WARN]: Exception loading blockstate definition: 'magistuarmory:blockstates/diamond_pavise.json' missing model for variant: 'magistuarmory:diamond_pavise#rotation=5'
[15:04:25] [Worker-Main-1/WARN]: Exception loading blockstate definition: 'magistuarmory:blockstates/diamond_pavise.json' missing model for variant: 'magistuarmory:diamond_pavise#rotation=4'
[15:04:25] [Worker-Main-1/WARN]: Exception loading blockstate definition: 'magistuarmory:blockstates/netherite_pavise.json' missing model for variant: 'magistuarmory:netherite_pavise#rotation=10'
[15:04:25] [Worker-Main-1/WARN]: Exception loading blockstate definition: 'magistuarmory:blockstates/netherite_pavise.json' missing model for variant: 'magistuarmory:netherite_pavise#rotation=14'
[15:04:25] [Worker-Main-1/WARN]: Exception loading blockstate definition: 'magistuarmory:blockstates/netherite_pavise.json' missing model for variant: 'magistuarmory:netherite_pavise#rotation=13'
[15:04:25] [Worker-Main-1/WARN]: Exception loading blockstate definition: 'magistuarmory:blockstates/netherite_pavise.json' missing model for variant: 'magistuarmory:netherite_pavise#rotation=12'
[15:04:25] [Worker-Main-1/WARN]: Exception loading blockstate definition: 'magistuarmory:blockstates/netherite_pavise.json' missing model for variant: 'magistuarmory:netherite_pavise#rotation=11'
[15:04:25] [Worker-Main-1/WARN]: Exception loading blockstate definition: 'magistuarmory:blockstates/netherite_pavise.json' missing model for variant: 'magistuarmory:netherite_pavise#rotation=15'
[15:04:25] [Worker-Main-1/WARN]: Exception loading blockstate definition: 'magistuarmory:blockstates/netherite_pavise.json' missing model for variant: 'magistuarmory:netherite_pavise#rotation=1'
[15:04:25] [Worker-Main-1/WARN]: Exception loading blockstate definition: 'magistuarmory:blockstates/netherite_pavise.json' missing model for variant: 'magistuarmory:netherite_pavise#rotation=0'
[15:04:25] [Worker-Main-1/WARN]: Exception loading blockstate definition: 'magistuarmory:blockstates/netherite_pavise.json' missing model for variant: 'magistuarmory:netherite_pavise#rotation=5'
[15:04:25] [Worker-Main-1/WARN]: Exception loading blockstate definition: 'magistuarmory:blockstates/netherite_pavise.json' missing model for variant: 'magistuarmory:netherite_pavise#rotation=4'
[15:04:25] [Worker-Main-1/WARN]: Exception loading blockstate definition: 'magistuarmory:blockstates/netherite_pavise.json' missing model for variant: 'magistuarmory:netherite_pavise#rotation=3'
[15:04:25] [Worker-Main-1/WARN]: Exception loading blockstate definition: 'magistuarmory:blockstates/netherite_pavise.json' missing model for variant: 'magistuarmory:netherite_pavise#rotation=2'
[15:04:25] [Worker-Main-1/WARN]: Exception loading blockstate definition: 'magistuarmory:blockstates/netherite_pavise.json' missing model for variant: 'magistuarmory:netherite_pavise#rotation=9'
[15:04:25] [Worker-Main-1/WARN]: Exception loading blockstate definition: 'magistuarmory:blockstates/netherite_pavise.json' missing model for variant: 'magistuarmory:netherite_pavise#rotation=8'
[15:04:25] [Worker-Main-1/WARN]: Exception loading blockstate definition: 'magistuarmory:blockstates/netherite_pavise.json' missing model for variant: 'magistuarmory:netherite_pavise#rotation=7'
[15:04:25] [Worker-Main-1/WARN]: Exception loading blockstate definition: 'magistuarmory:blockstates/netherite_pavise.json' missing model for variant: 'magistuarmory:netherite_pavise#rotation=6'
[15:04:25] [Worker-Main-1/WARN]: Exception loading blockstate definition: 'magistuarmory:blockstates/tin_pavise.json' missing model for variant: 'magistuarmory:tin_pavise#rotation=11'
[15:04:25] [Worker-Main-1/WARN]: Exception loading blockstate definition: 'magistuarmory:blockstates/tin_pavise.json' missing model for variant: 'magistuarmory:tin_pavise#rotation=10'
[15:04:25] [Worker-Main-1/WARN]: Exception loading blockstate definition: 'magistuarmory:blockstates/tin_pavise.json' missing model for variant: 'magistuarmory:tin_pavise#rotation=13'
[15:04:25] [Worker-Main-1/WARN]: Exception loading blockstate definition: 'magistuarmory:blockstates/tin_pavise.json' missing model for variant: 'magistuarmory:tin_pavise#rotation=12'
[15:04:25] [Worker-Main-1/WARN]: Exception loading blockstate definition: 'magistuarmory:blockstates/tin_pavise.json' missing model for variant: 'magistuarmory:tin_pavise#rotation=15'
[15:04:25] [Worker-Main-1/WARN]: Exception loading blockstate definition: 'magistuarmory:blockstates/tin_pavise.json' missing model for variant: 'magistuarmory:tin_pavise#rotation=14'
[15:04:25] [Worker-Main-1/WARN]: Exception loading blockstate definition: 'magistuarmory:blockstates/tin_pavise.json' missing model for variant: 'magistuarmory:tin_pavise#rotation=5'
[15:04:25] [Worker-Main-1/WARN]: Exception loading blockstate definition: 'magistuarmory:blockstates/tin_pavise.json' missing model for variant: 'magistuarmory:tin_pavise#rotation=6'
[15:04:25] [Worker-Main-1/WARN]: Exception loading blockstate definition: 'magistuarmory:blockstates/tin_pavise.json' missing model for variant: 'magistuarmory:tin_pavise#rotation=3'
[15:04:25] [Worker-Main-1/WARN]: Exception loading blockstate definition: 'magistuarmory:blockstates/tin_pavise.json' missing model for variant: 'magistuarmory:tin_pavise#rotation=4'
[15:04:25] [Worker-Main-1/WARN]: Exception loading blockstate definition: 'magistuarmory:blockstates/tin_pavise.json' missing model for variant: 'magistuarmory:tin_pavise#rotation=9'
[15:04:25] [Worker-Main-1/WARN]: Exception loading blockstate definition: 'magistuarmory:blockstates/tin_pavise.json' missing model for variant: 'magistuarmory:tin_pavise#rotation=7'
[15:04:25] [Worker-Main-1/WARN]: Exception loading blockstate definition: 'magistuarmory:blockstates/tin_pavise.json' missing model for variant: 'magistuarmory:tin_pavise#rotation=8'
[15:04:25] [Worker-Main-1/WARN]: Exception loading blockstate definition: 'magistuarmory:blockstates/tin_pavise.json' missing model for variant: 'magistuarmory:tin_pavise#rotation=1'
[15:04:25] [Worker-Main-1/WARN]: Exception loading blockstate definition: 'magistuarmory:blockstates/tin_pavise.json' missing model for variant: 'magistuarmory:tin_pavise#rotation=2'
[15:04:25] [Worker-Main-1/WARN]: Exception loading blockstate definition: 'magistuarmory:blockstates/tin_pavise.json' missing model for variant: 'magistuarmory:tin_pavise#rotation=0'
[15:04:25] [Worker-Main-1/WARN]: Exception loading blockstate definition: 'magistuarmory:blockstates/copper_pavise.json' missing model for variant: 'magistuarmory:copper_pavise#rotation=15'
[15:04:25] [Worker-Main-1/WARN]: Exception loading blockstate definition: 'magistuarmory:blockstates/copper_pavise.json' missing model for variant: 'magistuarmory:copper_pavise#rotation=14'
[15:04:25] [Worker-Main-1/WARN]: Exception loading blockstate definition: 'magistuarmory:blockstates/copper_pavise.json' missing model for variant: 'magistuarmory:copper_pavise#rotation=13'
[15:04:25] [Worker-Main-1/WARN]: Exception loading blockstate definition: 'magistuarmory:blockstates/copper_pavise.json' missing model for variant: 'magistuarmory:copper_pavise#rotation=12'
[15:04:25] [Worker-Main-1/WARN]: Exception loading blockstate definition: 'magistuarmory:blockstates/copper_pavise.json' missing model for variant: 'magistuarmory:copper_pavise#rotation=11'
[15:04:25] [Worker-Main-1/WARN]: Exception loading blockstate definition: 'magistuarmory:blockstates/copper_pavise.json' missing model for variant: 'magistuarmory:copper_pavise#rotation=10'
[15:04:25] [Worker-Main-1/WARN]: Exception loading blockstate definition: 'magistuarmory:blockstates/copper_pavise.json' missing model for variant: 'magistuarmory:copper_pavise#rotation=0'
[15:04:25] [Worker-Main-1/WARN]: Exception loading blockstate definition: 'magistuarmory:blockstates/copper_pavise.json' missing model for variant: 'magistuarmory:copper_pavise#rotation=1'
[15:04:25] [Worker-Main-1/WARN]: Exception loading blockstate definition: 'magistuarmory:blockstates/copper_pavise.json' missing model for variant: 'magistuarmory:copper_pavise#rotation=2'
[15:04:25] [Worker-Main-1/WARN]: Exception loading blockstate definition: 'magistuarmory:blockstates/copper_pavise.json' missing model for variant: 'magistuarmory:copper_pavise#rotation=3'
[15:04:25] [Worker-Main-1/WARN]: Exception loading blockstate definition: 'magistuarmory:blockstates/copper_pavise.json' missing model for variant: 'magistuarmory:copper_pavise#rotation=4'
[15:04:25] [Worker-Main-1/WARN]: Exception loading blockstate definition: 'magistuarmory:blockstates/copper_pavise.json' missing model for variant: 'magistuarmory:copper_pavise#rotation=5'
[15:04:25] [Worker-Main-1/WARN]: Exception loading blockstate definition: 'magistuarmory:blockstates/copper_pavise.json' missing model for variant: 'magistuarmory:copper_pavise#rotation=6'
[15:04:25] [Worker-Main-1/WARN]: Exception loading blockstate definition: 'magistuarmory:blockstates/copper_pavise.json' missing model for variant: 'magistuarmory:copper_pavise#rotation=7'
[15:04:25] [Worker-Main-1/WARN]: Exception loading blockstate definition: 'magistuarmory:blockstates/copper_pavise.json' missing model for variant: 'magistuarmory:copper_pavise#rotation=8'
[15:04:25] [Worker-Main-1/WARN]: Exception loading blockstate definition: 'magistuarmory:blockstates/copper_pavise.json' missing model for variant: 'magistuarmory:copper_pavise#rotation=9'
[15:04:25] [Worker-Main-1/WARN]: Exception loading blockstate definition: 'magistuarmory:blockstates/silver_pavise.json' missing model for variant: 'magistuarmory:silver_pavise#rotation=0'
[15:04:25] [Worker-Main-1/WARN]: Exception loading blockstate definition: 'magistuarmory:blockstates/silver_pavise.json' missing model for variant: 'magistuarmory:silver_pavise#rotation=1'
[15:04:25] [Worker-Main-1/WARN]: Exception loading blockstate definition: 'magistuarmory:blockstates/silver_pavise.json' missing model for variant: 'magistuarmory:silver_pavise#rotation=2'
[15:04:25] [Worker-Main-1/WARN]: Exception loading blockstate definition: 'magistuarmory:blockstates/silver_pavise.json' missing model for variant: 'magistuarmory:silver_pavise#rotation=3'
[15:04:25] [Worker-Main-1/WARN]: Exception loading blockstate definition: 'magistuarmory:blockstates/silver_pavise.json' missing model for variant: 'magistuarmory:silver_pavise#rotation=4'
[15:04:25] [Worker-Main-1/WARN]: Exception loading blockstate definition: 'magistuarmory:blockstates/silver_pavise.json' missing model for variant: 'magistuarmory:silver_pavise#rotation=5'
[15:04:25] [Worker-Main-1/WARN]: Exception loading blockstate definition: 'magistuarmory:blockstates/silver_pavise.json' missing model for variant: 'magistuarmory:silver_pavise#rotation=6'
[15:04:25] [Worker-Main-1/WARN]: Exception loading blockstate definition: 'magistuarmory:blockstates/silver_pavise.json' missing model for variant: 'magistuarmory:silver_pavise#rotation=7'
[15:04:25] [Worker-Main-1/WARN]: Exception loading blockstate definition: 'magistuarmory:blockstates/silver_pavise.json' missing model for variant: 'magistuarmory:silver_pavise#rotation=8'
[15:04:25] [Worker-Main-1/WARN]: Exception loading blockstate definition: 'magistuarmory:blockstates/silver_pavise.json' missing model for variant: 'magistuarmory:silver_pavise#rotation=9'
[15:04:25] [Worker-Main-1/WARN]: Exception loading blockstate definition: 'magistuarmory:blockstates/silver_pavise.json' missing model for variant: 'magistuarmory:silver_pavise#rotation=15'
[15:04:25] [Worker-Main-1/WARN]: Exception loading blockstate definition: 'magistuarmory:blockstates/silver_pavise.json' missing model for variant: 'magistuarmory:silver_pavise#rotation=14'
[15:04:25] [Worker-Main-1/WARN]: Exception loading blockstate definition: 'magistuarmory:blockstates/silver_pavise.json' missing model for variant: 'magistuarmory:silver_pavise#rotation=13'
[15:04:25] [Worker-Main-1/WARN]: Exception loading blockstate definition: 'magistuarmory:blockstates/silver_pavise.json' missing model for variant: 'magistuarmory:silver_pavise#rotation=12'
[15:04:25] [Worker-Main-1/WARN]: Exception loading blockstate definition: 'magistuarmory:blockstates/silver_pavise.json' missing model for variant: 'magistuarmory:silver_pavise#rotation=11'
[15:04:25] [Worker-Main-1/WARN]: Exception loading blockstate definition: 'magistuarmory:blockstates/silver_pavise.json' missing model for variant: 'magistuarmory:silver_pavise#rotation=10'
[15:04:25] [Worker-Main-1/WARN]: Exception loading blockstate definition: 'magistuarmory:blockstates/bronze_pavise.json' missing model for variant: 'magistuarmory:bronze_pavise#rotation=11'
[15:04:25] [Worker-Main-1/WARN]: Exception loading blockstate definition: 'magistuarmory:blockstates/bronze_pavise.json' missing model for variant: 'magistuarmory:bronze_pavise#rotation=12'
[15:04:25] [Worker-Main-1/WARN]: Exception loading blockstate definition: 'magistuarmory:blockstates/bronze_pavise.json' missing model for variant: 'magistuarmory:bronze_pavise#rotation=13'
[15:04:25] [Worker-Main-1/WARN]: Exception loading blockstate definition: 'magistuarmory:blockstates/bronze_pavise.json' missing model for variant: 'magistuarmory:bronze_pavise#rotation=14'
[15:04:25] [Worker-Main-1/WARN]: Exception loading blockstate definition: 'magistuarmory:blockstates/bronze_pavise.json' missing model for variant: 'magistuarmory:bronze_pavise#rotation=10'
[15:04:25] [Worker-Main-1/WARN]: Exception loading blockstate definition: 'magistuarmory:blockstates/bronze_pavise.json' missing model for variant: 'magistuarmory:bronze_pavise#rotation=7'
[15:04:25] [Worker-Main-1/WARN]: Exception loading blockstate definition: 'magistuarmory:blockstates/bronze_pavise.json' missing model for variant: 'magistuarmory:bronze_pavise#rotation=6'
[15:04:25] [Worker-Main-1/WARN]: Exception loading blockstate definition: 'magistuarmory:blockstates/bronze_pavise.json' missing model for variant: 'magistuarmory:bronze_pavise#rotation=9'
[15:04:25] [Worker-Main-1/WARN]: Exception loading blockstate definition: 'magistuarmory:blockstates/bronze_pavise.json' missing model for variant: 'magistuarmory:bronze_pavise#rotation=8'
[15:04:25] [Worker-Main-1/WARN]: Exception loading blockstate definition: 'magistuarmory:blockstates/bronze_pavise.json' missing model for variant: 'magistuarmory:bronze_pavise#rotation=3'
[15:04:25] [Worker-Main-1/WARN]: Exception loading blockstate definition: 'magistuarmory:blockstates/bronze_pavise.json' missing model for variant: 'magistuarmory:bronze_pavise#rotation=2'
[15:04:25] [Worker-Main-1/WARN]: Exception loading blockstate definition: 'magistuarmory:blockstates/bronze_pavise.json' missing model for variant: 'magistuarmory:bronze_pavise#rotation=5'
[15:04:25] [Worker-Main-1/WARN]: Exception loading blockstate definition: 'magistuarmory:blockstates/bronze_pavise.json' missing model for variant: 'magistuarmory:bronze_pavise#rotation=4'
[15:04:25] [Worker-Main-1/WARN]: Exception loading blockstate definition: 'magistuarmory:blockstates/bronze_pavise.json' missing model for variant: 'magistuarmory:bronze_pavise#rotation=1'
[15:04:25] [Worker-Main-1/WARN]: Exception loading blockstate definition: 'magistuarmory:blockstates/bronze_pavise.json' missing model for variant: 'magistuarmory:bronze_pavise#rotation=0'
[15:04:25] [Worker-Main-1/WARN]: Exception loading blockstate definition: 'magistuarmory:blockstates/bronze_pavise.json' missing model for variant: 'magistuarmory:bronze_pavise#rotation=15'
[15:04:25] [Worker-Main-1/WARN]: Exception loading blockstate definition: 'magistuarmory:blockstates/steel_pavise.json' missing model for variant: 'magistuarmory:steel_pavise#rotation=0'
[15:04:25] [Worker-Main-1/WARN]: Exception loading blockstate definition: 'magistuarmory:blockstates/steel_pavise.json' missing model for variant: 'magistuarmory:steel_pavise#rotation=15'
[15:04:25] [Worker-Main-1/WARN]: Exception loading blockstate definition: 'magistuarmory:blockstates/steel_pavise.json' missing model for variant: 'magistuarmory:steel_pavise#rotation=14'
[15:04:25] [Worker-Main-1/WARN]: Exception loading blockstate definition: 'magistuarmory:blockstates/steel_pavise.json' missing model for variant: 'magistuarmory:steel_pavise#rotation=13'
[15:04:25] [Worker-Main-1/WARN]: Exception loading blockstate definition: 'magistuarmory:blockstates/steel_pavise.json' missing model for variant: 'magistuarmory:steel_pavise#rotation=12'
[15:04:25] [Worker-Main-1/WARN]: Exception loading blockstate definition: 'magistuarmory:blockstates/steel_pavise.json' missing model for variant: 'magistuarmory:steel_pavise#rotation=11'
[15:04:25] [Worker-Main-1/WARN]: Exception loading blockstate definition: 'magistuarmory:blockstates/steel_pavise.json' missing model for variant: 'magistuarmory:steel_pavise#rotation=10'
[15:04:25] [Worker-Main-1/WARN]: Exception loading blockstate definition: 'magistuarmory:blockstates/steel_pavise.json' missing model for variant: 'magistuarmory:steel_pavise#rotation=9'
[15:04:25] [Worker-Main-1/WARN]: Exception loading blockstate definition: 'magistuarmory:blockstates/steel_pavise.json' missing model for variant: 'magistuarmory:steel_pavise#rotation=8'
[15:04:25] [Worker-Main-1/WARN]: Exception loading blockstate definition: 'magistuarmory:blockstates/steel_pavise.json' missing model for variant: 'magistuarmory:steel_pavise#rotation=7'
[15:04:25] [Worker-Main-1/WARN]: Exception loading blockstate definition: 'magistuarmory:blockstates/steel_pavise.json' missing model for variant: 'magistuarmory:steel_pavise#rotation=6'
[15:04:25] [Worker-Main-1/WARN]: Exception loading blockstate definition: 'magistuarmory:blockstates/steel_pavise.json' missing model for variant: 'magistuarmory:steel_pavise#rotation=5'
[15:04:25] [Worker-Main-1/WARN]: Exception loading blockstate definition: 'magistuarmory:blockstates/steel_pavise.json' missing model for variant: 'magistuarmory:steel_pavise#rotation=4'
[15:04:25] [Worker-Main-1/WARN]: Exception loading blockstate definition: 'magistuarmory:blockstates/steel_pavise.json' missing model for variant: 'magistuarmory:steel_pavise#rotation=3'
[15:04:25] [Worker-Main-1/WARN]: Exception loading blockstate definition: 'magistuarmory:blockstates/steel_pavise.json' missing model for variant: 'magistuarmory:steel_pavise#rotation=2'
[15:04:25] [Worker-Main-1/WARN]: Exception loading blockstate definition: 'magistuarmory:blockstates/steel_pavise.json' missing model for variant: 'magistuarmory:steel_pavise#rotation=1'
[15:04:26] [Worker-Main-1/WARN]: Unable to load model: '1_splatus:item/crucible/charged' referenced from: minecraft:item/diamond_sword: java.io.FileNotFoundException: 1_splatus:models/item/crucible/charged.json
[15:04:26] [Worker-Main-1/WARN]: Unable to load model: 'incendium:item/chilling' referenced from: minecraft:item/diamond_sword: java.io.FileNotFoundException: incendium:models/item/chilling.json
[15:04:26] [Worker-Main-1/WARN]: Unable to load model: 'incendium:item/sentrys_wrath/pulling_2' referenced from: minecraft:item/crossbow: java.io.FileNotFoundException: incendium:models/item/sentrys_wrath/pulling_2.json
[15:04:26] [Worker-Main-1/WARN]: Unable to load model: 'incendium:item/patron/holy_wrath/arrow' referenced from: minecraft:item/crossbow: java.io.FileNotFoundException: incendium:models/item/patron/holy_wrath/arrow.json
[15:04:26] [Worker-Main-1/WARN]: Unable to load model: 'incendium:item/sentrys_wrath/pulling_1' referenced from: minecraft:item/crossbow: java.io.FileNotFoundException: incendium:models/item/sentrys_wrath/pulling_1.json
[15:04:26] [Worker-Main-1/WARN]: Unable to load model: 'incendium:item/sentrys_wrath/firework' referenced from: minecraft:item/crossbow: java.io.FileNotFoundException: incendium:models/item/sentrys_wrath/firework.json
[15:04:26] [Worker-Main-1/WARN]: Unable to load model: 'incendium:item/sentrys_wrath/pulling_0' referenced from: minecraft:item/crossbow: java.io.FileNotFoundException: incendium:models/item/sentrys_wrath/pulling_0.json
[15:04:26] [Worker-Main-1/WARN]: Unable to load model: 'incendium:item/firestorm/arrow' referenced from: minecraft:item/crossbow: java.io.FileNotFoundException: incendium:models/item/firestorm/arrow.json
[15:04:26] [Worker-Main-1/WARN]: Unable to load model: 'incendium:item/patron/holy_wrath/firework' referenced from: minecraft:item/crossbow: java.io.FileNotFoundException: incendium:models/item/patron/holy_wrath/firework.json
[15:04:26] [Worker-Main-1/WARN]: Unable to load model: 'incendium:item/multiplex/arrow' referenced from: minecraft:item/crossbow: java.io.FileNotFoundException: incendium:models/item/multiplex/arrow.json
[15:04:26] [Worker-Main-1/WARN]: Unable to load model: 'incendium:item/firestorm/firework' referenced from: minecraft:item/crossbow: java.io.FileNotFoundException: incendium:models/item/firestorm/firework.json
[15:04:26] [Worker-Main-1/WARN]: Unable to load model: 'incendium:item/multiplex' referenced from: minecraft:item/crossbow: java.io.FileNotFoundException: incendium:models/item/multiplex.json
[15:04:26] [Worker-Main-1/WARN]: Unable to load model: 'incendium:item/firestorm' referenced from: minecraft:item/crossbow: java.io.FileNotFoundException: incendium:models/item/firestorm.json
[15:04:26] [Worker-Main-1/WARN]: Unable to load model: 'incendium:item/sentrys_wrath/arrow' referenced from: minecraft:item/crossbow: java.io.FileNotFoundException: incendium:models/item/sentrys_wrath/arrow.json
[15:04:26] [Worker-Main-1/WARN]: Unable to load model: 'incendium:item/multiplex/firework' referenced from: minecraft:item/crossbow: java.io.FileNotFoundException: incendium:models/item/multiplex/firework.json
[15:04:26] [Worker-Main-1/WARN]: Unable to load model: 'incendium:item/firestorm/pulling_0' referenced from: minecraft:item/crossbow: java.io.FileNotFoundException: incendium:models/item/firestorm/pulling_0.json
[15:04:26] [Worker-Main-1/WARN]: Unable to load model: 'incendium:item/firestorm/pulling_1' referenced from: minecraft:item/crossbow: java.io.FileNotFoundException: incendium:models/item/firestorm/pulling_1.json
[15:04:26] [Worker-Main-1/WARN]: Unable to load model: 'incendium:item/patron/holy_wrath/pulling_2' referenced from: minecraft:item/crossbow: java.io.FileNotFoundException: incendium:models/item/patron/holy_wrath/pulling_2.json
[15:04:26] [Worker-Main-1/WARN]: Unable to load model: 'incendium:item/patron/holy_wrath/pulling_1' referenced from: minecraft:item/crossbow: java.io.FileNotFoundException: incendium:models/item/patron/holy_wrath/pulling_1.json
[15:04:26] [Worker-Main-1/WARN]: Unable to load model: 'incendium:item/firestorm/pulling_2' referenced from: minecraft:item/crossbow: java.io.FileNotFoundException: incendium:models/item/firestorm/pulling_2.json
[15:04:26] [Worker-Main-1/WARN]: Unable to load model: 'incendium:item/sentrys_wrath' referenced from: minecraft:item/crossbow: java.io.FileNotFoundException: incendium:models/item/sentrys_wrath.json
[15:04:26] [Worker-Main-1/WARN]: Unable to load model: 'incendium:item/multiplex/pulling_1' referenced from: minecraft:item/crossbow: java.io.FileNotFoundException: incendium:models/item/multiplex/pulling_1.json
[15:04:26] [Worker-Main-1/WARN]: Unable to load model: 'incendium:item/multiplex/pulling_2' referenced from: minecraft:item/crossbow: java.io.FileNotFoundException: incendium:models/item/multiplex/pulling_2.json
[15:04:26] [Worker-Main-1/WARN]: Unable to load model: 'incendium:item/patron/holy_wrath' referenced from: minecraft:item/crossbow: java.io.FileNotFoundException: incendium:models/item/patron/holy_wrath.json
[15:04:26] [Worker-Main-1/WARN]: Unable to load model: 'incendium:item/multiplex/pulling_0' referenced from: minecraft:item/crossbow: java.io.FileNotFoundException: incendium:models/item/multiplex/pulling_0.json
[15:04:26] [Worker-Main-1/WARN]: Unable to load model: 'incendium:item/patron/holy_wrath/pulling_0' referenced from: minecraft:item/crossbow: java.io.FileNotFoundException: incendium:models/item/patron/holy_wrath/pulling_0.json
[15:04:26] [Worker-Main-1/WARN]: Unable to load model: 'incendium:item/vampire' referenced from: minecraft:item/netherite_sword: java.io.FileNotFoundException: incendium:models/item/vampire.json
[15:04:26] [Worker-Main-1/WARN]: Unable to load model: 'incendium:item/patron/witherblade' referenced from: minecraft:item/netherite_sword: java.io.FileNotFoundException: incendium:models/item/patron/witherblade.json
[15:04:26] [Worker-Main-1/WARN]: Unable to load model: 'incendium:item/patron/daybreaker' referenced from: minecraft:item/netherite_sword: java.io.FileNotFoundException: incendium:models/item/patron/daybreaker.json
[15:04:26] [Worker-Main-1/WARN]: Unable to load model: 'incendium:item/sacrifice' referenced from: minecraft:item/netherite_sword: java.io.FileNotFoundException: incendium:models/item/sacrifice.json
[15:04:26] [Worker-Main-1/WARN]: Unable to load model: 'incendium:item/trailblazer' referenced from: minecraft:item/bow: java.io.FileNotFoundException: incendium:models/item/trailblazer.json
[15:04:26] [Worker-Main-1/WARN]: Unable to load model: 'incendium:item/trailblazer/pulling_0' referenced from: minecraft:item/bow: java.io.FileNotFoundException: incendium:models/item/trailblazer/pulling_0.json
[15:04:26] [Worker-Main-1/WARN]: Unable to load model: 'incendium:item/trailblazer/pulling_1' referenced from: minecraft:item/bow: java.io.FileNotFoundException: incendium:models/item/trailblazer/pulling_1.json
[15:04:26] [Worker-Main-1/WARN]: Unable to load model: 'incendium:item/trailblazer/pulling_2' referenced from: minecraft:item/bow: java.io.FileNotFoundException: incendium:models/item/trailblazer/pulling_2.json
[15:04:26] [Worker-Main-1/WARN]: Unable to load model: 'incendium:item/trailblazer/pulling_3' referenced from: minecraft:item/bow: java.io.FileNotFoundException: incendium:models/item/trailblazer/pulling_3.json
[15:04:26] [Worker-Main-1/WARN]: Unable to load model: 'incendium:item/ragnarok' referenced from: minecraft:item/bow: java.io.FileNotFoundException: incendium:models/item/ragnarok.json
[15:04:26] [Worker-Main-1/WARN]: Unable to load model: 'incendium:item/trailblazer/pulling_4' referenced from: minecraft:item/bow: java.io.FileNotFoundException: incendium:models/item/trailblazer/pulling_4.json
[15:04:26] [Worker-Main-1/WARN]: Unable to load model: 'incendium:item/trailblazer/pulling_5' referenced from: minecraft:item/bow: java.io.FileNotFoundException: incendium:models/item/trailblazer/pulling_5.json
[15:04:26] [Worker-Main-1/WARN]: Unable to load model: 'incendium:item/trailblazer/pulling_6' referenced from: minecraft:item/bow: java.io.FileNotFoundException: incendium:models/item/trailblazer/pulling_6.json
[15:04:26] [Worker-Main-1/WARN]: Unable to load model: 'incendium:item/ragnarok/pulling_0' referenced from: minecraft:item/bow: java.io.FileNotFoundException: incendium:models/item/ragnarok/pulling_0.json
[15:04:26] [Worker-Main-1/WARN]: Unable to load model: 'incendium:item/ragnarok/pulling_1' referenced from: minecraft:item/bow: java.io.FileNotFoundException: incendium:models/item/ragnarok/pulling_1.json
[15:04:26] [Worker-Main-1/WARN]: Unable to load model: 'incendium:item/ragnarok/pulling_4' referenced from: minecraft:item/bow: java.io.FileNotFoundException: incendium:models/item/ragnarok/pulling_4.json
[15:04:26] [Worker-Main-1/WARN]: Unable to load model: 'incendium:item/ragnarok/pulling_5' referenced from: minecraft:item/bow: java.io.FileNotFoundException: incendium:models/item/ragnarok/pulling_5.json
[15:04:26] [Worker-Main-1/WARN]: Unable to load model: 'incendium:item/ragnarok/pulling_2' referenced from: minecraft:item/bow: java.io.FileNotFoundException: incendium:models/item/ragnarok/pulling_2.json
[15:04:26] [Worker-Main-1/WARN]: Unable to load model: 'incendium:item/ragnarok/pulling_3' referenced from: minecraft:item/bow: java.io.FileNotFoundException: incendium:models/item/ragnarok/pulling_3.json
[15:04:26] [Worker-Main-1/WARN]: Unable to load model: 'incendium:item/ragnarok/pulling_6' referenced from: minecraft:item/bow: java.io.FileNotFoundException: incendium:models/item/ragnarok/pulling_6.json
[15:04:26] [Render thread/INFO]: Loading PlayerAnimator support!
[15:04:26] [Render thread/INFO]: Loaded Vanilla Hands items: []
[15:04:26] [Render thread/INFO]: Loaded Auto Disable items: []
[15:04:26] [Render thread/INFO]: [EMF]: EMF did not find the Iris API, disabling shadow pass detection
[15:04:26] [Worker-Main-1/WARN]: Missing textures in model minecraft:fishing_rod#inventory:
    minecraft:textures/atlas/blocks.png:1_splatus:item/blaze_staff
    minecraft:textures/atlas/blocks.png:1_splatus:item/blaze_staff_ready
[15:04:26] [Worker-Main-1/WARN]: Missing textures in model minecraft:bow#inventory:
    minecraft:textures/atlas/blocks.png:1_splatus:item/frost_pulling_0
    minecraft:textures/atlas/blocks.png:1_splatus:item/frost_pulling_1
    minecraft:textures/atlas/blocks.png:1_splatus:item/frost_pulling_2
    minecraft:textures/atlas/blocks.png:1_splatus:item/frost_resting
    minecraft:textures/atlas/blocks.png:1_splatus:item/phantom_pulling_0
    minecraft:textures/atlas/blocks.png:1_splatus:item/phantom_pulling_1
    minecraft:textures/atlas/blocks.png:1_splatus:item/phantom_pulling_2
    minecraft:textures/atlas/blocks.png:1_splatus:item/phantom_resting
    minecraft:textures/atlas/blocks.png:1_splatus:item/spirit_bow
    minecraft:textures/atlas/blocks.png:1_splatus:item/spirit_bow0
    minecraft:textures/atlas/blocks.png:1_splatus:item/spirit_bow1
    minecraft:textures/atlas/blocks.png:1_splatus:item/spirit_bow2
[15:04:26] [Worker-Main-1/WARN]: Missing textures in model minecraft:stick#inventory:
    minecraft:textures/atlas/blocks.png:1_splatus:item/key
[15:04:26] [Render thread/WARN]: Missing sound for event: minecraft:item.goat_horn.play
[15:04:26] [Render thread/WARN]: Missing sound for event: minecraft:entity.goat.screaming.horn_break
[15:04:26] [Render thread/INFO]: OpenAL initialized on device OpenAL Soft on Headphones (High Definition Audio Device)
[15:04:26] [Render thread/INFO]: Sound engine started
[15:04:26] [Render thread/INFO]: Created: 2048x1024x4 minecraft:textures/atlas/blocks.png-atlas
[15:04:26] [Render thread/INFO]: Created: 256x256x4 minecraft:textures/atlas/signs.png-atlas
[15:04:26] [Render thread/INFO]: Created: 512x512x4 minecraft:textures/atlas/banner_patterns.png-atlas
[15:04:26] [Render thread/INFO]: Created: 2048x2048x4 minecraft:textures/atlas/shield_patterns.png-atlas
[15:04:26] [Render thread/INFO]: Created: 1024x1024x4 minecraft:textures/atlas/armor_trims.png-atlas
[15:04:26] [Render thread/INFO]: Created: 256x256x4 minecraft:textures/atlas/chest.png-atlas
[15:04:26] [Render thread/INFO]: Created: 128x64x4 minecraft:textures/atlas/decorated_pot.png-atlas
[15:04:26] [Render thread/INFO]: Created: 512x256x4 minecraft:textures/atlas/beds.png-atlas
[15:04:26] [Render thread/INFO]: Created: 512x256x4 minecraft:textures/atlas/shulker_boxes.png-atlas
[15:04:26] [Render thread/WARN]: Method overwrite conflict for getCloak in playerAnimator-common.mixins.json:PlayerModelAccessor from mod playeranimator, previously written by dev.tr7zw.firstperson.mixins.PlayerModelMixin. Skipping method.
[15:04:28] [Render thread/WARN]: [EMF]: model attempted creation more than 500 times {magistuarmory:heatershield#main]. EMF is now ignoring this model.
[15:04:28] [Render thread/WARN]: [EMF]: model attempted creation more than 500 times {magistuarmory:target#main]. EMF is now ignoring this model.
[15:04:28] [Render thread/WARN]: [EMF]: model attempted creation more than 500 times {magistuarmory:buckler#main]. EMF is now ignoring this model.
[15:04:28] [Render thread/WARN]: [EMF]: model attempted creation more than 500 times {magistuarmory:rondache#main]. EMF is now ignoring this model.
[15:04:28] [Render thread/WARN]: [EMF]: model attempted creation more than 500 times {magistuarmory:tartsche#main]. EMF is now ignoring this model.
[15:04:28] [Render thread/WARN]: [EMF]: model attempted creation more than 500 times {magistuarmory:ellipticalshield#main]. EMF is now ignoring this model.
[15:04:28] [Render thread/WARN]: [EMF]: model attempted creation more than 500 times {magistuarmory:roundshield#main]. EMF is now ignoring this model.
[15:04:28] [Render thread/WARN]: [EMF]: model attempted creation more than 500 times {magistuarmory:pavese#main]. EMF is now ignoring this model.
[15:04:28] [Render thread/WARN]: [EMF]: model attempted creation more than 500 times {magistuarmory:kiteshield#main]. EMF is now ignoring this model.
[15:04:29] [Render thread/WARN]: [EMF]: model attempted creation more than 500 times {magistuarmory:crusader#armor]. EMF is now ignoring this model.
[15:04:29] [Render thread/INFO]: Created: 512x256x0 minecraft:textures/atlas/particles.png-atlas
[15:04:29] [Render thread/INFO]: Created: 512x256x0 minecraft:textures/atlas/paintings.png-atlas
[15:04:29] [Render thread/INFO]: Created: 256x128x0 minecraft:textures/atlas/mob_effects.png-atlas
[15:04:29] [Render thread/INFO]: Created: 64x64x0 minecraft:textures/atlas/map_decorations.png-atlas
[15:04:29] [Render thread/INFO]: Created: 1024x512x0 minecraft:textures/atlas/gui.png-atlas
[15:04:29] [Render thread/WARN]: Shader rendertype_entity_translucent_emissive could not find sampler named Sampler2 in the specified shader program.
[15:04:29] [Render thread/WARN]: Shader journeymap:sepia_3 could not find uniform named ColorModulator in the specified shader program.
[15:04:29] [Render thread/WARN]: Shader journeymap:sepia_2 could not find uniform named ColorModulator in the specified shader program.
[15:04:29] [Render thread/WARN]: Shader journeymap:sepia_1 could not find uniform named ColorModulator in the specified shader program.
[15:04:29] [Render thread/INFO]: Created: 256x256x0 jei:textures/atlas/gui.png-atlas
[15:04:29] [Render thread/INFO]: [ETF]: reloading ETF data.
[15:04:29] [Render thread/INFO]: [ETF]: emissive suffixes loaded: {_e}.
[15:04:29] [Render thread/INFO]: [ETF]: emissive suffixes loaded: {_e}.
[15:04:35] [Worker-Main-1/ERROR]: Invalid path in mod resource-pack spellbound_weapons_mr: spellbound_weapons:advancement/magmus_charger copy.json, ignoring
[15:04:35] [Render thread/ERROR]: Parsing error loading recipe magistuarmory:steel_ingot_blasting
com.google.gson.JsonParseException: Not a JSON object: "magistuarmory:steel_ingot"
	at knot/com.mojang.serialization.DataResult$Error.getOrThrow(DataResult.java:287) ~[datafixerupper-8.0.16.jar:?]
	at knot/net.minecraft.class_1863.method_20705(class_1863.java:62) ~[client-intermediary.jar:?]
	at knot/net.minecraft.class_1863.method_18788(class_1863.java:35) ~[client-intermediary.jar:?]
	at knot/net.minecraft.class_4080.method_18790(class_4080.java:13) ~[client-intermediary.jar:?]
	at java.base/java.util.concurrent.CompletableFuture$UniAccept.tryFire(CompletableFuture.java:718) ~[?:?]
	at java.base/java.util.concurrent.CompletableFuture$Completion.run(CompletableFuture.java:482) ~[?:?]
	at knot/net.minecraft.class_4014.method_18365(class_4014.java:69) ~[client-intermediary.jar:?]
	at knot/net.minecraft.class_1255.method_18859(class_1255.java:162) ~[client-intermediary.jar:?]
	at knot/net.minecraft.class_4093.method_18859(class_4093.java:23) ~[client-intermediary.jar:?]
	at knot/net.minecraft.class_1255.method_16075(class_1255.java:136) ~[client-intermediary.jar:?]
	at knot/net.minecraft.class_1255.method_18857(class_1255.java:145) ~[client-intermediary.jar:?]
	at knot/net.minecraft.class_7196.method_45694(class_7196.java:182) ~[client-intermediary.jar:?]
	at knot/net.minecraft.class_7196.method_54610(class_7196.java:137) ~[client-intermediary.jar:?]
	at knot/net.minecraft.class_7196.method_57780(class_7196.java:323) ~[client-intermediary.jar:?]
	at knot/net.minecraft.class_7196.method_57781(class_7196.java:313) ~[client-intermediary.jar:?]
	at knot/net.minecraft.class_7196.method_57782(class_7196.java:278) ~[client-intermediary.jar:?]
	at knot/net.minecraft.class_7196.method_57784(class_7196.java:243) ~[client-intermediary.jar:?]
	at knot/net.minecraft.class_528$class_4272.method_20164(class_528.java:434) ~[client-intermediary.jar:?]
	at knot/net.minecraft.class_528$class_4272.method_25402(class_528.java:411) ~[client-intermediary.jar:?]
	at knot/net.minecraft.class_350.method_25402(class_350.java:315) ~[client-intermediary.jar:?]
	at knot/net.minecraft.class_4069.method_25402(class_4069.java:38) ~[client-intermediary.jar:?]
	at knot/net.minecraft.class_312.method_1611(class_312.java:107) ~[client-intermediary.jar:?]
	at knot/net.minecraft.class_437.method_25412(class_437.java:431) ~[client-intermediary.jar:?]
	at knot/net.minecraft.class_312.method_1601(class_312.java:107) ~[client-intermediary.jar:?]
	at knot/net.minecraft.class_312.method_22686(class_312.java:196) ~[client-intermediary.jar:?]
	at knot/net.minecraft.class_1255.execute(class_1255.java:108) ~[client-intermediary.jar:?]
	at knot/net.minecraft.class_312.method_22684(class_312.java:196) ~[client-intermediary.jar:?]
	at knot/org.lwjgl.glfw.GLFWMouseButtonCallbackI.callback(GLFWMouseButtonCallbackI.java:43) [lwjgl-glfw-3.3.3.jar:?]
	at knot/org.lwjgl.system.JNI.invokeV(Native Method) ~[lwjgl-3.3.3.jar:?]
	at knot/org.lwjgl.glfw.GLFW.glfwWaitEventsTimeout(GLFW.java:3509) [lwjgl-glfw-3.3.3.jar:?]
	at knot/com.mojang.blaze3d.systems.RenderSystem.limitDisplayFPS(RenderSystem.java:184) [client-intermediary.jar:?]
	at knot/net.minecraft.class_310.method_1523(class_310.java:1310) [client-intermediary.jar:?]
	at knot/net.minecraft.class_310.method_1514(class_310.java:882) [client-intermediary.jar:?]
	at knot/net.minecraft.client.main.Main.main(Main.java:256) [client-intermediary.jar:?]
	at net.fabricmc.loader.impl.game.minecraft.MinecraftGameProvider.launch(MinecraftGameProvider.java:480) [fabric-loader-0.16.10.jar:?]
	at net.fabricmc.loader.impl.launch.knot.Knot.launch(Knot.java:74) [fabric-loader-0.16.10.jar:?]
	at net.fabricmc.loader.impl.launch.knot.KnotClient.main(KnotClient.java:23) [fabric-loader-0.16.10.jar:?]
[15:04:36] [Render thread/ERROR]: Parsing error loading recipe magistuarmory:barbedclub
com.google.gson.JsonParseException: No key id in MapLike[{"item":"magistuarmory:barbedclub","count":1}]
	at knot/com.mojang.serialization.DataResult$Error.getOrThrow(DataResult.java:287) ~[datafixerupper-8.0.16.jar:?]
	at knot/net.minecraft.class_1863.method_20705(class_1863.java:62) ~[client-intermediary.jar:?]
	at knot/net.minecraft.class_1863.method_18788(class_1863.java:35) ~[client-intermediary.jar:?]
	at knot/net.minecraft.class_4080.method_18790(class_4080.java:13) ~[client-intermediary.jar:?]
	at java.base/java.util.concurrent.CompletableFuture$UniAccept.tryFire(CompletableFuture.java:718) ~[?:?]
	at java.base/java.util.concurrent.CompletableFuture$Completion.run(CompletableFuture.java:482) ~[?:?]
	at knot/net.minecraft.class_4014.method_18365(class_4014.java:69) ~[client-intermediary.jar:?]
	at knot/net.minecraft.class_1255.method_18859(class_1255.java:162) ~[client-intermediary.jar:?]
	at knot/net.minecraft.class_4093.method_18859(class_4093.java:23) ~[client-intermediary.jar:?]
	at knot/net.minecraft.class_1255.method_16075(class_1255.java:136) ~[client-intermediary.jar:?]
	at knot/net.minecraft.class_1255.method_18857(class_1255.java:145) ~[client-intermediary.jar:?]
	at knot/net.minecraft.class_7196.method_45694(class_7196.java:182) ~[client-intermediary.jar:?]
	at knot/net.minecraft.class_7196.method_54610(class_7196.java:137) ~[client-intermediary.jar:?]
	at knot/net.minecraft.class_7196.method_57780(class_7196.java:323) ~[client-intermediary.jar:?]
	at knot/net.minecraft.class_7196.method_57781(class_7196.java:313) ~[client-intermediary.jar:?]
	at knot/net.minecraft.class_7196.method_57782(class_7196.java:278) ~[client-intermediary.jar:?]
	at knot/net.minecraft.class_7196.method_57784(class_7196.java:243) ~[client-intermediary.jar:?]
	at knot/net.minecraft.class_528$class_4272.method_20164(class_528.java:434) ~[client-intermediary.jar:?]
	at knot/net.minecraft.class_528$class_4272.method_25402(class_528.java:411) ~[client-intermediary.jar:?]
	at knot/net.minecraft.class_350.method_25402(class_350.java:315) ~[client-intermediary.jar:?]
	at knot/net.minecraft.class_4069.method_25402(class_4069.java:38) ~[client-intermediary.jar:?]
	at knot/net.minecraft.class_312.method_1611(class_312.java:107) ~[client-intermediary.jar:?]
	at knot/net.minecraft.class_437.method_25412(class_437.java:431) ~[client-intermediary.jar:?]
	at knot/net.minecraft.class_312.method_1601(class_312.java:107) ~[client-intermediary.jar:?]
	at knot/net.minecraft.class_312.method_22686(class_312.java:196) ~[client-intermediary.jar:?]
	at knot/net.minecraft.class_1255.execute(class_1255.java:108) ~[client-intermediary.jar:?]
	at knot/net.minecraft.class_312.method_22684(class_312.java:196) ~[client-intermediary.jar:?]
	at knot/org.lwjgl.glfw.GLFWMouseButtonCallbackI.callback(GLFWMouseButtonCallbackI.java:43) [lwjgl-glfw-3.3.3.jar:?]
	at knot/org.lwjgl.system.JNI.invokeV(Native Method) ~[lwjgl-3.3.3.jar:?]
	at knot/org.lwjgl.glfw.GLFW.glfwWaitEventsTimeout(GLFW.java:3509) [lwjgl-glfw-3.3.3.jar:?]
	at knot/com.mojang.blaze3d.systems.RenderSystem.limitDisplayFPS(RenderSystem.java:184) [client-intermediary.jar:?]
	at knot/net.minecraft.class_310.method_1523(class_310.java:1310) [client-intermediary.jar:?]
	at knot/net.minecraft.class_310.method_1514(class_310.java:882) [client-intermediary.jar:?]
	at knot/net.minecraft.client.main.Main.main(Main.java:256) [client-intermediary.jar:?]
	at net.fabricmc.loader.impl.game.minecraft.MinecraftGameProvider.launch(MinecraftGameProvider.java:480) [fabric-loader-0.16.10.jar:?]
	at net.fabricmc.loader.impl.launch.knot.Knot.launch(Knot.java:74) [fabric-loader-0.16.10.jar:?]
	at net.fabricmc.loader.impl.launch.knot.KnotClient.main(KnotClient.java:23) [fabric-loader-0.16.10.jar:?]
[15:04:36] [Render thread/ERROR]: Parsing error loading recipe magistuarmory:pitchfork
com.google.gson.JsonParseException: No key id in MapLike[{"item":"magistuarmory:pitchfork","count":1}]
	at knot/com.mojang.serialization.DataResult$Error.getOrThrow(DataResult.java:287) ~[datafixerupper-8.0.16.jar:?]
	at knot/net.minecraft.class_1863.method_20705(class_1863.java:62) ~[client-intermediary.jar:?]
	at knot/net.minecraft.class_1863.method_18788(class_1863.java:35) ~[client-intermediary.jar:?]
	at knot/net.minecraft.class_4080.method_18790(class_4080.java:13) ~[client-intermediary.jar:?]
	at java.base/java.util.concurrent.CompletableFuture$UniAccept.tryFire(CompletableFuture.java:718) ~[?:?]
	at java.base/java.util.concurrent.CompletableFuture$Completion.run(CompletableFuture.java:482) ~[?:?]
	at knot/net.minecraft.class_4014.method_18365(class_4014.java:69) ~[client-intermediary.jar:?]
	at knot/net.minecraft.class_1255.method_18859(class_1255.java:162) ~[client-intermediary.jar:?]
	at knot/net.minecraft.class_4093.method_18859(class_4093.java:23) ~[client-intermediary.jar:?]
	at knot/net.minecraft.class_1255.method_16075(class_1255.java:136) ~[client-intermediary.jar:?]
	at knot/net.minecraft.class_1255.method_18857(class_1255.java:145) ~[client-intermediary.jar:?]
	at knot/net.minecraft.class_7196.method_45694(class_7196.java:182) ~[client-intermediary.jar:?]
	at knot/net.minecraft.class_7196.method_54610(class_7196.java:137) ~[client-intermediary.jar:?]
	at knot/net.minecraft.class_7196.method_57780(class_7196.java:323) ~[client-intermediary.jar:?]
	at knot/net.minecraft.class_7196.method_57781(class_7196.java:313) ~[client-intermediary.jar:?]
	at knot/net.minecraft.class_7196.method_57782(class_7196.java:278) ~[client-intermediary.jar:?]
	at knot/net.minecraft.class_7196.method_57784(class_7196.java:243) ~[client-intermediary.jar:?]
	at knot/net.minecraft.class_528$class_4272.method_20164(class_528.java:434) ~[client-intermediary.jar:?]
	at knot/net.minecraft.class_528$class_4272.method_25402(class_528.java:411) ~[client-intermediary.jar:?]
	at knot/net.minecraft.class_350.method_25402(class_350.java:315) ~[client-intermediary.jar:?]
	at knot/net.minecraft.class_4069.method_25402(class_4069.java:38) ~[client-intermediary.jar:?]
	at knot/net.minecraft.class_312.method_1611(class_312.java:107) ~[client-intermediary.jar:?]
	at knot/net.minecraft.class_437.method_25412(class_437.java:431) ~[client-intermediary.jar:?]
	at knot/net.minecraft.class_312.method_1601(class_312.java:107) ~[client-intermediary.jar:?]
	at knot/net.minecraft.class_312.method_22686(class_312.java:196) ~[client-intermediary.jar:?]
	at knot/net.minecraft.class_1255.execute(class_1255.java:108) ~[client-intermediary.jar:?]
	at knot/net.minecraft.class_312.method_22684(class_312.java:196) ~[client-intermediary.jar:?]
	at knot/org.lwjgl.glfw.GLFWMouseButtonCallbackI.callback(GLFWMouseButtonCallbackI.java:43) [lwjgl-glfw-3.3.3.jar:?]
	at knot/org.lwjgl.system.JNI.invokeV(Native Method) ~[lwjgl-3.3.3.jar:?]
	at knot/org.lwjgl.glfw.GLFW.glfwWaitEventsTimeout(GLFW.java:3509) [lwjgl-glfw-3.3.3.jar:?]
	at knot/com.mojang.blaze3d.systems.RenderSystem.limitDisplayFPS(RenderSystem.java:184) [client-intermediary.jar:?]
	at knot/net.minecraft.class_310.method_1523(class_310.java:1310) [client-intermediary.jar:?]
	at knot/net.minecraft.class_310.method_1514(class_310.java:882) [client-intermediary.jar:?]
	at knot/net.minecraft.client.main.Main.main(Main.java:256) [client-intermediary.jar:?]
	at net.fabricmc.loader.impl.game.minecraft.MinecraftGameProvider.launch(MinecraftGameProvider.java:480) [fabric-loader-0.16.10.jar:?]
	at net.fabricmc.loader.impl.launch.knot.Knot.launch(Knot.java:74) [fabric-loader-0.16.10.jar:?]
	at net.fabricmc.loader.impl.launch.knot.KnotClient.main(KnotClient.java:23) [fabric-loader-0.16.10.jar:?]
[15:04:36] [Render thread/ERROR]: Parsing error loading recipe magistuarmory:blacksmith_hammer
com.google.gson.JsonParseException: No key id in MapLike[{"item":"magistuarmory:blacksmith_hammer","count":1}]
	at knot/com.mojang.serialization.DataResult$Error.getOrThrow(DataResult.java:287) ~[datafixerupper-8.0.16.jar:?]
	at knot/net.minecraft.class_1863.method_20705(class_1863.java:62) ~[client-intermediary.jar:?]
	at knot/net.minecraft.class_1863.method_18788(class_1863.java:35) ~[client-intermediary.jar:?]
	at knot/net.minecraft.class_4080.method_18790(class_4080.java:13) ~[client-intermediary.jar:?]
	at java.base/java.util.concurrent.CompletableFuture$UniAccept.tryFire(CompletableFuture.java:718) ~[?:?]
	at java.base/java.util.concurrent.CompletableFuture$Completion.run(CompletableFuture.java:482) ~[?:?]
	at knot/net.minecraft.class_4014.method_18365(class_4014.java:69) ~[client-intermediary.jar:?]
	at knot/net.minecraft.class_1255.method_18859(class_1255.java:162) ~[client-intermediary.jar:?]
	at knot/net.minecraft.class_4093.method_18859(class_4093.java:23) ~[client-intermediary.jar:?]
	at knot/net.minecraft.class_1255.method_16075(class_1255.java:136) ~[client-intermediary.jar:?]
	at knot/net.minecraft.class_1255.method_18857(class_1255.java:145) ~[client-intermediary.jar:?]
	at knot/net.minecraft.class_7196.method_45694(class_7196.java:182) ~[client-intermediary.jar:?]
	at knot/net.minecraft.class_7196.method_54610(class_7196.java:137) ~[client-intermediary.jar:?]
	at knot/net.minecraft.class_7196.method_57780(class_7196.java:323) ~[client-intermediary.jar:?]
	at knot/net.minecraft.class_7196.method_57781(class_7196.java:313) ~[client-intermediary.jar:?]
	at knot/net.minecraft.class_7196.method_57782(class_7196.java:278) ~[client-intermediary.jar:?]
	at knot/net.minecraft.class_7196.method_57784(class_7196.java:243) ~[client-intermediary.jar:?]
	at knot/net.minecraft.class_528$class_4272.method_20164(class_528.java:434) ~[client-intermediary.jar:?]
	at knot/net.minecraft.class_528$class_4272.method_25402(class_528.java:411) ~[client-intermediary.jar:?]
	at knot/net.minecraft.class_350.method_25402(class_350.java:315) ~[client-intermediary.jar:?]
	at knot/net.minecraft.class_4069.method_25402(class_4069.java:38) ~[client-intermediary.jar:?]
	at knot/net.minecraft.class_312.method_1611(class_312.java:107) ~[client-intermediary.jar:?]
	at knot/net.minecraft.class_437.method_25412(class_437.java:431) ~[client-intermediary.jar:?]
	at knot/net.minecraft.class_312.method_1601(class_312.java:107) ~[client-intermediary.jar:?]
	at knot/net.minecraft.class_312.method_22686(class_312.java:196) ~[client-intermediary.jar:?]
	at knot/net.minecraft.class_1255.execute(class_1255.java:108) ~[client-intermediary.jar:?]
	at knot/net.minecraft.class_312.method_22684(class_312.java:196) ~[client-intermediary.jar:?]
	at knot/org.lwjgl.glfw.GLFWMouseButtonCallbackI.callback(GLFWMouseButtonCallbackI.java:43) [lwjgl-glfw-3.3.3.jar:?]
	at knot/org.lwjgl.system.JNI.invokeV(Native Method) ~[lwjgl-3.3.3.jar:?]
	at knot/org.lwjgl.glfw.GLFW.glfwWaitEventsTimeout(GLFW.java:3509) [lwjgl-glfw-3.3.3.jar:?]
	at knot/com.mojang.blaze3d.systems.RenderSystem.limitDisplayFPS(RenderSystem.java:184) [client-intermediary.jar:?]
	at knot/net.minecraft.class_310.method_1523(class_310.java:1310) [client-intermediary.jar:?]
	at knot/net.minecraft.class_310.method_1514(class_310.java:882) [client-intermediary.jar:?]
	at knot/net.minecraft.client.main.Main.main(Main.java:256) [client-intermediary.jar:?]
	at net.fabricmc.loader.impl.game.minecraft.MinecraftGameProvider.launch(MinecraftGameProvider.java:480) [fabric-loader-0.16.10.jar:?]
	at net.fabricmc.loader.impl.launch.knot.Knot.launch(Knot.java:74) [fabric-loader-0.16.10.jar:?]
	at net.fabricmc.loader.impl.launch.knot.KnotClient.main(KnotClient.java:23) [fabric-loader-0.16.10.jar:?]
[15:04:36] [Render thread/INFO]: Loaded 1997 recipes
[15:04:36] [Render thread/ERROR]: Parsing error loading custom advancement jrftl:unlock_hardmode_smelting: Failed to get element jrftl:prepared_flesh missed input: {"have_rotten_flesh":{"trigger":"minecraft:inventory_changed","conditions":{"items":[{"items":["jrftl:prepared_flesh"]}]}}}
[15:04:36] [Render thread/INFO]: Loaded 1443 advancements
[15:04:36] [Render thread/INFO]: Applied 0 biome modifications to 0 of 64 new biomes in 1.722 ms
[15:04:36] [Server thread/INFO]: Encoded Weapon Attribute registry size (with package overhead): 7863 bytes (in 1 string chunks with the size of 10000)
[15:04:36] [Server thread/INFO]: Starting integrated minecraft server version 1.21.1
[15:04:36] [Server thread/INFO]: Generating keypair
[15:04:37] [Server thread/INFO]: Preparing start region for dimension minecraft:overworld
[15:04:37] [Render thread/INFO]: Preparing spawn area: 0%
[15:04:37] [Render thread/INFO]: Time elapsed: 323 ms
[15:04:37] [Server thread/INFO]: Changing view distance to 8, from 10
[15:04:37] [Server thread/INFO]: Changing simulation distance to 8, from 0
[15:04:38] [Netty Local Client IO #0/INFO]: Received FT configuration packet from server, setting up proxy config values
[15:04:38] [Netty Local Client IO #0/INFO]: Received config sync packet
[15:04:38] [Netty Local Client IO #0/INFO]: Decoded Weapon Attribute registry in 1 string chunks
[15:04:38] [Server thread/INFO]: HieuBeta[local:E:65ed7d72] logged in with entity id 10 at (-61.73564545385611, -60.0, 336.6891496613965)
[15:04:38] [Server thread/INFO]: HieuBeta joined the game
[15:04:38] [Render thread/INFO]: Started 6 worker threads
[15:04:38] [Render thread/INFO]: Starting JEI...
[15:04:38] [Render thread/INFO]: Registering item subtypes...
[15:04:38] [Render thread/INFO]: Registering item subtypes took 5.397 ms
[15:04:38] [Render thread/INFO]: Registering fluid subtypes...
[15:04:38] [Render thread/INFO]: Registering fluid subtypes took 1.744 ms
[15:04:38] [Render thread/INFO]: Registering ingredients...
[15:04:38] [Render thread/WARN]: Item Group has no display items and no search tab display items. Items from this group will be missing from the JEI ingredient list. Operator Utilities
[15:04:38] [Render thread/INFO]: Registering ingredients: jei:minecraft took 109.0 milliseconds
[15:04:38] [Render thread/INFO]: Registering ingredients took 109.6 ms
[15:04:38] [Render thread/INFO]: Registering extra ingredients...
[15:04:38] [Render thread/INFO]: Registering extra ingredients took 300.9 s
[15:04:38] [Render thread/INFO]: Registering search ingredient aliases...
[15:04:38] [Render thread/INFO]: Registering search ingredient aliases took 779.7 s
[15:04:38] [Render thread/INFO]: Registering Mod Info...
[15:04:38] [Render thread/INFO]: Registering Mod Info took 252.8 s
[15:04:38] [Render thread/INFO]: Registering categories...
[15:04:38] [Render thread/INFO]: Registering categories: jei:minecraft took 15.50 milliseconds
[15:04:38] [Render thread/INFO]: Registering categories took 17.21 ms
[15:04:38] [Render thread/INFO]: Registering vanilla category extensions...
[15:04:38] [Render thread/INFO]: Registering vanilla category extensions took 2.361 ms
[15:04:38] [Render thread/INFO]: Registering recipe catalysts...
[15:04:38] [Render thread/INFO]: Registering recipe catalysts took 722.7 s
[15:04:38] [Render thread/INFO]: Building recipe registry...
[15:04:38] [Render thread/INFO]: Building recipe registry took 15.98 ms
[15:04:38] [Render thread/INFO]: Registering advanced plugins...
[15:04:38] [Render thread/INFO]: Registering advanced plugins took 289.0 s
[15:04:38] [Render thread/INFO]: Registering recipes...
[15:04:39] [Render thread/INFO]: Registering recipes: jei:minecraft took 236.3 milliseconds
[15:04:39] [Render thread/INFO]: Registering recipes took 236.9 ms
[15:04:39] [Render thread/INFO]: Registering recipes transfer handlers...
[15:04:39] [Render thread/INFO]: Registering recipes transfer handlers took 3.794 ms
[15:04:39] [Render thread/INFO]: Building runtime...
[15:04:39] [Render thread/INFO]: Registering gui handlers...
[15:04:39] [Render thread/INFO]: Registering gui handlers took 12.55 ms
[15:04:39] [Render thread/INFO]: Registering Runtime...
[15:04:39] [Render thread/INFO]: Starting JEI GUI
[15:04:39] [Render thread/INFO]: Building ingredient list...
[15:04:39] [Render thread/INFO]: Building ingredient list took 46.73 ms
[15:04:39] [Render thread/INFO]: Building ingredient filter...
[15:04:39] [Render thread/INFO]: Adding 2428 ingredients
[15:04:39] [Render thread/INFO]: Added 2428 ingredients
[15:04:39] [Render thread/INFO]: Building ingredient filter took 307.6 ms
[15:04:39] [Render thread/INFO]: Registering Runtime: jei:fabric_gui took 428.6 milliseconds
[15:04:39] [Render thread/INFO]: Registering Runtime took 429.7 ms
[15:04:39] [Render thread/INFO]: Building runtime took 461.7 ms
[15:04:39] [Render thread/INFO]: Sending Runtime...
[15:04:39] [Render thread/INFO]: Sending Runtime took 205.6 s
[15:04:39] [Render thread/INFO]: Starting JEI took 935.4 ms
[15:04:39] [Render thread/INFO]: Loaded 142 advancements
[15:04:40] [Server thread/INFO]: Saving and pausing game...
[15:04:40] [Server thread/INFO]: Saving chunks for level 'ServerLevel[New World]'/minecraft:overworld
[15:04:40] [Server thread/INFO]: Saving chunks for level 'ServerLevel[New World]'/minecraft:the_end
[15:04:40] [Server thread/INFO]: Saving chunks for level 'ServerLevel[New World]'/minecraft:the_nether
[15:04:43] [Render thread/INFO]: [System] [CHAT] eJourneyMap:f Press [bJf]
[15:04:52] [Render thread/INFO]: Loaded 146 advancements
[15:05:40] [Server thread/INFO]: Saving and pausing game...
[15:05:40] [Server thread/INFO]: Saving chunks for level 'ServerLevel[New World]'/minecraft:overworld
[15:05:40] [Server thread/INFO]: Saving chunks for level 'ServerLevel[New World]'/minecraft:the_end
[15:05:40] [Server thread/INFO]: Saving chunks for level 'ServerLevel[New World]'/minecraft:the_nether
[15:05:41] [Netty Local Client IO #0/INFO]: Disconnected from server, resetting proxy config values
[15:05:41] [Server thread/INFO]: HieuBeta lost connection: Disconnected
[15:05:41] [Server thread/INFO]: HieuBeta left the game
[15:05:41] [Server thread/INFO]: Stopping singleplayer server as player logged out
[15:05:41] [Server thread/INFO]: Stopping server
[15:05:41] [Server thread/INFO]: Saving players
[15:05:41] [Server thread/INFO]: Saving worlds
[15:05:41] [Server thread/INFO]: Saving chunks for level 'ServerLevel[New World]'/minecraft:overworld
[15:05:41] [Server thread/INFO]: Saving chunks for level 'ServerLevel[New World]'/minecraft:the_end
[15:05:41] [Server thread/INFO]: Saving chunks for level 'ServerLevel[New World]'/minecraft:the_nether
[15:05:41] [Server thread/INFO]: ThreadedAnvilChunkStorage (New World): All chunks are saved
[15:05:41] [Server thread/INFO]: ThreadedAnvilChunkStorage (DIM1): All chunks are saved
[15:05:41] [Server thread/INFO]: ThreadedAnvilChunkStorage (DIM-1): All chunks are saved
[15:05:41] [Server thread/INFO]: ThreadedAnvilChunkStorage: All dimensions are saved
[15:05:41] [Render thread/INFO]: Stopping worker threads
[15:05:41] [Render thread/INFO]: [ETF]: emissive suffixes loaded: {_e}.
[15:05:42] [Render thread/INFO]: Stopping!
