[12:24:01] [Render thread/INFO] [JMLogger] JourneyMap log initialized.
[12:24:01] [Render thread/INFO] [JourneymapClient] initialize ENTER
[12:24:01] [Render thread/INFO] [ClientAPI] [ClientAPI] built with JourneyMap API 2.0.0-SNAPSHOT
[12:24:01] [Render thread/INFO] [PluginHelper] Initializing plugins with Client API: journeymap.api.client.impl.ClientAPI
[12:24:01] [Render thread/INFO] [PluginHelper] Initialized IClientPlugin: journeymap.api.plugins.LoadedChunkOverlayPlugin
[12:24:01] [Render thread/WARN] [PropertiesBase] core (Initialized) Bad configField entry during updateFrom(): optionsManagerViewed=null
[12:24:01] [Render thread/INFO] [?] Version: JourneyMap 1.21.1-6.0.0-beta.39, built with fabric 0.105.0+1.21.1
fabric: 0.16.5
Environment: os.name, os.arch, java.version, user.country, user.language=null, game language=en_us, locale=en_us
Features: 
	RadarPlayers : singleplayer = true , multiplayer = true
	RadarAnimals : singleplayer = true , multiplayer = true
	RadarMobs : singleplayer = true , multiplayer = true
	RadarVillagers : singleplayer = true , multiplayer = true
	MapTopo : singleplayer = true , multiplayer = true
	MapSurface : singleplayer = true , multiplayer = true
	MapCaves : singleplayer = true , multiplayer = true
	MapBiome : singleplayer = true , multiplayer = true
MiniMapProperties{state=Valid, file=journeymap.minimap.config, configVersion=6.0.0-beta.39, infoSlotTimeFormat=HH:mm:ss, zoomLevel=512, compassFontScale=1.0, infoSlotFontScale=1.0, terrainAlpha=100, showEntityNames=false, showPassiveNames=false, positionX=0.9, positionY=0.25, effectVertical=false, showPlayerHeading=true, sizePercent=30, playerDisplayScale=1.0, showDayNight=true, showPets=true, showPlayerNames=true, preferredMapType=day, showCompass=true, showNpcNames=false, mobDisplay=jm.common.entity_display.dots_and_outlined_icons, showHostileNames=false, systemTimeRealFormat=HH:mm:ss, shape=jm.minimap.shape_circle, showSelf=true, showVillagerNames=false, selfDisplayScale=1.0, showGrid=true, reticleOrientation=jm.minimap.orientation.compass, minimapLockedMapType=jm.common.map_type.auto, effectTranslateX=0, info3LabelPosition=jm.minimap.info_slot.bottom, showWaypoints=true, info2LabelPosition=jm.minimap.info_slot.top, minimapKeyMovementSpeed=0.001, info1LabelPosition=jm.minimap.info_slot.top, showAnimals=true, infoSlotAlpha=0.7, effectTranslateY=0, showWaypointLabels=true, showAmbientNames=false, moveEffectIcons=true, showTeamNames=true, position=jm.minimap.position_topright, fontScale=1.0, info4LabelPosition=jm.minimap.info_slot.bottom, showPlayers=true, waypointIconScale=1.0, frameAlpha=100, effectReversed=false, backgroundAlpha=0.8, enabled=true, showVillagers=true, info2Label=jm.theme.labelsource.gametime, info3Label=jm.theme.labelsource.location, caveLayer=4, showMobs=true, waypointLabelScale=1.0, showReticle=true, orientation=jm.minimap.orientation.north, info4Label=jm.theme.labelsource.biome, locationFormat=xzyv, playerDisplay=jm.common.entity_display.outlined_icons, mobDisplayScale=1.0, showOffScreenPlayers=true, showCaves=true, showMobHeading=true, locationFormatVerbose=true, showAmbientCreatures=false, showPetNames=false, info1Label=jm.theme.labelsource.blank, showNoIconNames=true}
MiniMapProperties{state=Valid, file=journeymap.minimap2.config, configVersion=6.0.0-beta.39, infoSlotTimeFormat=HH:mm:ss, zoomLevel=512, compassFontScale=1.0, infoSlotFontScale=1.0, terrainAlpha=100, showEntityNames=true, showPassiveNames=false, positionX=0.9, positionY=0.25, effectVertical=false, showPlayerHeading=true, sizePercent=30, playerDisplayScale=1.0, showDayNight=true, showPets=true, showPlayerNames=true, preferredMapType=day, showCompass=true, showNpcNames=false, mobDisplay=jm.common.entity_display.dots_and_outlined_icons, showHostileNames=false, systemTimeRealFormat=HH:mm:ss, shape=jm.minimap.shape_rectangle, showSelf=true, showVillagerNames=false, selfDisplayScale=1.0, showGrid=true, reticleOrientation=jm.minimap.orientation.compass, minimapLockedMapType=jm.common.map_type.auto, effectTranslateX=0, info3LabelPosition=jm.minimap.info_slot.bottom, showWaypoints=true, info2LabelPosition=jm.minimap.info_slot.top, minimapKeyMovementSpeed=0.001, info1LabelPosition=jm.minimap.info_slot.top, showAnimals=true, infoSlotAlpha=0.7, effectTranslateY=0, showWaypointLabels=true, showAmbientNames=false, moveEffectIcons=true, showTeamNames=true, position=jm.minimap.position_topright, fontScale=1.0, info4LabelPosition=jm.minimap.info_slot.bottom, showPlayers=true, waypointIconScale=1.0, frameAlpha=100, effectReversed=false, backgroundAlpha=0.8, enabled=true, showVillagers=true, info2Label=jm.theme.labelsource.gametime, info3Label=jm.theme.labelsource.location, caveLayer=4, showMobs=true, waypointLabelScale=1.0, showReticle=true, orientation=jm.minimap.orientation.north, info4Label=jm.theme.labelsource.biome, locationFormat=xzyv, playerDisplay=jm.common.entity_display.outlined_icons, mobDisplayScale=1.0, showOffScreenPlayers=true, showCaves=true, showMobHeading=true, locationFormatVerbose=true, showAmbientCreatures=false, showPetNames=false, info1Label=jm.theme.labelsource.blank, showNoIconNames=true}
FullMapProperties{state=Valid, file=journeymap.fullmap.config, configVersion=6.0.0-beta.39, zoomLevel=2048, minimalMode=false, showPlayers=true, waypointIconScale=1.0, showEntityNames=false, showPassiveNames=false, showPlayerHeading=true, showVillagers=true, showPlayerLoc=true, showKeys=true, playerDisplayScale=1.0, showMobs=true, showPets=true, waypointLabelScale=1.0, showPlayerNames=true, preferredMapType=day, showNpcNames=false, mobDisplay=jm.common.entity_display.dots_and_outlined_icons, showHostileNames=false, showSelf=true, locationFormat=xzyv, playerDisplay=jm.common.entity_display.outlined_icons, showVillagerNames=false, mobDisplayScale=1.0, selfDisplayScale=1.0, showOffScreenPlayers=true, showGrid=true, showMouseLoc=true, showWaypoints=true, showCaves=true, showThemeButton=true, showAnimals=true, dragScale=1, showMobHeading=true, showWaypointLabels=true, locationFormatVerbose=true, showAmbientNames=false, showAmbientCreatures=false, showTeamNames=true, showPetNames=false, fontScale=1.0, showNoIconNames=true}
WaypointProperties{state=Valid, file=journeymap.waypoint.config, configVersion=6.0.0-beta.39, autoRemoveDeathpointDistance=2, dateFormat=MM-dd-yyyy, autoHideIconAngle=5, autoRemoveDeathpoints=false, autoHideIcon=false, autoHideLabelAngle=5, renderWaypointsWorld=true, showDeleteConfirmation=true, fullscreenDoubleClickToCreate=true, minDistance=4, boldLabel=false, disableShare=false, showDeathpointlabel=true, textureSmall=true, beaconEnabled=true, createDeathpoints=true, disableStrikeThrough=false, renderWaypointsMap=true, showName=true, maxDistance=0, autoHideLabel=true, autoRemoveTempWaypoints=2, teleportCommand=/tp {name} {x} {y} {z}, showStaticBeam=true, renderWaypoints=true, wholeNumberTeleportCoords=false, timeFormat=HH:mm:ss, shaderBeacon=false, showDistance=true, showRotatingBeam=true, fontScale=2.0, managerEnabled=true}
WebMapProperties{state=Valid, file=journeymap.webmap.config, configVersion=6.0.0-beta.39, port=8080, enabled=false}
CoreProperties{state=Valid, file=journeymap.core.config, configVersion=6.0.0-beta.39, maxPlayersData=32, mapSurfaceAboveCaves=true, dataCachingEnabled=true, maxAmbientCreaturesData=32, optionsManagerViewed=null, announceMod=true, ignoreSnow=false, colorPassive=#bbbbbb, colorPassiveLabel=#bbbbbb, mapShadows=true, mapBlendWater=true, playerIconFade=true, renderDistanceSurfaceMax=0, seedId=false, colorPetLabel=#0077ff, radarVerticalDistance=16, mapBlendGrass=true, recordCacheStats=false, hideSneakingEntities=true, initialSortOrder=Name, colorPlayerLabel=#ffffff, revealShape=jm.minimap.shape_circle, mapBiome=true, caveShader=jm.common.map_filter.default, mipmapLevels=5, colorVillagerLabel=#88e188, alwaysMapSurface=false, biomeShader=jm.common.map_filter.default, colorVillager=#88e188, mapPlants=false, colorPet=#0077ff, sortDescending=true, radarLateralDistance=64, mapBathymetry=false, mapCrops=true, maxMobsData=32, dayShader=jm.common.map_filter.default, mapPlantShadows=false, alwaysMapCaves=false, checkUpdates=true, colorHostileLabel=#ff0000, mapBlendFoliage=true, topoMax=0, hideSpectators=false, mappingEnabled=true, colorPlayer=#ffffff, cacheVillagersData=2200, logLevel=INFO, maxVillagersData=32, mapWaterBiomeColors=true, maxAnimalsData=32, mapTransparency=true, caveBlackAsClear=false, caveModeThreshold=2, legacyIcons=false, netherShader=jm.common.map_filter.default, caveIgnoreGlass=true, mapTopography=true, renderDistanceCaveMax=0, mapAntialiasing=true, colorSelf=#0000ff, cachePlayersData=2000, nightShader=jm.common.map_filter.default, cacheMobsData=3000, cachePlayerData=1000, splashViewed=6.0.0-beta.39, colorHostile=#ff0000, topoShader=jm.common.map_filter.default, cacheAnimalsData=3100, ignoreHeightmaps=false, themeName=Purist, mapCaveLighting=true, renderDelay=2, mobIconFade=true, serverIp=false, glErrorChecking=false, autoMapPoll=2000}
[12:24:01] [Render thread/INFO] [JourneymapClient] initialize EXIT, elapsed count 1 avg 295,95ms
[12:24:02] [Render thread/INFO] [ThemeLoader] Preloaded theme textures: 73
[12:24:02] [Render thread/INFO] [JourneymapClient] postInitialize EXIT, elapsed count 1 avg 685,27ms
[12:24:05] [Render thread/INFO] [ColorPalette] Color palette file generated for 0 blockstates in 0ms for: Default Palette
[12:24:15] [Render thread/INFO] [ColorPalette] Color palette file generated for 0 blockstates in 0ms for: Default Palette
[12:24:25] [Render thread/WARN] [PropertiesBase] core (Initialized) Bad configField entry during updateFrom(): optionsManagerViewed=null
[12:24:25] [Render thread/INFO] [WaypointHandler] Resetting Waypoints and Groups.
[12:24:25] [Render thread/INFO] [WaypointStore] Loaded 1 waypoints from disk.
[12:24:25] [Render thread/INFO] [WaypointGroupStore] Loaded 4 waypoint groups from disk.
[12:24:25] [Render thread/INFO] [LegacyWaypointFileMigrator] 0 Legacy waypoints found that need to be migrated and backed up.
[12:24:25] [Render thread/INFO] [ColorPalette] Color palette file generated for 0 blockstates in 0ms for: C:\Users\Admin\AppData\Roaming\.minecraft\versions\Mod Fabric 1.21.1\journeymap\colorpalette.json
[12:24:25] [Render thread/INFO] [ColorPalette] Color palette file generated for 0 blockstates in 1ms for: C:\Users\Admin\AppData\Roaming\.minecraft\versions\Mod Fabric 1.21.1\journeymap\data\sp\LolMaic\colorpalette.json
[12:24:25] [Render thread/INFO] [JourneymapClient] Mapping started in C:\Users\Admin\AppData\Roaming\.minecraft\versions\Mod Fabric 1.21.1\journeymap\data\sp\LolMaic\overworld. Memory: 1824MB total, 1164MB free 
[12:24:25] [Render thread/INFO] [ChatLog] JourneyMap: Press [J]
[12:26:07] [Render thread/INFO] [JourneymapClient] Mapping halted in C:\Users\Admin\AppData\Roaming\.minecraft\versions\Mod Fabric 1.21.1\journeymap\data\sp\LolMaic\minecraft:overworld
[12:26:08] [Render thread/WARN] [PropertiesBase] core (Initialized) Bad configField entry during updateFrom(): optionsManagerViewed=null
[12:26:08] [Render thread/INFO] [WaypointHandler] Resetting Waypoints and Groups.
[12:26:08] [Render thread/INFO] [WaypointStore] Loaded 1 waypoints from disk.
[12:26:08] [Render thread/INFO] [WaypointGroupStore] Loaded 4 waypoint groups from disk.
[12:26:08] [Render thread/INFO] [LegacyWaypointFileMigrator] 0 Legacy waypoints found that need to be migrated and backed up.
[12:26:08] [Render thread/INFO] [ColorPalette] Color palette file generated for 0 blockstates in 1ms for: C:\Users\Admin\AppData\Roaming\.minecraft\versions\Mod Fabric 1.21.1\journeymap\colorpalette.json
[12:26:08] [Render thread/INFO] [ColorPalette] Color palette file generated for 0 blockstates in 0ms for: C:\Users\Admin\AppData\Roaming\.minecraft\versions\Mod Fabric 1.21.1\journeymap\data\sp\LolMaic\colorpalette.json
[12:26:08] [Render thread/INFO] [JourneymapClient] Mapping started in C:\Users\Admin\AppData\Roaming\.minecraft\versions\Mod Fabric 1.21.1\journeymap\data\sp\LolMaic\the_nether. Memory: 1824MB total, 899MB free 
[12:37:00] [Render thread/INFO] [DeathPointHandler] HieuBeta died at class_2338{x=-261, y=77, z=482}. Deathpoints enabled: true. Deathpoint created: true
[12:37:00] [Render thread/WARN] [StatTimer] MiniMap2.Rectangle is not running.
[12:37:00] [Render thread/WARN] [StatTimer] MiniMap2.Rectangle is not running.
[12:37:00] [Render thread/WARN] [StatTimer] MiniMap2.Rectangle is not running.
[12:37:00] [Render thread/WARN] [StatTimer] MiniMap2.Rectangle is not running.
[12:37:01] [Render thread/WARN] [StatTimer] MiniMap2.Rectangle is not running.
[12:37:01] [Render thread/WARN] [StatTimer] MiniMap2.Rectangle is not running.
[12:37:01] [Render thread/WARN] [StatTimer] MiniMap2.Rectangle is not running.
[12:37:01] [Render thread/WARN] [StatTimer] MiniMap2.Rectangle is not running.
[12:37:01] [Render thread/WARN] [StatTimer] MiniMap2.Rectangle is not running.
[12:37:01] [Render thread/WARN] [StatTimer] MiniMap2.Rectangle is not running.
[12:37:01] [Render thread/WARN] [StatTimer] MiniMap2.Rectangle is not running.
[12:37:01] [Render thread/WARN] [StatTimer] MiniMap2.Rectangle is not running.
[12:37:01] [Render thread/WARN] [StatTimer] MiniMap2.Rectangle is not running.
[12:37:01] [Render thread/WARN] [StatTimer] MiniMap2.Rectangle is not running.
[12:37:01] [Render thread/WARN] [StatTimer] MiniMap2.Rectangle is not running.
[12:37:01] [Render thread/WARN] [StatTimer] MiniMap2.Rectangle is not running.
[12:37:01] [Render thread/WARN] [StatTimer] MiniMap2.Rectangle is not running.
[12:37:01] [Render thread/WARN] [StatTimer] MiniMap2.Rectangle is not running.
[12:37:01] [Render thread/WARN] [StatTimer] MiniMap2.Rectangle is not running.
[12:37:01] [Render thread/WARN] [StatTimer] MiniMap2.Rectangle is not running.
[12:37:01] [Render thread/WARN] [StatTimer] MiniMap2.Rectangle is not running.
[12:37:01] [Render thread/WARN] [StatTimer] MiniMap2.Rectangle is not running.
[12:37:01] [Render thread/WARN] [StatTimer] MiniMap2.Rectangle is not running.
[12:37:01] [Render thread/WARN] [StatTimer] MiniMap2.Rectangle is not running.
[12:37:01] [Render thread/WARN] [StatTimer] MiniMap2.Rectangle is not running.
[12:37:01] [Render thread/WARN] [StatTimer] MiniMap2.Rectangle is not running.
[12:37:01] [Render thread/WARN] [StatTimer] MiniMap2.Rectangle is not running.
[12:37:01] [Render thread/WARN] [StatTimer] MiniMap2.Rectangle is not running.
[12:37:01] [Render thread/WARN] [StatTimer] MiniMap2.Rectangle is not running.
[12:37:01] [Render thread/WARN] [StatTimer] MiniMap2.Rectangle is not running.
[12:37:01] [Render thread/WARN] [StatTimer] MiniMap2.Rectangle is not running.
[12:37:01] [Render thread/WARN] [StatTimer] MiniMap2.Rectangle is not running.
[12:37:01] [Render thread/WARN] [StatTimer] MiniMap2.Rectangle is not running.
[12:37:01] [Render thread/WARN] [StatTimer] MiniMap2.Rectangle is not running.
[12:37:01] [Render thread/WARN] [StatTimer] MiniMap2.Rectangle is not running.
[12:37:01] [Render thread/WARN] [StatTimer] MiniMap2.Rectangle is not running.
[12:37:01] [Render thread/WARN] [StatTimer] MiniMap2.Rectangle is not running.
[12:37:01] [Render thread/WARN] [StatTimer] MiniMap2.Rectangle is not running.
[12:37:01] [Render thread/WARN] [StatTimer] MiniMap2.Rectangle is not running.
[12:37:01] [Render thread/WARN] [StatTimer] MiniMap2.Rectangle is not running.
[12:37:01] [Render thread/WARN] [StatTimer] MiniMap2.Rectangle is not running.
[12:37:01] [Render thread/WARN] [StatTimer] MiniMap2.Rectangle is not running.
[12:37:01] [Render thread/WARN] [StatTimer] MiniMap2.Rectangle is not running.
[12:37:01] [Render thread/WARN] [StatTimer] MiniMap2.Rectangle is not running.
[12:37:01] [Render thread/WARN] [StatTimer] MiniMap2.Rectangle is not running.
[12:37:01] [Render thread/WARN] [StatTimer] MiniMap2.Rectangle is not running.
[12:37:01] [Render thread/WARN] [StatTimer] MiniMap2.Rectangle is not running.
[12:37:01] [Render thread/WARN] [StatTimer] MiniMap2.Rectangle is not running.
[12:37:01] [Render thread/WARN] [StatTimer] MiniMap2.Rectangle is not running.
[12:37:01] [Render thread/WARN] [StatTimer] MiniMap2.Rectangle is not running.
[12:37:01] [Render thread/WARN] [StatTimer] MiniMap2.Rectangle is not running.
[12:37:01] [Render thread/WARN] [StatTimer] MiniMap2.Rectangle is not running.
[12:37:01] [Render thread/WARN] [StatTimer] MiniMap2.Rectangle is not running.
[12:37:01] [Render thread/WARN] [StatTimer] MiniMap2.Rectangle is not running.
[12:37:01] [Render thread/WARN] [StatTimer] MiniMap2.Rectangle is not running.
[12:37:01] [Render thread/WARN] [StatTimer] MiniMap2.Rectangle is not running.
[12:37:01] [Render thread/WARN] [StatTimer] MiniMap2.Rectangle is not running.
[12:37:01] [Render thread/WARN] [StatTimer] MiniMap2.Rectangle is not running.
[12:37:01] [Render thread/WARN] [StatTimer] MiniMap2.Rectangle is not running.
[12:37:01] [Render thread/WARN] [StatTimer] MiniMap2.Rectangle is not running.
[12:37:01] [Render thread/WARN] [StatTimer] MiniMap2.Rectangle is not running.
[12:37:01] [Render thread/WARN] [StatTimer] MiniMap2.Rectangle is not running.
[12:37:01] [Render thread/WARN] [StatTimer] MiniMap2.Rectangle is not running.
[12:37:01] [Render thread/WARN] [StatTimer] MiniMap2.Rectangle is not running.
[12:37:01] [Render thread/WARN] [StatTimer] MiniMap2.Rectangle is not running.
[12:37:01] [Render thread/WARN] [StatTimer] MiniMap2.Rectangle is not running.
[12:37:01] [Render thread/WARN] [StatTimer] MiniMap2.Rectangle is not running.
[12:37:01] [Render thread/WARN] [StatTimer] MiniMap2.Rectangle is not running.
[12:37:01] [Render thread/WARN] [StatTimer] MiniMap2.Rectangle is not running.
[12:37:01] [Render thread/WARN] [StatTimer] MiniMap2.Rectangle is not running.
[12:37:01] [Render thread/WARN] [StatTimer] MiniMap2.Rectangle is not running.
[12:37:01] [Render thread/WARN] [StatTimer] MiniMap2.Rectangle is not running.
[12:37:01] [Render thread/WARN] [StatTimer] MiniMap2.Rectangle is not running.
[12:37:01] [Render thread/WARN] [StatTimer] MiniMap2.Rectangle is not running.
[12:37:01] [Render thread/WARN] [StatTimer] MiniMap2.Rectangle is not running.
[12:37:01] [Render thread/WARN] [StatTimer] MiniMap2.Rectangle is not running.
[12:37:01] [Render thread/WARN] [StatTimer] MiniMap2.Rectangle is not running.
[12:37:01] [Render thread/WARN] [StatTimer] MiniMap2.Rectangle is not running.
[12:37:01] [Render thread/WARN] [StatTimer] MiniMap2.Rectangle is not running.
[12:37:01] [Render thread/WARN] [StatTimer] MiniMap2.Rectangle is not running.
[12:37:01] [Render thread/WARN] [StatTimer] MiniMap2.Rectangle is not running.
[12:37:01] [Render thread/WARN] [StatTimer] MiniMap2.Rectangle is not running.
[12:37:01] [Render thread/WARN] [StatTimer] MiniMap2.Rectangle is not running.
[12:37:01] [Render thread/WARN] [StatTimer] MiniMap2.Rectangle is not running.
[12:37:01] [Render thread/WARN] [StatTimer] MiniMap2.Rectangle is not running.
[12:37:01] [Render thread/WARN] [StatTimer] MiniMap2.Rectangle is not running.
[12:37:01] [Render thread/WARN] [StatTimer] MiniMap2.Rectangle is not running.
[12:37:01] [Render thread/WARN] [StatTimer] MiniMap2.Rectangle is not running.
[12:37:01] [Render thread/WARN] [StatTimer] MiniMap2.Rectangle is not running.
[12:37:01] [Render thread/WARN] [StatTimer] MiniMap2.Rectangle is not running.
[12:37:01] [Render thread/WARN] [StatTimer] MiniMap2.Rectangle is not running.
[12:37:01] [Render thread/WARN] [StatTimer] MiniMap2.Rectangle is not running.
[12:37:01] [Render thread/WARN] [StatTimer] MiniMap2.Rectangle is not running.
[12:37:01] [Render thread/WARN] [StatTimer] MiniMap2.Rectangle is not running.
[12:37:01] [Render thread/WARN] [StatTimer] MiniMap2.Rectangle is not running.
[12:37:01] [Render thread/WARN] [StatTimer] MiniMap2.Rectangle is not running.
[12:37:01] [Render thread/WARN] [StatTimer] MiniMap2.Rectangle is not running.
[12:37:01] [Render thread/WARN] [StatTimer] MiniMap2.Rectangle is not running.
[12:37:01] [Render thread/WARN] [StatTimer] MiniMap2.Rectangle is not running.
[12:37:01] [Render thread/WARN] [StatTimer] MiniMap2.Rectangle is not running.
[12:37:01] [Render thread/WARN] [StatTimer] MiniMap2.Rectangle is not running.
[12:37:01] [Render thread/WARN] [StatTimer] MiniMap2.Rectangle is not running.
[12:37:01] [Render thread/WARN] [StatTimer] MiniMap2.Rectangle is not running.
[12:37:01] [Render thread/WARN] [StatTimer] MiniMap2.Rectangle is not running.
[12:37:01] [Render thread/WARN] [StatTimer] MiniMap2.Rectangle is not running.
[12:37:01] [Render thread/WARN] [StatTimer] MiniMap2.Rectangle is not running.
[12:37:01] [Render thread/WARN] [StatTimer] MiniMap2.Rectangle is not running.
[12:37:01] [Render thread/WARN] [StatTimer] MiniMap2.Rectangle is not running.
[12:37:01] [Render thread/WARN] [StatTimer] MiniMap2.Rectangle is not running.
[12:37:01] [Render thread/WARN] [StatTimer] MiniMap2.Rectangle is not running.
[12:37:01] [Render thread/WARN] [StatTimer] MiniMap2.Rectangle is not running.
[12:37:01] [Render thread/WARN] [StatTimer] MiniMap2.Rectangle is not running.
[12:37:01] [Render thread/WARN] [StatTimer] MiniMap2.Rectangle is not running.
[12:37:01] [Render thread/WARN] [StatTimer] MiniMap2.Rectangle is not running.
[12:37:01] [Render thread/WARN] [StatTimer] MiniMap2.Rectangle is not running.
[12:37:01] [Render thread/WARN] [StatTimer] MiniMap2.Rectangle is not running.
[12:37:01] [Render thread/WARN] [StatTimer] MiniMap2.Rectangle is not running.
[12:37:01] [Render thread/WARN] [StatTimer] MiniMap2.Rectangle is not running.
[12:37:01] [Render thread/WARN] [StatTimer] MiniMap2.Rectangle is not running.
[12:37:01] [Render thread/WARN] [StatTimer] MiniMap2.Rectangle is not running.
[12:37:01] [Render thread/WARN] [StatTimer] MiniMap2.Rectangle is not running.
[12:37:01] [Render thread/WARN] [StatTimer] MiniMap2.Rectangle is not running.
[12:37:01] [Render thread/WARN] [StatTimer] MiniMap2.Rectangle is not running.
[12:37:01] [Render thread/WARN] [StatTimer] MiniMap2.Rectangle is not running.
[12:37:01] [Render thread/WARN] [StatTimer] MiniMap2.Rectangle is not running.
[12:37:01] [Render thread/WARN] [StatTimer] MiniMap2.Rectangle is not running.
[12:37:01] [Render thread/WARN] [StatTimer] MiniMap2.Rectangle is not running.
[12:37:01] [Render thread/WARN] [StatTimer] MiniMap2.Rectangle is not running.
[12:37:01] [Render thread/WARN] [StatTimer] MiniMap2.Rectangle is not running.
[12:37:01] [Render thread/WARN] [StatTimer] MiniMap2.Rectangle is not running.
[12:37:01] [Render thread/WARN] [StatTimer] MiniMap2.Rectangle is not running.
[12:37:01] [Render thread/WARN] [StatTimer] MiniMap2.Rectangle is not running.
[12:37:01] [Render thread/WARN] [StatTimer] MiniMap2.Rectangle is not running.
[12:37:01] [Render thread/WARN] [StatTimer] MiniMap2.Rectangle is not running.
[12:37:01] [Render thread/WARN] [StatTimer] MiniMap2.Rectangle is not running.
[12:37:01] [Render thread/WARN] [StatTimer] MiniMap2.Rectangle is not running.
[12:37:01] [Render thread/WARN] [StatTimer] MiniMap2.Rectangle is not running.
[12:37:01] [Render thread/WARN] [StatTimer] MiniMap2.Rectangle is not running.
[12:37:01] [Render thread/WARN] [StatTimer] MiniMap2.Rectangle is not running.
[12:37:01] [Render thread/WARN] [StatTimer] MiniMap2.Rectangle is not running.
[12:37:01] [Render thread/WARN] [StatTimer] MiniMap2.Rectangle is not running.
[12:37:01] [Render thread/WARN] [StatTimer] MiniMap2.Rectangle is not running.
[12:37:01] [Render thread/WARN] [StatTimer] MiniMap2.Rectangle is not running.
[12:37:01] [Render thread/WARN] [StatTimer] MiniMap2.Rectangle is not running.
[12:37:01] [Render thread/WARN] [StatTimer] MiniMap2.Rectangle is not running.
[12:37:01] [Render thread/WARN] [StatTimer] MiniMap2.Rectangle is not running.
[12:37:01] [Render thread/WARN] [StatTimer] MiniMap2.Rectangle is not running.
[12:37:01] [Render thread/WARN] [StatTimer] MiniMap2.Rectangle is not running.
[12:37:01] [Render thread/WARN] [StatTimer] MiniMap2.Rectangle is not running.
[12:37:01] [Render thread/WARN] [StatTimer] MiniMap2.Rectangle is not running.
[12:37:01] [Render thread/WARN] [StatTimer] MiniMap2.Rectangle is not running.
[12:37:01] [Render thread/WARN] [StatTimer] MiniMap2.Rectangle is not running.
[12:37:01] [Render thread/WARN] [StatTimer] MiniMap2.Rectangle is not running.
[12:37:01] [Render thread/WARN] [StatTimer] MiniMap2.Rectangle is not running.
[12:37:01] [Render thread/WARN] [StatTimer] MiniMap2.Rectangle is not running.
[12:37:01] [Render thread/WARN] [StatTimer] MiniMap2.Rectangle is not running.
[12:37:01] [Render thread/WARN] [StatTimer] MiniMap2.Rectangle is not running.
[12:37:01] [Render thread/WARN] [StatTimer] MiniMap2.Rectangle is not running.
[12:37:01] [Render thread/WARN] [StatTimer] MiniMap2.Rectangle is not running.
[12:37:01] [Render thread/WARN] [StatTimer] MiniMap2.Rectangle is not running.
[12:37:01] [Render thread/WARN] [StatTimer] MiniMap2.Rectangle is not running.
[12:37:01] [Render thread/WARN] [StatTimer] MiniMap2.Rectangle is not running.
[12:37:01] [Render thread/WARN] [StatTimer] MiniMap2.Rectangle is not running.
[12:37:01] [Render thread/WARN] [StatTimer] MiniMap2.Rectangle is not running.
[12:37:01] [Render thread/WARN] [StatTimer] MiniMap2.Rectangle is not running.
[12:37:01] [Render thread/WARN] [StatTimer] MiniMap2.Rectangle is not running.
[12:37:01] [Render thread/WARN] [StatTimer] MiniMap2.Rectangle is not running.
[12:37:01] [Render thread/WARN] [StatTimer] MiniMap2.Rectangle is not running.
[12:37:01] [Render thread/WARN] [StatTimer] MiniMap2.Rectangle is not running.
[12:37:01] [Render thread/WARN] [StatTimer] MiniMap2.Rectangle is not running.
[12:37:01] [Render thread/WARN] [StatTimer] MiniMap2.Rectangle is not running.
[12:37:01] [Render thread/WARN] [StatTimer] MiniMap2.Rectangle is not running.
[12:37:01] [Render thread/WARN] [StatTimer] MiniMap2.Rectangle is not running.
[12:37:01] [Render thread/WARN] [StatTimer] MiniMap2.Rectangle is not running.
[12:37:01] [Render thread/WARN] [StatTimer] MiniMap2.Rectangle is not running.
[12:37:01] [Render thread/WARN] [StatTimer] MiniMap2.Rectangle is not running.
[12:37:01] [Render thread/WARN] [StatTimer] MiniMap2.Rectangle is not running.
[12:37:01] [Render thread/WARN] [StatTimer] MiniMap2.Rectangle is not running.
[12:37:01] [Render thread/WARN] [StatTimer] MiniMap2.Rectangle is not running.
[12:37:01] [Render thread/WARN] [StatTimer] MiniMap2.Rectangle is not running.
[12:37:01] [Render thread/WARN] [StatTimer] MiniMap2.Rectangle is not running.
[12:37:01] [Render thread/WARN] [StatTimer] MiniMap2.Rectangle is not running.
[12:37:01] [Render thread/WARN] [StatTimer] MiniMap2.Rectangle is not running.
[12:37:01] [Render thread/WARN] [StatTimer] MiniMap2.Rectangle is not running.
[12:37:01] [Render thread/WARN] [StatTimer] MiniMap2.Rectangle is not running.
[12:37:01] [Render thread/WARN] [StatTimer] MiniMap2.Rectangle is not running.
[12:37:01] [Render thread/WARN] [StatTimer] MiniMap2.Rectangle is not running.
[12:37:01] [Render thread/WARN] [StatTimer] MiniMap2.Rectangle is not running.
[12:37:01] [Render thread/WARN] [StatTimer] MiniMap2.Rectangle is not running.
[12:37:01] [Render thread/WARN] [StatTimer] MiniMap2.Rectangle is not running.
[12:37:01] [Render thread/WARN] [StatTimer] MiniMap2.Rectangle is not running.
[12:37:01] [Render thread/WARN] [StatTimer] MiniMap2.Rectangle is not running.
[12:37:01] [Render thread/WARN] [StatTimer] MiniMap2.Rectangle is not running.
[12:37:01] [Render thread/WARN] [StatTimer] MiniMap2.Rectangle is not running.
[12:37:01] [Render thread/WARN] [StatTimer] MiniMap2.Rectangle is not running.
[12:37:01] [Render thread/WARN] [StatTimer] MiniMap2.Rectangle is not running.
[12:37:01] [Render thread/WARN] [StatTimer] MiniMap2.Rectangle is not running.
[12:37:01] [Render thread/WARN] [StatTimer] MiniMap2.Rectangle is not running.
[12:37:01] [Render thread/WARN] [StatTimer] MiniMap2.Rectangle is not running.
[12:37:01] [Render thread/WARN] [StatTimer] MiniMap2.Rectangle is not running.
[12:37:01] [Render thread/WARN] [StatTimer] MiniMap2.Rectangle is not running.
[12:37:01] [Render thread/WARN] [StatTimer] MiniMap2.Rectangle is not running.
[12:37:01] [Render thread/WARN] [StatTimer] MiniMap2.Rectangle is not running.
[12:37:01] [Render thread/WARN] [StatTimer] MiniMap2.Rectangle is not running.
[12:37:01] [Render thread/WARN] [StatTimer] MiniMap2.Rectangle is not running.
[12:37:01] [Render thread/WARN] [StatTimer] MiniMap2.Rectangle is not running.
[12:37:01] [Render thread/WARN] [StatTimer] MiniMap2.Rectangle is not running.
[12:37:01] [Render thread/WARN] [StatTimer] MiniMap2.Rectangle is not running.
[12:37:01] [Render thread/WARN] [StatTimer] MiniMap2.Rectangle is not running.
[12:37:01] [Render thread/WARN] [StatTimer] MiniMap2.Rectangle is not running.
[12:37:01] [Render thread/WARN] [StatTimer] MiniMap2.Rectangle is not running.
[12:37:01] [Render thread/WARN] [StatTimer] MiniMap2.Rectangle is not running.
[12:37:01] [Render thread/WARN] [StatTimer] MiniMap2.Rectangle is not running.
[12:37:01] [Render thread/WARN] [StatTimer] MiniMap2.Rectangle is not running.
[12:37:01] [Render thread/WARN] [StatTimer] MiniMap2.Rectangle is not running.
[12:37:01] [Render thread/WARN] [StatTimer] MiniMap2.Rectangle is not running.
[12:37:01] [Render thread/WARN] [StatTimer] MiniMap2.Rectangle is not running.
[12:37:01] [Render thread/WARN] [StatTimer] MiniMap2.Rectangle is not running.
[12:37:01] [Render thread/WARN] [StatTimer] MiniMap2.Rectangle is not running.
[12:37:01] [Render thread/WARN] [StatTimer] MiniMap2.Rectangle is not running.
[12:37:01] [Render thread/WARN] [StatTimer] MiniMap2.Rectangle is not running.
[12:37:01] [Render thread/WARN] [StatTimer] MiniMap2.Rectangle is not running.
[12:37:01] [Render thread/WARN] [StatTimer] MiniMap2.Rectangle is not running.
[12:37:01] [Render thread/WARN] [StatTimer] MiniMap2.Rectangle is not running.
[12:37:01] [Render thread/WARN] [StatTimer] MiniMap2.Rectangle is not running.
[12:37:01] [Render thread/WARN] [StatTimer] MiniMap2.Rectangle is not running.
[12:37:01] [Render thread/WARN] [StatTimer] MiniMap2.Rectangle is not running.
[12:37:01] [Render thread/WARN] [StatTimer] MiniMap2.Rectangle is not running.
[12:37:01] [Render thread/WARN] [StatTimer] MiniMap2.Rectangle is not running.
[12:37:01] [Render thread/WARN] [StatTimer] MiniMap2.Rectangle is not running.
[12:37:01] [Render thread/WARN] [StatTimer] MiniMap2.Rectangle is not running.
[12:37:01] [Render thread/WARN] [StatTimer] MiniMap2.Rectangle is not running.
[12:37:01] [Render thread/WARN] [StatTimer] MiniMap2.Rectangle is not running.
[12:37:01] [Render thread/WARN] [StatTimer] MiniMap2.Rectangle is not running.
[12:37:01] [Render thread/WARN] [StatTimer] MiniMap2.Rectangle is not running.
[12:37:01] [Render thread/WARN] [StatTimer] MiniMap2.Rectangle is not running.
[12:37:01] [Render thread/WARN] [StatTimer] MiniMap2.Rectangle is not running.
[12:37:01] [Render thread/WARN] [StatTimer] MiniMap2.Rectangle is not running.
[12:37:01] [Render thread/WARN] [StatTimer] MiniMap2.Rectangle is not running.
[12:37:01] [Render thread/WARN] [StatTimer] MiniMap2.Rectangle is not running.
[12:37:01] [Render thread/WARN] [StatTimer] MiniMap2.Rectangle is not running.
[12:37:01] [Render thread/WARN] [StatTimer] MiniMap2.Rectangle is not running.
[12:37:01] [Render thread/WARN] [StatTimer] MiniMap2.Rectangle is not running.
[12:37:01] [Render thread/WARN] [StatTimer] MiniMap2.Rectangle is not running.
[12:37:01] [Render thread/WARN] [StatTimer] MiniMap2.Rectangle is not running.
[12:37:01] [Render thread/WARN] [StatTimer] MiniMap2.Rectangle is not running.
[12:37:01] [Render thread/WARN] [StatTimer] MiniMap2.Rectangle is not running.
[12:37:01] [Render thread/WARN] [StatTimer] MiniMap2.Rectangle is not running.
[12:37:01] [Render thread/WARN] [StatTimer] MiniMap2.Rectangle is not running.
[12:37:01] [Render thread/WARN] [StatTimer] MiniMap2.Rectangle is not running.
[12:37:01] [Render thread/WARN] [StatTimer] MiniMap2.Rectangle is not running.
[12:37:01] [Render thread/WARN] [StatTimer] MiniMap2.Rectangle is not running.
[12:37:01] [Render thread/WARN] [StatTimer] MiniMap2.Rectangle is not running.
[12:37:01] [Render thread/WARN] [StatTimer] MiniMap2.Rectangle is not running.
[12:37:01] [Render thread/WARN] [StatTimer] MiniMap2.Rectangle is not running.
[12:37:01] [Render thread/WARN] [StatTimer] MiniMap2.Rectangle is not running.
[12:37:01] [Render thread/WARN] [StatTimer] MiniMap2.Rectangle is not running.
[12:37:01] [Render thread/WARN] [StatTimer] MiniMap2.Rectangle is not running.
[12:37:01] [Render thread/WARN] [StatTimer] MiniMap2.Rectangle is not running.
[12:37:01] [Render thread/WARN] [StatTimer] MiniMap2.Rectangle is not running.
[12:37:01] [Render thread/WARN] [StatTimer] MiniMap2.Rectangle is not running.
[12:37:01] [Render thread/WARN] [StatTimer] MiniMap2.Rectangle is not running.
[12:37:01] [Render thread/WARN] [StatTimer] MiniMap2.Rectangle is not running.
[12:37:01] [Render thread/WARN] [StatTimer] MiniMap2.Rectangle is not running.
[12:37:01] [Render thread/WARN] [StatTimer] MiniMap2.Rectangle is not running.
[12:37:01] [Render thread/WARN] [StatTimer] MiniMap2.Rectangle is not running.
[12:37:01] [Render thread/WARN] [StatTimer] MiniMap2.Rectangle is not running.
[12:37:01] [Render thread/WARN] [StatTimer] MiniMap2.Rectangle is not running.
[12:37:01] [Render thread/WARN] [StatTimer] MiniMap2.Rectangle is not running.
[12:37:01] [Render thread/WARN] [StatTimer] MiniMap2.Rectangle is not running.
[12:37:01] [Render thread/WARN] [StatTimer] MiniMap2.Rectangle is not running.
[12:37:01] [Render thread/WARN] [StatTimer] MiniMap2.Rectangle is not running.
[12:37:01] [Render thread/WARN] [StatTimer] MiniMap2.Rectangle is not running.
[12:37:01] [Render thread/WARN] [StatTimer] MiniMap2.Rectangle is not running.
[12:37:01] [Render thread/WARN] [StatTimer] MiniMap2.Rectangle is not running.
[12:37:01] [Render thread/WARN] [StatTimer] MiniMap2.Rectangle is not running.
[12:37:01] [Render thread/WARN] [StatTimer] MiniMap2.Rectangle is not running.
[12:37:01] [Render thread/WARN] [StatTimer] MiniMap2.Rectangle is not running.
[12:37:01] [Render thread/WARN] [StatTimer] MiniMap2.Rectangle is not running.
[12:37:01] [Render thread/WARN] [StatTimer] MiniMap2.Rectangle is not running.
[12:37:01] [Render thread/WARN] [StatTimer] MiniMap2.Rectangle is not running.
[12:37:01] [Render thread/WARN] [StatTimer] MiniMap2.Rectangle is not running.
[12:37:01] [Render thread/WARN] [StatTimer] MiniMap2.Rectangle is not running.
[12:37:01] [Render thread/WARN] [StatTimer] MiniMap2.Rectangle is not running.
[12:37:01] [Render thread/WARN] [StatTimer] MiniMap2.Rectangle is not running.
[12:37:01] [Render thread/WARN] [StatTimer] MiniMap2.Rectangle is not running.
[12:37:01] [Render thread/WARN] [StatTimer] MiniMap2.Rectangle is not running.
[12:37:01] [Render thread/WARN] [StatTimer] MiniMap2.Rectangle is not running.
[12:37:01] [Render thread/WARN] [StatTimer] MiniMap2.Rectangle is not running.
[12:37:01] [Render thread/WARN] [StatTimer] MiniMap2.Rectangle is not running.
[12:37:01] [Render thread/WARN] [StatTimer] MiniMap2.Rectangle is not running.
[12:37:01] [Render thread/WARN] [StatTimer] MiniMap2.Rectangle is not running.
[12:37:01] [Render thread/WARN] [StatTimer] MiniMap2.Rectangle is not running.
[12:37:01] [Render thread/WARN] [StatTimer] MiniMap2.Rectangle is not running.
[12:37:01] [Render thread/WARN] [StatTimer] MiniMap2.Rectangle is not running.
[12:37:01] [Render thread/WARN] [StatTimer] MiniMap2.Rectangle is not running.
[12:37:01] [Render thread/WARN] [StatTimer] MiniMap2.Rectangle is not running.
[12:37:01] [Render thread/WARN] [StatTimer] MiniMap2.Rectangle is not running.
[12:37:01] [Render thread/WARN] [StatTimer] MiniMap2.Rectangle is not running.
[12:37:01] [Render thread/WARN] [StatTimer] MiniMap2.Rectangle is not running.
[12:37:01] [Render thread/WARN] [StatTimer] MiniMap2.Rectangle is not running.
[12:37:01] [Render thread/WARN] [StatTimer] MiniMap2.Rectangle is not running.
[12:37:01] [Render thread/WARN] [StatTimer] MiniMap2.Rectangle is not running.
[12:37:01] [Render thread/WARN] [StatTimer] MiniMap2.Rectangle is not running.
[12:37:01] [Render thread/WARN] [StatTimer] MiniMap2.Rectangle is not running.
[12:37:01] [Render thread/WARN] [StatTimer] MiniMap2.Rectangle is not running.
[12:37:01] [Render thread/WARN] [StatTimer] MiniMap2.Rectangle is not running.
[12:37:01] [Render thread/WARN] [StatTimer] MiniMap2.Rectangle is not running.
[12:37:01] [Render thread/WARN] [StatTimer] MiniMap2.Rectangle is not running.
[12:37:01] [Render thread/WARN] [StatTimer] MiniMap2.Rectangle is not running.
[12:37:01] [Render thread/WARN] [StatTimer] MiniMap2.Rectangle is not running.
[12:37:01] [Render thread/WARN] [StatTimer] MiniMap2.Rectangle is not running.
[12:37:01] [Render thread/WARN] [StatTimer] MiniMap2.Rectangle is not running.
[12:37:01] [Render thread/WARN] [StatTimer] MiniMap2.Rectangle is not running.
[12:37:01] [Render thread/WARN] [StatTimer] MiniMap2.Rectangle is not running.
[12:37:01] [Render thread/WARN] [StatTimer] MiniMap2.Rectangle is not running.
[12:37:01] [Render thread/WARN] [StatTimer] MiniMap2.Rectangle is not running.
[12:37:01] [Render thread/WARN] [StatTimer] MiniMap2.Rectangle is not running.
[12:37:01] [Render thread/WARN] [StatTimer] MiniMap2.Rectangle is not running.
[12:37:01] [Render thread/WARN] [StatTimer] MiniMap2.Rectangle is not running.
[12:37:01] [Render thread/WARN] [StatTimer] MiniMap2.Rectangle is not running.
[12:37:01] [Render thread/WARN] [StatTimer] MiniMap2.Rectangle is not running.
[12:37:01] [Render thread/WARN] [StatTimer] MiniMap2.Rectangle is not running.
[12:37:01] [Render thread/WARN] [StatTimer] MiniMap2.Rectangle is not running.
[12:37:01] [Render thread/WARN] [StatTimer] MiniMap2.Rectangle is not running.
[12:37:01] [Render thread/WARN] [StatTimer] MiniMap2.Rectangle is not running.
[12:37:01] [Render thread/WARN] [StatTimer] MiniMap2.Rectangle is not running.
[12:37:01] [Render thread/WARN] [StatTimer] MiniMap2.Rectangle is not running.
[12:37:01] [Render thread/WARN] [StatTimer] MiniMap2.Rectangle is not running.
[12:37:01] [Render thread/WARN] [StatTimer] MiniMap2.Rectangle is not running.
[12:37:01] [Render thread/WARN] [StatTimer] MiniMap2.Rectangle is not running.
[12:37:01] [Render thread/WARN] [StatTimer] MiniMap2.Rectangle is not running.
[12:37:01] [Render thread/WARN] [StatTimer] MiniMap2.Rectangle is not running.
[12:37:01] [Render thread/WARN] [StatTimer] MiniMap2.Rectangle is not running.
[12:37:01] [Render thread/WARN] [StatTimer] MiniMap2.Rectangle is not running.
[12:37:01] [Render thread/WARN] [StatTimer] MiniMap2.Rectangle is not running.
[12:37:01] [Render thread/WARN] [StatTimer] MiniMap2.Rectangle is not running.
[12:37:01] [Render thread/WARN] [StatTimer] MiniMap2.Rectangle is not running.
[12:37:01] [Render thread/WARN] [StatTimer] MiniMap2.Rectangle is not running.
[12:37:01] [Render thread/WARN] [StatTimer] MiniMap2.Rectangle is not running.
[12:37:01] [Render thread/WARN] [StatTimer] MiniMap2.Rectangle is not running.
[12:37:01] [Render thread/WARN] [StatTimer] MiniMap2.Rectangle is not running.
[12:37:01] [Render thread/WARN] [StatTimer] MiniMap2.Rectangle is not running.
[12:37:01] [Render thread/WARN] [StatTimer] MiniMap2.Rectangle is not running.
[12:37:02] [Render thread/WARN] [StatTimer] MiniMap2.Rectangle is not running.
[12:37:02] [Render thread/WARN] [StatTimer] MiniMap2.Rectangle is not running.
[12:37:02] [Render thread/WARN] [StatTimer] MiniMap2.Rectangle is not running.
[12:37:02] [Render thread/WARN] [StatTimer] MiniMap2.Rectangle is not running.
[12:37:02] [Render thread/WARN] [StatTimer] MiniMap2.Rectangle is not running.
[12:37:02] [Render thread/WARN] [StatTimer] MiniMap2.Rectangle is not running.
[12:37:02] [Render thread/WARN] [StatTimer] MiniMap2.Rectangle is not running.
[12:37:02] [Render thread/WARN] [StatTimer] MiniMap2.Rectangle is not running.
[12:37:02] [Render thread/WARN] [StatTimer] MiniMap2.Rectangle is not running.
[12:37:02] [Render thread/WARN] [StatTimer] MiniMap2.Rectangle is not running.
[12:37:02] [Render thread/WARN] [StatTimer] MiniMap2.Rectangle is not running.
[12:37:02] [Render thread/WARN] [StatTimer] MiniMap2.Rectangle is not running.
[12:37:02] [Render thread/WARN] [StatTimer] MiniMap2.Rectangle is not running.
[12:37:02] [Render thread/WARN] [StatTimer] MiniMap2.Rectangle is not running.
[12:37:02] [Render thread/WARN] [StatTimer] MiniMap2.Rectangle is not running.
[12:37:02] [Render thread/WARN] [StatTimer] MiniMap2.Rectangle is not running.
[12:37:02] [Render thread/WARN] [StatTimer] MiniMap2.Rectangle is not running.
[12:37:02] [Render thread/WARN] [StatTimer] MiniMap2.Rectangle is not running.
[12:37:02] [Render thread/WARN] [StatTimer] MiniMap2.Rectangle is not running.
[12:37:02] [Render thread/WARN] [StatTimer] MiniMap2.Rectangle is not running.
[12:37:02] [Render thread/WARN] [StatTimer] MiniMap2.Rectangle is not running.
[12:37:02] [Render thread/WARN] [StatTimer] MiniMap2.Rectangle is not running.
[12:37:02] [Render thread/WARN] [StatTimer] MiniMap2.Rectangle is not running.
[12:37:02] [Render thread/WARN] [StatTimer] MiniMap2.Rectangle is not running.
[12:37:02] [Render thread/WARN] [StatTimer] MiniMap2.Rectangle is not running.
[12:37:02] [Render thread/WARN] [StatTimer] MiniMap2.Rectangle is not running.
[12:37:02] [Render thread/WARN] [StatTimer] MiniMap2.Rectangle is not running.
[12:37:02] [Render thread/WARN] [StatTimer] MiniMap2.Rectangle is not running.
[12:37:02] [Render thread/WARN] [StatTimer] MiniMap2.Rectangle is not running.
[12:37:02] [Render thread/WARN] [StatTimer] MiniMap2.Rectangle is not running.
[12:37:02] [Render thread/WARN] [StatTimer] MiniMap2.Rectangle is not running.
[12:37:02] [Render thread/WARN] [StatTimer] MiniMap2.Rectangle is not running.
[12:37:02] [Render thread/WARN] [StatTimer] MiniMap2.Rectangle is not running.
[12:37:02] [Render thread/WARN] [StatTimer] MiniMap2.Rectangle is not running.
[12:37:02] [Render thread/WARN] [StatTimer] MiniMap2.Rectangle is not running.
[12:37:02] [Render thread/WARN] [StatTimer] MiniMap2.Rectangle is not running.
[12:37:02] [Render thread/WARN] [StatTimer] MiniMap2.Rectangle is not running.
[12:37:02] [Render thread/WARN] [StatTimer] MiniMap2.Rectangle is not running.
[12:37:02] [Render thread/WARN] [StatTimer] MiniMap2.Rectangle is not running.
[12:37:02] [Render thread/WARN] [StatTimer] MiniMap2.Rectangle is not running.
[12:37:02] [Render thread/WARN] [StatTimer] MiniMap2.Rectangle is not running.
[12:37:02] [Render thread/WARN] [StatTimer] MiniMap2.Rectangle is not running.
[12:37:02] [Render thread/WARN] [StatTimer] MiniMap2.Rectangle is not running.
[12:37:02] [Render thread/WARN] [StatTimer] MiniMap2.Rectangle is not running.
[12:37:02] [Render thread/WARN] [StatTimer] MiniMap2.Rectangle is not running.
[12:37:02] [Render thread/WARN] [StatTimer] MiniMap2.Rectangle is not running.
[12:37:02] [Render thread/WARN] [StatTimer] MiniMap2.Rectangle is not running.
[12:37:02] [Render thread/WARN] [StatTimer] MiniMap2.Rectangle is not running.
[12:37:02] [Render thread/WARN] [StatTimer] MiniMap2.Rectangle is not running.
[12:37:02] [Render thread/WARN] [StatTimer] MiniMap2.Rectangle is not running.
[12:37:02] [Render thread/WARN] [StatTimer] MiniMap2.Rectangle is not running.
[12:37:02] [Render thread/WARN] [StatTimer] MiniMap2.Rectangle is not running.
[12:37:02] [Render thread/WARN] [StatTimer] MiniMap2.Rectangle is not running.
[12:37:02] [Render thread/WARN] [StatTimer] MiniMap2.Rectangle is not running.
[12:37:02] [Render thread/WARN] [StatTimer] MiniMap2.Rectangle is not running.
[12:37:02] [Render thread/WARN] [StatTimer] MiniMap2.Rectangle is not running.
[12:37:02] [Render thread/WARN] [StatTimer] MiniMap2.Rectangle is not running.
[12:37:02] [Render thread/WARN] [StatTimer] MiniMap2.Rectangle is not running.
[12:37:02] [Render thread/WARN] [StatTimer] MiniMap2.Rectangle is not running.
[12:37:02] [Render thread/WARN] [StatTimer] MiniMap2.Rectangle is not running.
[12:37:02] [Render thread/WARN] [StatTimer] MiniMap2.Rectangle is not running.
[12:37:02] [Render thread/WARN] [StatTimer] MiniMap2.Rectangle is not running.
[12:37:02] [Render thread/WARN] [StatTimer] MiniMap2.Rectangle is not running.
[12:37:02] [Render thread/WARN] [StatTimer] MiniMap2.Rectangle is not running.
[12:37:02] [Render thread/WARN] [StatTimer] MiniMap2.Rectangle is not running.
[12:37:02] [Render thread/WARN] [StatTimer] MiniMap2.Rectangle is not running.
[12:37:02] [Render thread/WARN] [StatTimer] MiniMap2.Rectangle is not running.
[12:37:02] [Render thread/WARN] [StatTimer] MiniMap2.Rectangle is not running.
[12:37:02] [Render thread/WARN] [StatTimer] MiniMap2.Rectangle is not running.
[12:37:02] [Render thread/WARN] [StatTimer] MiniMap2.Rectangle is not running.
[12:37:02] [Render thread/WARN] [StatTimer] MiniMap2.Rectangle is not running.
[12:37:02] [Render thread/WARN] [StatTimer] MiniMap2.Rectangle is not running.
[12:37:02] [Render thread/WARN] [StatTimer] MiniMap2.Rectangle is not running.
[12:37:02] [Render thread/WARN] [StatTimer] MiniMap2.Rectangle is not running.
[12:37:02] [Render thread/WARN] [StatTimer] MiniMap2.Rectangle is not running.
[12:37:02] [Render thread/WARN] [StatTimer] MiniMap2.Rectangle is not running.
[12:37:02] [Render thread/WARN] [StatTimer] MiniMap2.Rectangle is not running.
[12:37:02] [Render thread/WARN] [StatTimer] MiniMap2.Rectangle is not running.
[12:37:02] [Render thread/WARN] [StatTimer] MiniMap2.Rectangle is not running.
[12:37:02] [Render thread/WARN] [StatTimer] MiniMap2.Rectangle is not running.
[12:37:02] [Render thread/WARN] [StatTimer] MiniMap2.Rectangle is not running.
[12:37:02] [Render thread/WARN] [StatTimer] MiniMap2.Rectangle is not running.
[12:37:02] [Render thread/WARN] [StatTimer] MiniMap2.Rectangle is not running.
[12:37:02] [Render thread/WARN] [StatTimer] MiniMap2.Rectangle is not running.
[12:37:02] [Render thread/WARN] [StatTimer] MiniMap2.Rectangle is not running.
[12:37:02] [Render thread/WARN] [StatTimer] MiniMap2.Rectangle is not running.
[12:37:02] [Render thread/WARN] [StatTimer] MiniMap2.Rectangle is not running.
[12:37:02] [Render thread/WARN] [StatTimer] MiniMap2.Rectangle is not running.
[12:37:02] [Render thread/WARN] [StatTimer] MiniMap2.Rectangle is not running.
[12:37:02] [Render thread/WARN] [StatTimer] MiniMap2.Rectangle is not running.
[12:37:02] [Render thread/WARN] [StatTimer] MiniMap2.Rectangle is not running.
[12:37:02] [Render thread/WARN] [StatTimer] MiniMap2.Rectangle is not running.
[12:37:02] [Render thread/WARN] [StatTimer] MiniMap2.Rectangle is not running.
[12:37:02] [Render thread/WARN] [StatTimer] MiniMap2.Rectangle is not running.
[12:37:02] [Render thread/WARN] [StatTimer] MiniMap2.Rectangle is not running.
[12:37:02] [Render thread/WARN] [StatTimer] MiniMap2.Rectangle is not running.
[12:37:02] [Render thread/WARN] [StatTimer] MiniMap2.Rectangle is not running.
[12:37:02] [Render thread/WARN] [StatTimer] MiniMap2.Rectangle is not running.
[12:37:02] [Render thread/WARN] [StatTimer] MiniMap2.Rectangle is not running.
[12:37:02] [Render thread/WARN] [StatTimer] MiniMap2.Rectangle is not running.
[12:37:02] [Render thread/WARN] [StatTimer] MiniMap2.Rectangle is not running.
[12:37:02] [Render thread/WARN] [StatTimer] MiniMap2.Rectangle is not running.
[12:37:02] [Render thread/WARN] [StatTimer] MiniMap2.Rectangle is not running.
[12:37:02] [Render thread/WARN] [StatTimer] MiniMap2.Rectangle is not running.
[12:37:02] [Render thread/WARN] [StatTimer] MiniMap2.Rectangle is not running.
[12:37:02] [Render thread/WARN] [StatTimer] MiniMap2.Rectangle is not running.
[12:37:02] [Render thread/WARN] [StatTimer] MiniMap2.Rectangle is not running.
[12:37:02] [Render thread/WARN] [StatTimer] MiniMap2.Rectangle is not running.
[12:37:02] [Render thread/WARN] [StatTimer] MiniMap2.Rectangle is not running.
[12:37:02] [Render thread/WARN] [StatTimer] MiniMap2.Rectangle is not running.
[12:37:02] [Render thread/WARN] [StatTimer] MiniMap2.Rectangle is not running.
[12:37:02] [Render thread/WARN] [StatTimer] MiniMap2.Rectangle is not running.
[12:37:02] [Render thread/WARN] [StatTimer] MiniMap2.Rectangle is not running.
[12:37:02] [Render thread/WARN] [StatTimer] MiniMap2.Rectangle is not running.
[12:37:02] [Render thread/WARN] [StatTimer] MiniMap2.Rectangle is not running.
[12:37:02] [Render thread/WARN] [StatTimer] MiniMap2.Rectangle is not running.
[12:37:02] [Render thread/WARN] [StatTimer] MiniMap2.Rectangle is not running.
[12:37:02] [Render thread/WARN] [StatTimer] MiniMap2.Rectangle is not running.
[12:37:02] [Render thread/WARN] [StatTimer] MiniMap2.Rectangle is not running.
[12:37:02] [Render thread/WARN] [StatTimer] MiniMap2.Rectangle is not running.
[12:37:02] [Render thread/WARN] [StatTimer] MiniMap2.Rectangle is not running.
[12:37:02] [Render thread/WARN] [StatTimer] MiniMap2.Rectangle is not running.
[12:37:02] [Render thread/WARN] [StatTimer] MiniMap2.Rectangle is not running.
[12:37:02] [Render thread/WARN] [StatTimer] MiniMap2.Rectangle is not running.
[12:37:02] [Render thread/WARN] [StatTimer] MiniMap2.Rectangle is not running.
[12:37:02] [Render thread/WARN] [StatTimer] MiniMap2.Rectangle is not running.
[12:37:02] [Render thread/WARN] [StatTimer] MiniMap2.Rectangle is not running.
[12:37:02] [Render thread/WARN] [StatTimer] MiniMap2.Rectangle is not running.
[12:37:02] [Render thread/WARN] [StatTimer] MiniMap2.Rectangle is not running.
[12:37:02] [Render thread/WARN] [StatTimer] MiniMap2.Rectangle is not running.
[12:37:02] [Render thread/WARN] [StatTimer] MiniMap2.Rectangle is not running.
[12:37:02] [Render thread/WARN] [StatTimer] MiniMap2.Rectangle is not running.
[12:37:02] [Render thread/WARN] [StatTimer] MiniMap2.Rectangle is not running.
[12:37:02] [Render thread/WARN] [StatTimer] MiniMap2.Rectangle is not running.
[12:37:02] [Render thread/WARN] [StatTimer] MiniMap2.Rectangle is not running.
[12:37:02] [Render thread/WARN] [StatTimer] MiniMap2.Rectangle is not running.
[12:37:02] [Render thread/WARN] [StatTimer] MiniMap2.Rectangle is not running.
[12:37:02] [Render thread/WARN] [StatTimer] MiniMap2.Rectangle is not running.
[12:37:02] [Render thread/WARN] [StatTimer] MiniMap2.Rectangle is not running.
[12:37:02] [Render thread/WARN] [StatTimer] MiniMap2.Rectangle is not running.
[12:37:02] [Render thread/WARN] [StatTimer] MiniMap2.Rectangle is not running.
[12:37:02] [Render thread/WARN] [StatTimer] MiniMap2.Rectangle is not running.
[12:37:02] [Render thread/WARN] [StatTimer] MiniMap2.Rectangle is not running.
[12:37:02] [Render thread/WARN] [StatTimer] MiniMap2.Rectangle is not running.
[12:37:02] [Render thread/WARN] [StatTimer] MiniMap2.Rectangle is not running.
[12:37:02] [Render thread/WARN] [StatTimer] MiniMap2.Rectangle is not running.
[12:37:02] [Render thread/WARN] [StatTimer] MiniMap2.Rectangle is not running.
[12:37:02] [Render thread/WARN] [StatTimer] MiniMap2.Rectangle is not running.
[12:37:02] [Render thread/WARN] [StatTimer] MiniMap2.Rectangle is not running.
[12:37:02] [Render thread/WARN] [StatTimer] MiniMap2.Rectangle is not running.
[12:37:02] [Render thread/WARN] [StatTimer] MiniMap2.Rectangle is not running.
[12:37:02] [Render thread/WARN] [StatTimer] MiniMap2.Rectangle is not running.
[12:37:02] [Render thread/WARN] [StatTimer] MiniMap2.Rectangle is not running.
[12:37:02] [Render thread/WARN] [StatTimer] MiniMap2.Rectangle is not running.
[12:37:02] [Render thread/WARN] [StatTimer] MiniMap2.Rectangle is not running.
[12:37:02] [Render thread/WARN] [StatTimer] MiniMap2.Rectangle is not running.
[12:37:02] [Render thread/WARN] [StatTimer] MiniMap2.Rectangle is not running.
[12:37:02] [Render thread/WARN] [StatTimer] MiniMap2.Rectangle is not running.
[12:37:02] [Render thread/WARN] [StatTimer] MiniMap2.Rectangle is not running.
[12:37:02] [Render thread/WARN] [StatTimer] MiniMap2.Rectangle is not running.
[12:37:02] [Render thread/WARN] [StatTimer] MiniMap2.Rectangle is not running.
[12:37:02] [Render thread/WARN] [StatTimer] MiniMap2.Rectangle is not running.
[12:37:02] [Render thread/WARN] [StatTimer] MiniMap2.Rectangle is not running.
[12:37:02] [Render thread/WARN] [StatTimer] MiniMap2.Rectangle is not running.
[12:37:02] [Render thread/WARN] [StatTimer] MiniMap2.Rectangle is not running.
[12:37:02] [Render thread/WARN] [StatTimer] MiniMap2.Rectangle is not running.
[12:37:02] [Render thread/WARN] [StatTimer] MiniMap2.Rectangle is not running.
[12:37:02] [Render thread/WARN] [StatTimer] MiniMap2.Rectangle is not running.
[12:37:02] [Render thread/WARN] [StatTimer] MiniMap2.Rectangle is not running.
[12:37:02] [Render thread/WARN] [StatTimer] MiniMap2.Rectangle is not running.
[12:37:02] [Render thread/WARN] [StatTimer] MiniMap2.Rectangle is not running.
[12:37:02] [Render thread/WARN] [StatTimer] MiniMap2.Rectangle is not running.
[12:37:02] [Render thread/WARN] [StatTimer] MiniMap2.Rectangle is not running.
[12:37:02] [Render thread/WARN] [StatTimer] MiniMap2.Rectangle is not running.
[12:37:02] [Render thread/WARN] [StatTimer] MiniMap2.Rectangle is not running.
[12:37:02] [Render thread/WARN] [StatTimer] MiniMap2.Rectangle is not running.
[12:37:02] [Render thread/WARN] [StatTimer] MiniMap2.Rectangle is not running.
[12:37:02] [Render thread/WARN] [StatTimer] MiniMap2.Rectangle is not running.
[12:37:02] [Render thread/WARN] [StatTimer] MiniMap2.Rectangle is not running.
[12:37:02] [Render thread/WARN] [StatTimer] MiniMap2.Rectangle is not running.
[12:37:02] [Render thread/WARN] [StatTimer] MiniMap2.Rectangle is not running.
[12:37:02] [Render thread/WARN] [StatTimer] MiniMap2.Rectangle is not running.
[12:37:02] [Render thread/WARN] [StatTimer] MiniMap2.Rectangle is not running.
[12:37:02] [Render thread/WARN] [StatTimer] MiniMap2.Rectangle is not running.
[12:37:02] [Render thread/WARN] [StatTimer] MiniMap2.Rectangle is not running.
[12:37:02] [Render thread/WARN] [StatTimer] MiniMap2.Rectangle is not running.
[12:37:02] [Render thread/WARN] [StatTimer] MiniMap2.Rectangle is not running.
[12:37:02] [Render thread/WARN] [StatTimer] MiniMap2.Rectangle is not running.
[12:37:02] [Render thread/WARN] [StatTimer] MiniMap2.Rectangle is not running.
[12:37:02] [Render thread/WARN] [StatTimer] MiniMap2.Rectangle is not running.
[12:37:02] [Render thread/WARN] [StatTimer] MiniMap2.Rectangle is not running.
[12:37:02] [Render thread/WARN] [StatTimer] MiniMap2.Rectangle is not running.
[12:37:02] [Render thread/WARN] [StatTimer] MiniMap2.Rectangle is not running.
[12:37:02] [Render thread/WARN] [StatTimer] MiniMap2.Rectangle is not running.
[12:37:02] [Render thread/WARN] [StatTimer] MiniMap2.Rectangle is not running.
[12:37:02] [Render thread/WARN] [StatTimer] MiniMap2.Rectangle is not running.
[12:37:02] [Render thread/WARN] [StatTimer] MiniMap2.Rectangle is not running.
[12:37:02] [Render thread/WARN] [StatTimer] MiniMap2.Rectangle is not running.
[12:37:02] [Render thread/WARN] [StatTimer] MiniMap2.Rectangle is not running.
[12:37:02] [Render thread/WARN] [StatTimer] MiniMap2.Rectangle is not running.
[12:37:02] [Render thread/WARN] [StatTimer] MiniMap2.Rectangle is not running.
[12:37:02] [Render thread/WARN] [StatTimer] MiniMap2.Rectangle is not running.
[12:37:02] [Render thread/WARN] [StatTimer] MiniMap2.Rectangle is not running.
[12:37:02] [Render thread/WARN] [StatTimer] MiniMap2.Rectangle is not running.
[12:37:02] [Render thread/WARN] [StatTimer] MiniMap2.Rectangle is not running.
[12:37:02] [Render thread/WARN] [StatTimer] MiniMap2.Rectangle is not running.
[12:37:02] [Render thread/WARN] [StatTimer] MiniMap2.Rectangle is not running.
[12:37:02] [Render thread/WARN] [StatTimer] MiniMap2.Rectangle is not running.
[12:37:02] [Render thread/WARN] [StatTimer] MiniMap2.Rectangle is not running.
[12:37:02] [Render thread/WARN] [StatTimer] MiniMap2.Rectangle is not running.
[12:37:02] [Render thread/WARN] [StatTimer] MiniMap2.Rectangle is not running.
[12:37:02] [Render thread/WARN] [StatTimer] MiniMap2.Rectangle is not running.
[12:37:02] [Render thread/WARN] [StatTimer] MiniMap2.Rectangle is not running.
[12:37:02] [Render thread/WARN] [StatTimer] MiniMap2.Rectangle is not running.
[12:37:02] [Render thread/WARN] [StatTimer] MiniMap2.Rectangle is not running.
[12:37:02] [Render thread/WARN] [StatTimer] MiniMap2.Rectangle is not running.
[12:37:02] [Render thread/WARN] [StatTimer] MiniMap2.Rectangle is not running.
[12:37:02] [Render thread/WARN] [StatTimer] MiniMap2.Rectangle is not running.
[12:37:02] [Render thread/WARN] [StatTimer] MiniMap2.Rectangle is not running.
[12:37:02] [Render thread/WARN] [StatTimer] MiniMap2.Rectangle is not running.
[12:37:02] [Render thread/WARN] [StatTimer] MiniMap2.Rectangle is not running.
[12:37:02] [Render thread/WARN] [StatTimer] MiniMap2.Rectangle is not running.
[12:37:02] [Render thread/WARN] [StatTimer] MiniMap2.Rectangle is not running.
[12:37:02] [Render thread/WARN] [StatTimer] MiniMap2.Rectangle is not running.
[12:37:02] [Render thread/WARN] [StatTimer] MiniMap2.Rectangle is not running.
[12:37:02] [Render thread/WARN] [StatTimer] MiniMap2.Rectangle is not running.
[12:37:02] [Render thread/WARN] [StatTimer] MiniMap2.Rectangle is not running.
[12:37:02] [Render thread/WARN] [StatTimer] MiniMap2.Rectangle is not running.
[12:37:02] [Render thread/WARN] [StatTimer] MiniMap2.Rectangle is not running.
[12:37:02] [Render thread/WARN] [StatTimer] MiniMap2.Rectangle is not running.
[12:37:02] [Render thread/WARN] [StatTimer] MiniMap2.Rectangle is not running.
[12:37:02] [Render thread/WARN] [StatTimer] MiniMap2.Rectangle is not running.
[12:37:02] [Render thread/WARN] [StatTimer] MiniMap2.Rectangle is not running.
[12:37:02] [Render thread/WARN] [StatTimer] MiniMap2.Rectangle is not running.
[12:37:02] [Render thread/WARN] [StatTimer] MiniMap2.Rectangle is not running.
[12:37:02] [Render thread/WARN] [StatTimer] MiniMap2.Rectangle is not running.
[12:37:02] [Render thread/WARN] [StatTimer] MiniMap2.Rectangle is not running.
[12:37:02] [Render thread/WARN] [StatTimer] MiniMap2.Rectangle is not running.
[12:37:02] [Render thread/WARN] [StatTimer] MiniMap2.Rectangle is not running.
[12:37:02] [Render thread/INFO] [JourneymapClient] Mapping halted in C:\Users\Admin\AppData\Roaming\.minecraft\versions\Mod Fabric 1.21.1\journeymap\data\sp\LolMaic\minecraft:the_nether
[12:37:03] [Render thread/WARN] [PropertiesBase] core (Initialized) Bad configField entry during updateFrom(): optionsManagerViewed=null
[12:37:03] [Render thread/INFO] [WaypointHandler] Resetting Waypoints and Groups.
[12:37:03] [Render thread/INFO] [WaypointStore] Loaded 1 waypoints from disk.
[12:37:03] [Render thread/INFO] [WaypointGroupStore] Loaded 4 waypoint groups from disk.
[12:37:03] [Render thread/INFO] [LegacyWaypointFileMigrator] 0 Legacy waypoints found that need to be migrated and backed up.
[12:37:03] [Render thread/INFO] [ColorPalette] Color palette file generated for 0 blockstates in 1ms for: C:\Users\Admin\AppData\Roaming\.minecraft\versions\Mod Fabric 1.21.1\journeymap\colorpalette.json
[12:37:03] [Render thread/INFO] [ColorPalette] Color palette file generated for 0 blockstates in 1ms for: C:\Users\Admin\AppData\Roaming\.minecraft\versions\Mod Fabric 1.21.1\journeymap\data\sp\LolMaic\colorpalette.json
[12:37:03] [Render thread/INFO] [JourneymapClient] Mapping started in C:\Users\Admin\AppData\Roaming\.minecraft\versions\Mod Fabric 1.21.1\journeymap\data\sp\LolMaic\overworld. Memory: 1824MB total, 746MB free 
[12:37:03] [Worker-Main-4/INFO] [ClientWaypointDAO] Saving WaypointData.dat async:true
[12:51:11] [Netty Local Client IO #0/INFO] [TextureCache] [JourneyMap]: Purging Theme Images
[12:51:11] [Netty Local Client IO #0/INFO] [TextureCache] [JourneyMap]: Purging Region Images
[12:51:11] [Netty Local Client IO #0/INFO] [TextureCache] [JourneyMap]: Purging Mob Icon Images
[12:51:11] [Render thread/INFO] [JourneymapClient] Mapping halted in C:\Users\Admin\AppData\Roaming\.minecraft\versions\Mod Fabric 1.21.1\journeymap\data\mp\offline\minecraft:overworld
[12:51:15] [Render thread/WARN] [PropertiesBase] core (Initialized) Bad configField entry during updateFrom(): optionsManagerViewed=null
[12:51:15] [Render thread/INFO] [WaypointHandler] Resetting Waypoints and Groups.
[12:51:15] [Render thread/INFO] [WaypointStore] Loaded 0 waypoints from disk.
[12:51:15] [Render thread/INFO] [WaypointGroupStore] Loaded 4 waypoint groups from disk.
[12:51:15] [Render thread/INFO] [LegacyWaypointFileMigrator] 0 Legacy waypoints found that need to be migrated and backed up.
[12:51:15] [Render thread/INFO] [ColorPalette] Color palette file generated for 0 blockstates in 1ms for: C:\Users\Admin\AppData\Roaming\.minecraft\versions\Mod Fabric 1.21.1\journeymap\colorpalette.json
[12:51:15] [Render thread/INFO] [ColorPalette] Color palette file generated for 0 blockstates in 1ms for: C:\Users\Admin\AppData\Roaming\.minecraft\versions\Mod Fabric 1.21.1\journeymap\data\sp\New World\colorpalette.json
[12:51:15] [Render thread/INFO] [JourneymapClient] Mapping started in C:\Users\Admin\AppData\Roaming\.minecraft\versions\Mod Fabric 1.21.1\journeymap\data\sp\New World\overworld. Memory: 1824MB total, 409MB free 
[12:57:32] [Netty Local Client IO #1/INFO] [TextureCache] [JourneyMap]: Purging Theme Images
[12:57:32] [Netty Local Client IO #1/INFO] [TextureCache] [JourneyMap]: Purging Region Images
[12:57:32] [Netty Local Client IO #1/INFO] [TextureCache] [JourneyMap]: Purging Mob Icon Images
[12:57:32] [Render thread/INFO] [JourneymapClient] Mapping halted in C:\Users\Admin\AppData\Roaming\.minecraft\versions\Mod Fabric 1.21.1\journeymap\data\mp\offline\minecraft:overworld
[12:57:37] [Render thread/WARN] [PropertiesBase] core (Initialized) Bad configField entry during updateFrom(): optionsManagerViewed=null
[12:57:37] [Render thread/INFO] [WaypointHandler] Resetting Waypoints and Groups.
[12:57:37] [Render thread/INFO] [WaypointStore] Loaded 2 waypoints from disk.
[12:57:37] [Render thread/INFO] [WaypointGroupStore] Loaded 4 waypoint groups from disk.
[12:57:37] [Render thread/INFO] [LegacyWaypointFileMigrator] 0 Legacy waypoints found that need to be migrated and backed up.
[12:57:37] [Render thread/INFO] [ColorPalette] Color palette file generated for 0 blockstates in 1ms for: C:\Users\Admin\AppData\Roaming\.minecraft\versions\Mod Fabric 1.21.1\journeymap\colorpalette.json
[12:57:37] [Render thread/INFO] [ColorPalette] Color palette file generated for 0 blockstates in 0ms for: C:\Users\Admin\AppData\Roaming\.minecraft\versions\Mod Fabric 1.21.1\journeymap\data\sp\LolMaic\colorpalette.json
[12:57:37] [Render thread/INFO] [JourneymapClient] Mapping started in C:\Users\Admin\AppData\Roaming\.minecraft\versions\Mod Fabric 1.21.1\journeymap\data\sp\LolMaic\overworld. Memory: 1824MB total, 972MB free 
[12:58:44] [Render thread/INFO] [JourneymapClient] Mapping halted in C:\Users\Admin\AppData\Roaming\.minecraft\versions\Mod Fabric 1.21.1\journeymap\data\sp\LolMaic\minecraft:overworld
[12:58:45] [Render thread/WARN] [PropertiesBase] core (Initialized) Bad configField entry during updateFrom(): optionsManagerViewed=null
[12:58:45] [Render thread/INFO] [WaypointHandler] Resetting Waypoints and Groups.
[12:58:45] [Render thread/INFO] [WaypointStore] Loaded 2 waypoints from disk.
[12:58:45] [Render thread/INFO] [WaypointGroupStore] Loaded 4 waypoint groups from disk.
[12:58:45] [Render thread/INFO] [LegacyWaypointFileMigrator] 0 Legacy waypoints found that need to be migrated and backed up.
[12:58:45] [Render thread/INFO] [ColorPalette] Color palette file generated for 0 blockstates in 1ms for: C:\Users\Admin\AppData\Roaming\.minecraft\versions\Mod Fabric 1.21.1\journeymap\colorpalette.json
[12:58:45] [Render thread/INFO] [ColorPalette] Color palette file generated for 0 blockstates in 0ms for: C:\Users\Admin\AppData\Roaming\.minecraft\versions\Mod Fabric 1.21.1\journeymap\data\sp\LolMaic\colorpalette.json
[12:58:45] [Render thread/INFO] [JourneymapClient] Mapping started in C:\Users\Admin\AppData\Roaming\.minecraft\versions\Mod Fabric 1.21.1\journeymap\data\sp\LolMaic\the_nether. Memory: 1824MB total, 569MB free 
[13:10:12] [Render thread/INFO] [ClientWaypointDAO] Saving WaypointData.dat async:true
[13:10:22] [Render thread/INFO] [ClientWaypointDAO] Saving WaypointData.dat async:true
[13:12:08] [Netty Local Client IO #2/INFO] [TextureCache] [JourneyMap]: Purging Theme Images
[13:12:08] [Netty Local Client IO #2/INFO] [TextureCache] [JourneyMap]: Purging Region Images
[13:12:08] [Netty Local Client IO #2/INFO] [TextureCache] [JourneyMap]: Purging Mob Icon Images
[13:12:08] [Render thread/INFO] [JourneymapClient] Mapping halted in C:\Users\Admin\AppData\Roaming\.minecraft\versions\Mod Fabric 1.21.1\journeymap\data\mp\offline\minecraft:the_nether
[13:29:42] [Render thread/WARN] [PropertiesBase] core (Initialized) Bad configField entry during updateFrom(): optionsManagerViewed=null
[13:29:42] [Render thread/INFO] [WaypointHandler] Resetting Waypoints and Groups.
[13:29:42] [Render thread/INFO] [WaypointStore] Loaded 3 waypoints from disk.
[13:29:42] [Render thread/INFO] [WaypointGroupStore] Loaded 4 waypoint groups from disk.
[13:29:42] [Render thread/INFO] [LegacyWaypointFileMigrator] 0 Legacy waypoints found that need to be migrated and backed up.
[13:29:42] [Render thread/INFO] [ColorPalette] Color palette file generated for 0 blockstates in 1ms for: C:\Users\Admin\AppData\Roaming\.minecraft\versions\Mod Fabric 1.21.1\journeymap\colorpalette.json
[13:29:42] [Render thread/INFO] [ColorPalette] Color palette file generated for 0 blockstates in 0ms for: C:\Users\Admin\AppData\Roaming\.minecraft\versions\Mod Fabric 1.21.1\journeymap\data\sp\LolMaic\colorpalette.json
[13:29:42] [Render thread/INFO] [JourneymapClient] Mapping started in C:\Users\Admin\AppData\Roaming\.minecraft\versions\Mod Fabric 1.21.1\journeymap\data\sp\LolMaic\the_nether. Memory: 1824MB total, 699MB free 
[13:30:24] [Render thread/INFO] [ColorPalette] Color palette file generated for 0 blockstates in 0ms for: Default Palette
[13:33:43] [Render thread/INFO] [ColorPalette] Color palette file generated for 0 blockstates in 0ms for: Default Palette
[13:35:43] [Render thread/INFO] [DeathPointHandler] HieuBeta died at class_2338{x=436, y=59, z=-982}. Deathpoints enabled: true. Deathpoint created: true
[13:35:43] [Render thread/WARN] [StatTimer] MiniMap2.Rectangle is not running.
[13:35:43] [Render thread/WARN] [StatTimer] MiniMap2.Rectangle is not running.
[13:35:43] [Render thread/WARN] [StatTimer] MiniMap2.Rectangle is not running.
[13:35:43] [Render thread/WARN] [StatTimer] MiniMap2.Rectangle is not running.
[13:35:43] [Render thread/WARN] [StatTimer] MiniMap2.Rectangle is not running.
[13:35:43] [Render thread/WARN] [StatTimer] MiniMap2.Rectangle is not running.
[13:35:43] [Render thread/WARN] [StatTimer] MiniMap2.Rectangle is not running.
[13:35:43] [Render thread/WARN] [StatTimer] MiniMap2.Rectangle is not running.
[13:35:43] [Render thread/WARN] [StatTimer] MiniMap2.Rectangle is not running.
[13:35:43] [Render thread/WARN] [StatTimer] MiniMap2.Rectangle is not running.
[13:35:43] [Render thread/WARN] [StatTimer] MiniMap2.Rectangle is not running.
[13:35:43] [Render thread/WARN] [StatTimer] MiniMap2.Rectangle is not running.
[13:35:43] [Render thread/WARN] [StatTimer] MiniMap2.Rectangle is not running.
[13:35:43] [Render thread/WARN] [StatTimer] MiniMap2.Rectangle is not running.
[13:35:43] [Render thread/WARN] [StatTimer] MiniMap2.Rectangle is not running.
[13:35:43] [Render thread/WARN] [StatTimer] MiniMap2.Rectangle is not running.
[13:35:43] [Render thread/WARN] [StatTimer] MiniMap2.Rectangle is not running.
[13:35:43] [Render thread/WARN] [StatTimer] MiniMap2.Rectangle is not running.
[13:35:43] [Render thread/WARN] [StatTimer] MiniMap2.Rectangle is not running.
[13:35:43] [Render thread/WARN] [StatTimer] MiniMap2.Rectangle is not running.
[13:35:43] [Render thread/WARN] [StatTimer] MiniMap2.Rectangle is not running.
[13:35:43] [Render thread/WARN] [StatTimer] MiniMap2.Rectangle is not running.
[13:35:43] [Render thread/WARN] [StatTimer] MiniMap2.Rectangle is not running.
[13:35:43] [Render thread/WARN] [StatTimer] MiniMap2.Rectangle is not running.
[13:35:43] [Render thread/WARN] [StatTimer] MiniMap2.Rectangle is not running.
[13:35:43] [Render thread/WARN] [StatTimer] MiniMap2.Rectangle is not running.
[13:35:43] [Render thread/WARN] [StatTimer] MiniMap2.Rectangle is not running.
[13:35:43] [Render thread/WARN] [StatTimer] MiniMap2.Rectangle is not running.
[13:35:43] [Render thread/WARN] [StatTimer] MiniMap2.Rectangle is not running.
[13:35:43] [Render thread/WARN] [StatTimer] MiniMap2.Rectangle is not running.
[13:35:43] [Render thread/WARN] [StatTimer] MiniMap2.Rectangle is not running.
[13:35:43] [Render thread/WARN] [StatTimer] MiniMap2.Rectangle is not running.
[13:35:43] [Render thread/WARN] [StatTimer] MiniMap2.Rectangle is not running.
[13:35:43] [Render thread/WARN] [StatTimer] MiniMap2.Rectangle is not running.
[13:35:43] [Render thread/WARN] [StatTimer] MiniMap2.Rectangle is not running.
[13:35:43] [Render thread/WARN] [StatTimer] MiniMap2.Rectangle is not running.
[13:35:43] [Render thread/WARN] [StatTimer] MiniMap2.Rectangle is not running.
[13:35:43] [Render thread/WARN] [StatTimer] MiniMap2.Rectangle is not running.
[13:35:43] [Render thread/WARN] [StatTimer] MiniMap2.Rectangle is not running.
[13:35:43] [Render thread/WARN] [StatTimer] MiniMap2.Rectangle is not running.
[13:35:43] [Render thread/WARN] [StatTimer] MiniMap2.Rectangle is not running.
[13:35:43] [Render thread/WARN] [StatTimer] MiniMap2.Rectangle is not running.
[13:35:43] [Render thread/WARN] [StatTimer] MiniMap2.Rectangle is not running.
[13:35:43] [Render thread/WARN] [StatTimer] MiniMap2.Rectangle is not running.
[13:35:43] [Render thread/WARN] [StatTimer] MiniMap2.Rectangle is not running.
[13:35:43] [Render thread/WARN] [StatTimer] MiniMap2.Rectangle is not running.
[13:35:43] [Render thread/WARN] [StatTimer] MiniMap2.Rectangle is not running.
[13:35:43] [Render thread/WARN] [StatTimer] MiniMap2.Rectangle is not running.
[13:35:43] [Render thread/WARN] [StatTimer] MiniMap2.Rectangle is not running.
[13:35:43] [Render thread/WARN] [StatTimer] MiniMap2.Rectangle is not running.
[13:35:43] [Render thread/WARN] [StatTimer] MiniMap2.Rectangle is not running.
[13:35:43] [Render thread/WARN] [StatTimer] MiniMap2.Rectangle is not running.
[13:35:43] [Render thread/WARN] [StatTimer] MiniMap2.Rectangle is not running.
[13:35:43] [Render thread/WARN] [StatTimer] MiniMap2.Rectangle is not running.
[13:35:43] [Render thread/WARN] [StatTimer] MiniMap2.Rectangle is not running.
[13:35:43] [Render thread/WARN] [StatTimer] MiniMap2.Rectangle is not running.
[13:35:43] [Render thread/WARN] [StatTimer] MiniMap2.Rectangle is not running.
[13:35:43] [Render thread/WARN] [StatTimer] MiniMap2.Rectangle is not running.
[13:35:43] [Render thread/WARN] [StatTimer] MiniMap2.Rectangle is not running.
[13:35:43] [Render thread/WARN] [StatTimer] MiniMap2.Rectangle is not running.
[13:35:43] [Render thread/WARN] [StatTimer] MiniMap2.Rectangle is not running.
[13:35:43] [Render thread/WARN] [StatTimer] MiniMap2.Rectangle is not running.
[13:35:43] [Render thread/WARN] [StatTimer] MiniMap2.Rectangle is not running.
[13:35:43] [Render thread/WARN] [StatTimer] MiniMap2.Rectangle is not running.
[13:35:43] [Render thread/WARN] [StatTimer] MiniMap2.Rectangle is not running.
[13:35:43] [Render thread/WARN] [StatTimer] MiniMap2.Rectangle is not running.
[13:35:43] [Render thread/WARN] [StatTimer] MiniMap2.Rectangle is not running.
[13:35:43] [Render thread/WARN] [StatTimer] MiniMap2.Rectangle is not running.
[13:35:43] [Render thread/WARN] [StatTimer] MiniMap2.Rectangle is not running.
[13:35:43] [Render thread/WARN] [StatTimer] MiniMap2.Rectangle is not running.
[13:35:43] [Render thread/WARN] [StatTimer] MiniMap2.Rectangle is not running.
[13:35:44] [Render thread/WARN] [StatTimer] MiniMap2.Rectangle is not running.
[13:35:44] [Render thread/WARN] [StatTimer] MiniMap2.Rectangle is not running.
[13:35:44] [Render thread/WARN] [StatTimer] MiniMap2.Rectangle is not running.
[13:35:44] [Render thread/WARN] [StatTimer] MiniMap2.Rectangle is not running.
[13:35:44] [Render thread/WARN] [StatTimer] MiniMap2.Rectangle is not running.
[13:35:44] [Render thread/WARN] [StatTimer] MiniMap2.Rectangle is not running.
[13:35:44] [Render thread/WARN] [StatTimer] MiniMap2.Rectangle is not running.
[13:35:44] [Render thread/WARN] [StatTimer] MiniMap2.Rectangle is not running.
[13:35:44] [Render thread/WARN] [StatTimer] MiniMap2.Rectangle is not running.
[13:35:44] [Render thread/WARN] [StatTimer] MiniMap2.Rectangle is not running.
[13:35:44] [Render thread/WARN] [StatTimer] MiniMap2.Rectangle is not running.
[13:35:44] [Render thread/WARN] [StatTimer] MiniMap2.Rectangle is not running.
[13:35:44] [Render thread/WARN] [StatTimer] MiniMap2.Rectangle is not running.
[13:35:44] [Render thread/WARN] [StatTimer] MiniMap2.Rectangle is not running.
[13:35:44] [Render thread/WARN] [StatTimer] MiniMap2.Rectangle is not running.
[13:35:44] [Render thread/WARN] [StatTimer] MiniMap2.Rectangle is not running.
[13:35:44] [Render thread/WARN] [StatTimer] MiniMap2.Rectangle is not running.
[13:35:44] [Render thread/WARN] [StatTimer] MiniMap2.Rectangle is not running.
[13:35:44] [Render thread/WARN] [StatTimer] MiniMap2.Rectangle is not running.
[13:35:44] [Render thread/WARN] [StatTimer] MiniMap2.Rectangle is not running.
[13:35:44] [Render thread/WARN] [StatTimer] MiniMap2.Rectangle is not running.
[13:35:44] [Render thread/WARN] [StatTimer] MiniMap2.Rectangle is not running.
[13:35:44] [Render thread/WARN] [StatTimer] MiniMap2.Rectangle is not running.
[13:35:44] [Render thread/WARN] [StatTimer] MiniMap2.Rectangle is not running.
[13:35:44] [Render thread/WARN] [StatTimer] MiniMap2.Rectangle is not running.
[13:35:44] [Render thread/WARN] [StatTimer] MiniMap2.Rectangle is not running.
[13:35:44] [Render thread/WARN] [StatTimer] MiniMap2.Rectangle is not running.
[13:35:44] [Render thread/WARN] [StatTimer] MiniMap2.Rectangle is not running.
[13:35:44] [Render thread/WARN] [StatTimer] MiniMap2.Rectangle is not running.
[13:35:44] [Render thread/WARN] [StatTimer] MiniMap2.Rectangle is not running.
[13:35:44] [Render thread/WARN] [StatTimer] MiniMap2.Rectangle is not running.
[13:35:44] [Render thread/WARN] [StatTimer] MiniMap2.Rectangle is not running.
[13:35:44] [Render thread/WARN] [StatTimer] MiniMap2.Rectangle is not running.
[13:35:44] [Render thread/WARN] [StatTimer] MiniMap2.Rectangle is not running.
[13:35:44] [Render thread/WARN] [StatTimer] MiniMap2.Rectangle is not running.
[13:35:44] [Render thread/WARN] [StatTimer] MiniMap2.Rectangle is not running.
[13:35:44] [Render thread/WARN] [StatTimer] MiniMap2.Rectangle is not running.
[13:35:44] [Render thread/WARN] [StatTimer] MiniMap2.Rectangle is not running.
[13:35:44] [Render thread/WARN] [StatTimer] MiniMap2.Rectangle is not running.
[13:35:44] [Render thread/WARN] [StatTimer] MiniMap2.Rectangle is not running.
[13:35:44] [Render thread/WARN] [StatTimer] MiniMap2.Rectangle is not running.
[13:35:44] [Render thread/WARN] [StatTimer] MiniMap2.Rectangle is not running.
[13:35:44] [Render thread/WARN] [StatTimer] MiniMap2.Rectangle is not running.
[13:35:44] [Render thread/WARN] [StatTimer] MiniMap2.Rectangle is not running.
[13:35:44] [Render thread/WARN] [StatTimer] MiniMap2.Rectangle is not running.
[13:35:44] [Render thread/WARN] [StatTimer] MiniMap2.Rectangle is not running.
[13:35:44] [Render thread/WARN] [StatTimer] MiniMap2.Rectangle is not running.
[13:35:44] [Render thread/WARN] [StatTimer] MiniMap2.Rectangle is not running.
[13:35:44] [Render thread/WARN] [StatTimer] MiniMap2.Rectangle is not running.
[13:35:44] [Render thread/WARN] [StatTimer] MiniMap2.Rectangle is not running.
[13:35:44] [Render thread/WARN] [StatTimer] MiniMap2.Rectangle is not running.
[13:35:44] [Render thread/WARN] [StatTimer] MiniMap2.Rectangle is not running.
[13:35:44] [Render thread/WARN] [StatTimer] MiniMap2.Rectangle is not running.
[13:35:44] [Render thread/WARN] [StatTimer] MiniMap2.Rectangle is not running.
[13:35:44] [Render thread/WARN] [StatTimer] MiniMap2.Rectangle is not running.
[13:35:44] [Render thread/WARN] [StatTimer] MiniMap2.Rectangle is not running.
[13:35:44] [Render thread/WARN] [StatTimer] MiniMap2.Rectangle is not running.
[13:35:44] [Render thread/WARN] [StatTimer] MiniMap2.Rectangle is not running.
[13:35:44] [Render thread/WARN] [StatTimer] MiniMap2.Rectangle is not running.
[13:35:44] [Render thread/WARN] [StatTimer] MiniMap2.Rectangle is not running.
[13:35:44] [Render thread/WARN] [StatTimer] MiniMap2.Rectangle is not running.
[13:35:44] [Render thread/WARN] [StatTimer] MiniMap2.Rectangle is not running.
[13:35:44] [Render thread/WARN] [StatTimer] MiniMap2.Rectangle is not running.
[13:35:44] [Render thread/WARN] [StatTimer] MiniMap2.Rectangle is not running.
[13:35:44] [Render thread/WARN] [StatTimer] MiniMap2.Rectangle is not running.
[13:35:44] [Render thread/WARN] [StatTimer] MiniMap2.Rectangle is not running.
[13:35:44] [Render thread/WARN] [StatTimer] MiniMap2.Rectangle is not running.
[13:35:44] [Render thread/WARN] [StatTimer] MiniMap2.Rectangle is not running.
[13:35:44] [Render thread/WARN] [StatTimer] MiniMap2.Rectangle is not running.
[13:35:44] [Render thread/WARN] [StatTimer] MiniMap2.Rectangle is not running.
[13:35:44] [Render thread/WARN] [StatTimer] MiniMap2.Rectangle is not running.
[13:35:44] [Render thread/WARN] [StatTimer] MiniMap2.Rectangle is not running.
[13:35:44] [Render thread/WARN] [StatTimer] MiniMap2.Rectangle is not running.
[13:35:44] [Render thread/WARN] [StatTimer] MiniMap2.Rectangle is not running.
[13:35:44] [Render thread/WARN] [StatTimer] MiniMap2.Rectangle is not running.
[13:35:44] [Render thread/WARN] [StatTimer] MiniMap2.Rectangle is not running.
[13:35:44] [Render thread/WARN] [StatTimer] MiniMap2.Rectangle is not running.
[13:35:44] [Render thread/WARN] [StatTimer] MiniMap2.Rectangle is not running.
[13:35:44] [Render thread/WARN] [StatTimer] MiniMap2.Rectangle is not running.
[13:35:44] [Render thread/WARN] [StatTimer] MiniMap2.Rectangle is not running.
[13:35:44] [Render thread/WARN] [StatTimer] MiniMap2.Rectangle is not running.
[13:35:44] [Render thread/WARN] [StatTimer] MiniMap2.Rectangle is not running.
[13:35:44] [Render thread/WARN] [StatTimer] MiniMap2.Rectangle is not running.
[13:35:44] [Render thread/WARN] [StatTimer] MiniMap2.Rectangle is not running.
[13:35:44] [Render thread/WARN] [StatTimer] MiniMap2.Rectangle is not running.
[13:35:44] [Render thread/WARN] [StatTimer] MiniMap2.Rectangle is not running.
[13:35:44] [Render thread/WARN] [StatTimer] MiniMap2.Rectangle is not running.
[13:35:44] [Render thread/WARN] [StatTimer] MiniMap2.Rectangle is not running.
[13:35:44] [Render thread/WARN] [StatTimer] MiniMap2.Rectangle is not running.
[13:35:44] [Render thread/WARN] [StatTimer] MiniMap2.Rectangle is not running.
[13:35:44] [Render thread/WARN] [StatTimer] MiniMap2.Rectangle is not running.
[13:35:44] [Render thread/WARN] [StatTimer] MiniMap2.Rectangle is not running.
[13:35:44] [Render thread/WARN] [StatTimer] MiniMap2.Rectangle is not running.
[13:35:44] [Render thread/WARN] [StatTimer] MiniMap2.Rectangle is not running.
[13:35:44] [Render thread/WARN] [StatTimer] MiniMap2.Rectangle is not running.
[13:35:44] [Render thread/WARN] [StatTimer] MiniMap2.Rectangle is not running.
[13:35:44] [Render thread/WARN] [StatTimer] MiniMap2.Rectangle is not running.
[13:35:44] [Render thread/WARN] [StatTimer] MiniMap2.Rectangle is not running.
[13:35:44] [Render thread/WARN] [StatTimer] MiniMap2.Rectangle is not running.
[13:35:44] [Render thread/WARN] [StatTimer] MiniMap2.Rectangle is not running.
[13:35:44] [Render thread/WARN] [StatTimer] MiniMap2.Rectangle is not running.
[13:35:44] [Render thread/WARN] [StatTimer] MiniMap2.Rectangle is not running.
[13:35:44] [Render thread/WARN] [StatTimer] MiniMap2.Rectangle is not running.
[13:35:44] [Render thread/WARN] [StatTimer] MiniMap2.Rectangle is not running.
[13:35:44] [Render thread/WARN] [StatTimer] MiniMap2.Rectangle is not running.
[13:35:44] [Render thread/WARN] [StatTimer] MiniMap2.Rectangle is not running.
[13:35:44] [Render thread/WARN] [StatTimer] MiniMap2.Rectangle is not running.
[13:35:44] [Render thread/WARN] [StatTimer] MiniMap2.Rectangle is not running.
[13:35:44] [Render thread/WARN] [StatTimer] MiniMap2.Rectangle is not running.
[13:35:44] [Render thread/WARN] [StatTimer] MiniMap2.Rectangle is not running.
[13:35:44] [Render thread/WARN] [StatTimer] MiniMap2.Rectangle is not running.
[13:35:44] [Render thread/WARN] [StatTimer] MiniMap2.Rectangle is not running.
[13:35:44] [Render thread/WARN] [StatTimer] MiniMap2.Rectangle is not running.
[13:35:44] [Render thread/WARN] [StatTimer] MiniMap2.Rectangle is not running.
[13:35:44] [Render thread/WARN] [StatTimer] MiniMap2.Rectangle is not running.
[13:35:44] [Render thread/WARN] [StatTimer] MiniMap2.Rectangle is not running.
[13:35:44] [Render thread/WARN] [StatTimer] MiniMap2.Rectangle is not running.
[13:35:44] [Render thread/WARN] [StatTimer] MiniMap2.Rectangle is not running.
[13:35:44] [Render thread/WARN] [StatTimer] MiniMap2.Rectangle is not running.
[13:35:44] [Render thread/WARN] [StatTimer] MiniMap2.Rectangle is not running.
[13:35:44] [Render thread/WARN] [StatTimer] MiniMap2.Rectangle is not running.
[13:35:44] [Render thread/WARN] [StatTimer] MiniMap2.Rectangle is not running.
[13:35:44] [Render thread/WARN] [StatTimer] MiniMap2.Rectangle is not running.
[13:35:44] [Render thread/WARN] [StatTimer] MiniMap2.Rectangle is not running.
[13:35:44] [Render thread/WARN] [StatTimer] MiniMap2.Rectangle is not running.
[13:35:44] [Render thread/WARN] [StatTimer] MiniMap2.Rectangle is not running.
[13:35:44] [Render thread/WARN] [StatTimer] MiniMap2.Rectangle is not running.
[13:35:44] [Render thread/WARN] [StatTimer] MiniMap2.Rectangle is not running.
[13:35:44] [Render thread/WARN] [StatTimer] MiniMap2.Rectangle is not running.
[13:35:44] [Render thread/WARN] [StatTimer] MiniMap2.Rectangle is not running.
[13:35:44] [Render thread/WARN] [StatTimer] MiniMap2.Rectangle is not running.
[13:35:44] [Render thread/WARN] [StatTimer] MiniMap2.Rectangle is not running.
[13:35:44] [Render thread/WARN] [StatTimer] MiniMap2.Rectangle is not running.
[13:35:44] [Render thread/WARN] [StatTimer] MiniMap2.Rectangle is not running.
[13:35:44] [Render thread/WARN] [StatTimer] MiniMap2.Rectangle is not running.
[13:35:44] [Render thread/WARN] [StatTimer] MiniMap2.Rectangle is not running.
[13:35:44] [Render thread/WARN] [StatTimer] MiniMap2.Rectangle is not running.
[13:35:44] [Render thread/WARN] [StatTimer] MiniMap2.Rectangle is not running.
[13:35:44] [Render thread/WARN] [StatTimer] MiniMap2.Rectangle is not running.
[13:35:44] [Render thread/WARN] [StatTimer] MiniMap2.Rectangle is not running.
[13:35:44] [Render thread/WARN] [StatTimer] MiniMap2.Rectangle is not running.
[13:35:44] [Render thread/WARN] [StatTimer] MiniMap2.Rectangle is not running.
[13:35:44] [Render thread/WARN] [StatTimer] MiniMap2.Rectangle is not running.
[13:35:44] [Render thread/WARN] [StatTimer] MiniMap2.Rectangle is not running.
[13:35:44] [Render thread/WARN] [StatTimer] MiniMap2.Rectangle is not running.
[13:35:44] [Render thread/WARN] [StatTimer] MiniMap2.Rectangle is not running.
[13:35:44] [Render thread/WARN] [StatTimer] MiniMap2.Rectangle is not running.
[13:35:44] [Render thread/WARN] [StatTimer] MiniMap2.Rectangle is not running.
[13:35:44] [Render thread/WARN] [StatTimer] MiniMap2.Rectangle is not running.
[13:35:44] [Render thread/WARN] [StatTimer] MiniMap2.Rectangle is not running.
[13:35:44] [Render thread/WARN] [StatTimer] MiniMap2.Rectangle is not running.
[13:35:44] [Render thread/WARN] [StatTimer] MiniMap2.Rectangle is not running.
[13:35:44] [Render thread/WARN] [StatTimer] MiniMap2.Rectangle is not running.
[13:35:44] [Render thread/WARN] [StatTimer] MiniMap2.Rectangle is not running.
[13:35:44] [Render thread/WARN] [StatTimer] MiniMap2.Rectangle is not running.
[13:35:44] [Render thread/WARN] [StatTimer] MiniMap2.Rectangle is not running.
[13:35:44] [Render thread/WARN] [StatTimer] MiniMap2.Rectangle is not running.
[13:35:44] [Render thread/WARN] [StatTimer] MiniMap2.Rectangle is not running.
[13:35:44] [Render thread/WARN] [StatTimer] MiniMap2.Rectangle is not running.
[13:35:44] [Render thread/WARN] [StatTimer] MiniMap2.Rectangle is not running.
[13:35:44] [Render thread/WARN] [StatTimer] MiniMap2.Rectangle is not running.
[13:35:44] [Render thread/WARN] [StatTimer] MiniMap2.Rectangle is not running.
[13:35:44] [Render thread/WARN] [StatTimer] MiniMap2.Rectangle is not running.
[13:35:44] [Render thread/WARN] [StatTimer] MiniMap2.Rectangle is not running.
[13:35:44] [Render thread/WARN] [StatTimer] MiniMap2.Rectangle is not running.
[13:35:44] [Render thread/WARN] [StatTimer] MiniMap2.Rectangle is not running.
[13:35:44] [Render thread/WARN] [StatTimer] MiniMap2.Rectangle is not running.
[13:35:44] [Render thread/WARN] [StatTimer] MiniMap2.Rectangle is not running.
[13:35:44] [Render thread/WARN] [StatTimer] MiniMap2.Rectangle is not running.
[13:35:44] [Render thread/WARN] [StatTimer] MiniMap2.Rectangle is not running.
[13:35:44] [Render thread/WARN] [StatTimer] MiniMap2.Rectangle is not running.
[13:35:44] [Render thread/WARN] [StatTimer] MiniMap2.Rectangle is not running.
[13:35:44] [Render thread/WARN] [StatTimer] MiniMap2.Rectangle is not running.
[13:35:44] [Render thread/WARN] [StatTimer] MiniMap2.Rectangle is not running.
[13:35:44] [Render thread/WARN] [StatTimer] MiniMap2.Rectangle is not running.
[13:35:44] [Render thread/WARN] [StatTimer] MiniMap2.Rectangle is not running.
[13:35:44] [Render thread/WARN] [StatTimer] MiniMap2.Rectangle is not running.
[13:35:44] [Render thread/WARN] [StatTimer] MiniMap2.Rectangle is not running.
[13:35:44] [Render thread/WARN] [StatTimer] MiniMap2.Rectangle is not running.
[13:35:44] [Render thread/WARN] [StatTimer] MiniMap2.Rectangle is not running.
[13:35:44] [Render thread/WARN] [StatTimer] MiniMap2.Rectangle is not running.
[13:35:44] [Render thread/WARN] [StatTimer] MiniMap2.Rectangle is not running.
[13:35:44] [Render thread/WARN] [StatTimer] MiniMap2.Rectangle is not running.
[13:35:44] [Render thread/WARN] [StatTimer] MiniMap2.Rectangle is not running.
[13:35:44] [Render thread/WARN] [StatTimer] MiniMap2.Rectangle is not running.
[13:35:44] [Render thread/WARN] [StatTimer] MiniMap2.Rectangle is not running.
[13:35:44] [Render thread/WARN] [StatTimer] MiniMap2.Rectangle is not running.
[13:35:44] [Render thread/WARN] [StatTimer] MiniMap2.Rectangle is not running.
[13:35:44] [Render thread/WARN] [StatTimer] MiniMap2.Rectangle is not running.
[13:35:44] [Render thread/WARN] [StatTimer] MiniMap2.Rectangle is not running.
[13:35:44] [Render thread/WARN] [StatTimer] MiniMap2.Rectangle is not running.
[13:35:44] [Render thread/WARN] [StatTimer] MiniMap2.Rectangle is not running.
[13:35:44] [Render thread/WARN] [StatTimer] MiniMap2.Rectangle is not running.
[13:35:44] [Render thread/WARN] [StatTimer] MiniMap2.Rectangle is not running.
[13:35:44] [Render thread/WARN] [StatTimer] MiniMap2.Rectangle is not running.
[13:35:44] [Render thread/WARN] [StatTimer] MiniMap2.Rectangle is not running.
[13:35:44] [Render thread/WARN] [StatTimer] MiniMap2.Rectangle is not running.
[13:35:44] [Render thread/WARN] [StatTimer] MiniMap2.Rectangle is not running.
[13:35:44] [Render thread/WARN] [StatTimer] MiniMap2.Rectangle is not running.
[13:35:44] [Render thread/WARN] [StatTimer] MiniMap2.Rectangle is not running.
[13:35:44] [Render thread/WARN] [StatTimer] MiniMap2.Rectangle is not running.
[13:35:44] [Render thread/WARN] [StatTimer] MiniMap2.Rectangle is not running.
[13:35:44] [Render thread/WARN] [StatTimer] MiniMap2.Rectangle is not running.
[13:35:44] [Render thread/WARN] [StatTimer] MiniMap2.Rectangle is not running.
[13:35:44] [Render thread/WARN] [StatTimer] MiniMap2.Rectangle is not running.
[13:35:44] [Render thread/WARN] [StatTimer] MiniMap2.Rectangle is not running.
[13:35:44] [Render thread/WARN] [StatTimer] MiniMap2.Rectangle is not running.
[13:35:44] [Render thread/WARN] [StatTimer] MiniMap2.Rectangle is not running.
[13:35:44] [Render thread/WARN] [StatTimer] MiniMap2.Rectangle is not running.
[13:35:44] [Render thread/WARN] [StatTimer] MiniMap2.Rectangle is not running.
[13:35:44] [Render thread/WARN] [StatTimer] MiniMap2.Rectangle is not running.
[13:35:44] [Render thread/WARN] [StatTimer] MiniMap2.Rectangle is not running.
[13:35:44] [Render thread/WARN] [StatTimer] MiniMap2.Rectangle is not running.
[13:35:44] [Render thread/WARN] [StatTimer] MiniMap2.Rectangle is not running.
[13:35:44] [Render thread/WARN] [StatTimer] MiniMap2.Rectangle is not running.
[13:35:44] [Render thread/WARN] [StatTimer] MiniMap2.Rectangle is not running.
[13:35:44] [Render thread/WARN] [StatTimer] MiniMap2.Rectangle is not running.
[13:35:44] [Render thread/WARN] [StatTimer] MiniMap2.Rectangle is not running.
[13:35:44] [Render thread/WARN] [StatTimer] MiniMap2.Rectangle is not running.
[13:35:44] [Render thread/WARN] [StatTimer] MiniMap2.Rectangle is not running.
[13:35:44] [Render thread/WARN] [StatTimer] MiniMap2.Rectangle is not running.
[13:35:44] [Render thread/WARN] [StatTimer] MiniMap2.Rectangle is not running.
[13:35:44] [Render thread/WARN] [StatTimer] MiniMap2.Rectangle is not running.
[13:35:44] [Render thread/WARN] [StatTimer] MiniMap2.Rectangle is not running.
[13:35:44] [Render thread/WARN] [StatTimer] MiniMap2.Rectangle is not running.
[13:35:44] [Render thread/WARN] [StatTimer] MiniMap2.Rectangle is not running.
[13:35:44] [Render thread/WARN] [StatTimer] MiniMap2.Rectangle is not running.
[13:35:44] [Render thread/WARN] [StatTimer] MiniMap2.Rectangle is not running.
[13:35:44] [Render thread/WARN] [StatTimer] MiniMap2.Rectangle is not running.
[13:35:44] [Render thread/WARN] [StatTimer] MiniMap2.Rectangle is not running.
[13:35:44] [Render thread/WARN] [StatTimer] MiniMap2.Rectangle is not running.
[13:35:44] [Render thread/WARN] [StatTimer] MiniMap2.Rectangle is not running.
[13:35:44] [Render thread/WARN] [StatTimer] MiniMap2.Rectangle is not running.
[13:35:44] [Render thread/WARN] [StatTimer] MiniMap2.Rectangle is not running.
[13:35:44] [Render thread/WARN] [StatTimer] MiniMap2.Rectangle is not running.
[13:35:44] [Render thread/WARN] [StatTimer] MiniMap2.Rectangle is not running.
[13:35:44] [Render thread/WARN] [StatTimer] MiniMap2.Rectangle is not running.
[13:35:44] [Render thread/WARN] [StatTimer] MiniMap2.Rectangle is not running.
[13:35:44] [Render thread/WARN] [StatTimer] MiniMap2.Rectangle is not running.
[13:35:44] [Render thread/WARN] [StatTimer] MiniMap2.Rectangle is not running.
[13:35:44] [Render thread/WARN] [StatTimer] MiniMap2.Rectangle is not running.
[13:35:44] [Render thread/WARN] [StatTimer] MiniMap2.Rectangle is not running.
[13:35:44] [Render thread/WARN] [StatTimer] MiniMap2.Rectangle is not running.
[13:35:44] [Render thread/WARN] [StatTimer] MiniMap2.Rectangle is not running.
[13:35:44] [Render thread/WARN] [StatTimer] MiniMap2.Rectangle is not running.
[13:35:44] [Render thread/WARN] [StatTimer] MiniMap2.Rectangle is not running.
[13:35:44] [Render thread/WARN] [StatTimer] MiniMap2.Rectangle is not running.
[13:35:44] [Render thread/WARN] [StatTimer] MiniMap2.Rectangle is not running.
[13:35:44] [Render thread/WARN] [StatTimer] MiniMap2.Rectangle is not running.
[13:35:44] [Render thread/WARN] [StatTimer] MiniMap2.Rectangle is not running.
[13:35:44] [Render thread/WARN] [StatTimer] MiniMap2.Rectangle is not running.
[13:35:44] [Render thread/WARN] [StatTimer] MiniMap2.Rectangle is not running.
[13:35:44] [Render thread/WARN] [StatTimer] MiniMap2.Rectangle is not running.
[13:35:44] [Render thread/WARN] [StatTimer] MiniMap2.Rectangle is not running.
[13:35:44] [Render thread/WARN] [StatTimer] MiniMap2.Rectangle is not running.
[13:35:44] [Render thread/WARN] [StatTimer] MiniMap2.Rectangle is not running.
[13:35:44] [Render thread/WARN] [StatTimer] MiniMap2.Rectangle is not running.
[13:35:44] [Render thread/WARN] [StatTimer] MiniMap2.Rectangle is not running.
[13:35:44] [Render thread/WARN] [StatTimer] MiniMap2.Rectangle is not running.
[13:35:44] [Render thread/WARN] [StatTimer] MiniMap2.Rectangle is not running.
[13:35:44] [Render thread/WARN] [StatTimer] MiniMap2.Rectangle is not running.
[13:35:44] [Render thread/WARN] [StatTimer] MiniMap2.Rectangle is not running.
[13:35:44] [Render thread/WARN] [StatTimer] MiniMap2.Rectangle is not running.
[13:35:44] [Render thread/WARN] [StatTimer] MiniMap2.Rectangle is not running.
[13:35:44] [Render thread/WARN] [StatTimer] MiniMap2.Rectangle is not running.
[13:35:44] [Render thread/WARN] [StatTimer] MiniMap2.Rectangle is not running.
[13:35:44] [Render thread/WARN] [StatTimer] MiniMap2.Rectangle is not running.
[13:35:44] [Render thread/WARN] [StatTimer] MiniMap2.Rectangle is not running.
[13:35:44] [Render thread/WARN] [StatTimer] MiniMap2.Rectangle is not running.
[13:35:44] [Render thread/WARN] [StatTimer] MiniMap2.Rectangle is not running.
[13:35:44] [Render thread/WARN] [StatTimer] MiniMap2.Rectangle is not running.
[13:35:44] [Render thread/WARN] [StatTimer] MiniMap2.Rectangle is not running.
[13:35:44] [Render thread/WARN] [StatTimer] MiniMap2.Rectangle is not running.
[13:35:44] [Render thread/WARN] [StatTimer] MiniMap2.Rectangle is not running.
[13:35:44] [Render thread/WARN] [StatTimer] MiniMap2.Rectangle is not running.
[13:35:44] [Render thread/WARN] [StatTimer] MiniMap2.Rectangle is not running.
[13:35:44] [Render thread/WARN] [StatTimer] MiniMap2.Rectangle is not running.
[13:35:44] [Render thread/WARN] [StatTimer] MiniMap2.Rectangle is not running.
[13:35:44] [Render thread/WARN] [StatTimer] MiniMap2.Rectangle is not running.
[13:35:44] [Render thread/WARN] [StatTimer] MiniMap2.Rectangle is not running.
[13:35:44] [Render thread/WARN] [StatTimer] MiniMap2.Rectangle is not running.
[13:35:44] [Render thread/WARN] [StatTimer] MiniMap2.Rectangle is not running.
[13:35:44] [Render thread/WARN] [StatTimer] MiniMap2.Rectangle is not running.
[13:35:44] [Render thread/WARN] [StatTimer] MiniMap2.Rectangle is not running.
[13:35:44] [Render thread/WARN] [StatTimer] MiniMap2.Rectangle is not running.
[13:35:44] [Render thread/WARN] [StatTimer] MiniMap2.Rectangle is not running.
[13:35:44] [Render thread/WARN] [StatTimer] MiniMap2.Rectangle is not running.
[13:35:44] [Render thread/WARN] [StatTimer] MiniMap2.Rectangle is not running.
[13:35:44] [Render thread/WARN] [StatTimer] MiniMap2.Rectangle is not running.
[13:35:44] [Render thread/WARN] [StatTimer] MiniMap2.Rectangle is not running.
[13:35:44] [Render thread/WARN] [StatTimer] MiniMap2.Rectangle is not running.
[13:35:44] [Render thread/WARN] [StatTimer] MiniMap2.Rectangle is not running.
[13:35:44] [Render thread/WARN] [StatTimer] MiniMap2.Rectangle is not running.
[13:35:44] [Render thread/WARN] [StatTimer] MiniMap2.Rectangle is not running.
[13:35:44] [Render thread/WARN] [StatTimer] MiniMap2.Rectangle is not running.
[13:35:44] [Render thread/WARN] [StatTimer] MiniMap2.Rectangle is not running.
[13:35:45] [Render thread/WARN] [StatTimer] MiniMap2.Rectangle is not running.
[13:35:45] [Render thread/WARN] [StatTimer] MiniMap2.Rectangle is not running.
[13:35:45] [Render thread/WARN] [StatTimer] MiniMap2.Rectangle is not running.
[13:35:45] [Render thread/INFO] [JourneymapClient] Mapping halted in C:\Users\Admin\AppData\Roaming\.minecraft\versions\Mod Fabric 1.21.1\journeymap\data\sp\LolMaic\minecraft:the_nether
[13:35:45] [Render thread/WARN] [PropertiesBase] core (Initialized) Bad configField entry during updateFrom(): optionsManagerViewed=null
[13:35:45] [Render thread/INFO] [WaypointHandler] Resetting Waypoints and Groups.
[13:35:45] [Render thread/INFO] [WaypointStore] Loaded 3 waypoints from disk.
[13:35:45] [Render thread/INFO] [WaypointGroupStore] Loaded 4 waypoint groups from disk.
[13:35:45] [Render thread/INFO] [LegacyWaypointFileMigrator] 0 Legacy waypoints found that need to be migrated and backed up.
[13:35:45] [Render thread/INFO] [ColorPalette] Color palette file generated for 0 blockstates in 1ms for: C:\Users\Admin\AppData\Roaming\.minecraft\versions\Mod Fabric 1.21.1\journeymap\colorpalette.json
[13:35:45] [Render thread/INFO] [ColorPalette] Color palette file generated for 0 blockstates in 0ms for: C:\Users\Admin\AppData\Roaming\.minecraft\versions\Mod Fabric 1.21.1\journeymap\data\sp\LolMaic\colorpalette.json
[13:35:45] [Render thread/INFO] [JourneymapClient] Mapping started in C:\Users\Admin\AppData\Roaming\.minecraft\versions\Mod Fabric 1.21.1\journeymap\data\sp\LolMaic\overworld. Memory: 2368MB total, 690MB free 
[13:35:46] [Worker-Main-16/INFO] [ClientWaypointDAO] Saving WaypointData.dat async:true
[13:43:26] [Render thread/INFO] [ColorPalette] Color palette file generated for 0 blockstates in 0ms for: Default Palette
[13:44:19] [Render thread/INFO] [ColorPalette] Color palette file generated for 0 blockstates in 0ms for: Default Palette
[13:46:28] [Netty Local Client IO #3/INFO] [TextureCache] [JourneyMap]: Purging Theme Images
[13:46:28] [Netty Local Client IO #3/INFO] [TextureCache] [JourneyMap]: Purging Region Images
[13:46:28] [Netty Local Client IO #3/INFO] [TextureCache] [JourneyMap]: Purging Mob Icon Images
[13:46:28] [Render thread/INFO] [JourneymapClient] Mapping halted in C:\Users\Admin\AppData\Roaming\.minecraft\versions\Mod Fabric 1.21.1\journeymap\data\mp\offline\minecraft:overworld
